Classic Timing Analyzer report for JRSelector
Thu May 23 13:51:32 2019
Quartus II 64-Bit Version 7.2 Build 207 03/18/2008 Service Pack 3 SJ Full Version


---------------------
; Table of Contents ;
---------------------
  1. Legal Notice
  2. Timing Analyzer Summary
  3. Timing Analyzer Settings
  4. tpd
  5. Timing Analyzer Messages



----------------
; Legal Notice ;
----------------
Copyright (C) 1991-2007 Altera Corporation
Your use of Altera Corporation's design tools, logic functions 
and other software and tools, and its AMPP partner logic 
functions, and any output files from any of the foregoing 
(including device programming or simulation files), and any 
associated documentation or information are expressly subject 
to the terms and conditions of the Altera Program License 
Subscription Agreement, Altera MegaCore Function License 
Agreement, or other applicable license agreement, including, 
without limitation, that your use is for the sole purpose of 
programming logic devices manufactured by Altera and sold by 
Altera or its authorized distributors.  Please refer to the 
applicable agreement for further details.



+--------------------------------------------------------------------------------------------------------------------------------------+
; Timing Analyzer Summary                                                                                                              ;
+------------------------------+-------+---------------+-------------+-------------+------------+------------+----------+--------------+
; Type                         ; Slack ; Required Time ; Actual Time ; From        ; To         ; From Clock ; To Clock ; Failed Paths ;
+------------------------------+-------+---------------+-------------+-------------+------------+------------+----------+--------------+
; Worst-case tpd               ; N/A   ; None          ; 11.092 ns   ; JRopcode[1] ; result[12] ; --         ; --       ; 0            ;
; Total number of failed paths ;       ;               ;             ;             ;            ;            ;          ; 0            ;
+------------------------------+-------+---------------+-------------+-------------+------------+------------+----------+--------------+


+---------------------------------------------------------------------------------------------------------------+
; Timing Analyzer Settings                                                                                      ;
+----------------------------------------------------------------+--------------------+------+----+-------------+
; Option                                                         ; Setting            ; From ; To ; Entity Name ;
+----------------------------------------------------------------+--------------------+------+----+-------------+
; Device Name                                                    ; EP2C35F672C6       ;      ;    ;             ;
; Timing Models                                                  ; Final              ;      ;    ;             ;
; Default hold multicycle                                        ; Same as Multicycle ;      ;    ;             ;
; Cut paths between unrelated clock domains                      ; On                 ;      ;    ;             ;
; Cut off read during write signal paths                         ; On                 ;      ;    ;             ;
; Cut off feedback from I/O pins                                 ; On                 ;      ;    ;             ;
; Report Combined Fast/Slow Timing                               ; Off                ;      ;    ;             ;
; Ignore Clock Settings                                          ; Off                ;      ;    ;             ;
; Analyze latches as synchronous elements                        ; On                 ;      ;    ;             ;
; Enable Recovery/Removal analysis                               ; Off                ;      ;    ;             ;
; Enable Clock Latency                                           ; Off                ;      ;    ;             ;
; Use TimeQuest Timing Analyzer                                  ; Off                ;      ;    ;             ;
; Number of source nodes to report per destination node          ; 10                 ;      ;    ;             ;
; Number of destination nodes to report                          ; 10                 ;      ;    ;             ;
; Number of paths to report                                      ; 200                ;      ;    ;             ;
; Report Minimum Timing Checks                                   ; Off                ;      ;    ;             ;
; Use Fast Timing Models                                         ; Off                ;      ;    ;             ;
; Report IO Paths Separately                                     ; Off                ;      ;    ;             ;
; Perform Multicorner Analysis                                   ; On                 ;      ;    ;             ;
; Reports the worst-case path for each clock domain and analysis ; Off                ;      ;    ;             ;
+----------------------------------------------------------------+--------------------+------+----+-------------+


+-------------------------------------------------------------------------+
; tpd                                                                     ;
+-------+-------------------+-----------------+--------------+------------+
; Slack ; Required P2P Time ; Actual P2P Time ; From         ; To         ;
+-------+-------------------+-----------------+--------------+------------+
; N/A   ; None              ; 11.092 ns       ; JRopcode[1]  ; result[12] ;
; N/A   ; None              ; 11.083 ns       ; JRopcode[0]  ; result[12] ;
; N/A   ; None              ; 11.026 ns       ; JRopcode[1]  ; result[10] ;
; N/A   ; None              ; 11.025 ns       ; JRopcode[0]  ; result[10] ;
; N/A   ; None              ; 10.849 ns       ; JRopcode[1]  ; result[9]  ;
; N/A   ; None              ; 10.838 ns       ; JRopcode[1]  ; result[8]  ;
; N/A   ; None              ; 10.828 ns       ; JRopcode[0]  ; result[9]  ;
; N/A   ; None              ; 10.827 ns       ; JRopcode[1]  ; result[13] ;
; N/A   ; None              ; 10.826 ns       ; JRopcode[0]  ; result[8]  ;
; N/A   ; None              ; 10.823 ns       ; JRopcode[1]  ; result[11] ;
; N/A   ; None              ; 10.820 ns       ; JRopcode[0]  ; result[11] ;
; N/A   ; None              ; 10.815 ns       ; JRopcode[0]  ; result[13] ;
; N/A   ; None              ; 10.789 ns       ; JRopcode[0]  ; result[1]  ;
; N/A   ; None              ; 10.671 ns       ; JRopcode[0]  ; result[7]  ;
; N/A   ; None              ; 10.606 ns       ; JRopcode[0]  ; result[5]  ;
; N/A   ; None              ; 10.600 ns       ; jumpAD[11]   ; result[11] ;
; N/A   ; None              ; 10.595 ns       ; JRopcode[1]  ; result[15] ;
; N/A   ; None              ; 10.594 ns       ; JRopcode[1]  ; result[14] ;
; N/A   ; None              ; 10.590 ns       ; jumpAD[12]   ; result[12] ;
; N/A   ; None              ; 10.589 ns       ; JRopcode[0]  ; result[14] ;
; N/A   ; None              ; 10.576 ns       ; JRopcode[0]  ; result[15] ;
; N/A   ; None              ; 10.571 ns       ; jumpAD[8]    ; result[8]  ;
; N/A   ; None              ; 10.563 ns       ; JRopcode[0]  ; result[4]  ;
; N/A   ; None              ; 10.558 ns       ; JRopcode[0]  ; result[6]  ;
; N/A   ; None              ; 10.557 ns       ; jumpAD[14]   ; result[14] ;
; N/A   ; None              ; 10.552 ns       ; JRopcode[0]  ; result[3]  ;
; N/A   ; None              ; 10.530 ns       ; branchAd[10] ; result[10] ;
; N/A   ; None              ; 10.507 ns       ; branchAd[11] ; result[11] ;
; N/A   ; None              ; 10.498 ns       ; branchAd[8]  ; result[8]  ;
; N/A   ; None              ; 10.497 ns       ; PCP2AD[11]   ; result[11] ;
; N/A   ; None              ; 10.471 ns       ; JRopcode[0]  ; result[2]  ;
; N/A   ; None              ; 10.420 ns       ; PCP2AD[12]   ; result[12] ;
; N/A   ; None              ; 10.399 ns       ; PCP2AD[8]    ; result[8]  ;
; N/A   ; None              ; 10.363 ns       ; PCP2AD[13]   ; result[13] ;
; N/A   ; None              ; 10.333 ns       ; JRopcode[0]  ; result[0]  ;
; N/A   ; None              ; 10.284 ns       ; jumpAD[10]   ; result[10] ;
; N/A   ; None              ; 10.281 ns       ; branchAd[9]  ; result[9]  ;
; N/A   ; None              ; 10.271 ns       ; jumpAD[13]   ; result[13] ;
; N/A   ; None              ; 10.259 ns       ; jumpAD[7]    ; result[7]  ;
; N/A   ; None              ; 10.210 ns       ; branchAd[14] ; result[14] ;
; N/A   ; None              ; 10.167 ns       ; branchAd[6]  ; result[6]  ;
; N/A   ; None              ; 10.136 ns       ; PCP2AD[10]   ; result[10] ;
; N/A   ; None              ; 10.133 ns       ; PCP2AD[14]   ; result[14] ;
; N/A   ; None              ; 10.113 ns       ; JRopcode[1]  ; result[1]  ;
; N/A   ; None              ; 10.096 ns       ; JRopcode[1]  ; result[6]  ;
; N/A   ; None              ; 10.062 ns       ; jumpAD[9]    ; result[9]  ;
; N/A   ; None              ; 10.050 ns       ; jumpAD[5]    ; result[5]  ;
; N/A   ; None              ; 10.049 ns       ; branchAd[12] ; result[12] ;
; N/A   ; None              ; 10.022 ns       ; branchAd[4]  ; result[4]  ;
; N/A   ; None              ; 10.006 ns       ; JRopcode[1]  ; result[7]  ;
; N/A   ; None              ; 10.002 ns       ; branchAd[13] ; result[13] ;
; N/A   ; None              ; 9.976 ns        ; jumpAD[1]    ; result[1]  ;
; N/A   ; None              ; 9.951 ns        ; PCP2AD[9]    ; result[9]  ;
; N/A   ; None              ; 9.940 ns        ; branchAd[7]  ; result[7]  ;
; N/A   ; None              ; 9.934 ns        ; JRopcode[1]  ; result[0]  ;
; N/A   ; None              ; 9.921 ns        ; JRopcode[1]  ; result[4]  ;
; N/A   ; None              ; 9.900 ns        ; branchAd[5]  ; result[5]  ;
; N/A   ; None              ; 9.881 ns        ; JRopcode[1]  ; result[3]  ;
; N/A   ; None              ; 9.855 ns        ; branchAd[0]  ; result[0]  ;
; N/A   ; None              ; 9.851 ns        ; jumpAD[15]   ; result[15] ;
; N/A   ; None              ; 9.826 ns        ; branchAd[3]  ; result[3]  ;
; N/A   ; None              ; 9.811 ns        ; JRopcode[1]  ; result[2]  ;
; N/A   ; None              ; 9.805 ns        ; branchAd[15] ; result[15] ;
; N/A   ; None              ; 9.804 ns        ; branchAd[1]  ; result[1]  ;
; N/A   ; None              ; 9.749 ns        ; jumpAD[0]    ; result[0]  ;
; N/A   ; None              ; 9.723 ns        ; PCP2AD[15]   ; result[15] ;
; N/A   ; None              ; 9.711 ns        ; jumpAD[3]    ; result[3]  ;
; N/A   ; None              ; 9.630 ns        ; JRopcode[1]  ; result[5]  ;
; N/A   ; None              ; 9.626 ns        ; jumpAD[4]    ; result[4]  ;
; N/A   ; None              ; 9.609 ns        ; jumpAD[2]    ; result[2]  ;
; N/A   ; None              ; 9.607 ns        ; jumpAD[6]    ; result[6]  ;
; N/A   ; None              ; 9.599 ns        ; PCP2AD[4]    ; result[4]  ;
; N/A   ; None              ; 9.588 ns        ; PCP2AD[6]    ; result[6]  ;
; N/A   ; None              ; 9.582 ns        ; PCP2AD[7]    ; result[7]  ;
; N/A   ; None              ; 9.523 ns        ; PCP2AD[3]    ; result[3]  ;
; N/A   ; None              ; 9.478 ns        ; branchAd[2]  ; result[2]  ;
; N/A   ; None              ; 9.451 ns        ; PCP2AD[2]    ; result[2]  ;
; N/A   ; None              ; 9.444 ns        ; PCP2AD[0]    ; result[0]  ;
; N/A   ; None              ; 9.389 ns        ; PCP2AD[1]    ; result[1]  ;
; N/A   ; None              ; 8.614 ns        ; PCP2AD[5]    ; result[5]  ;
+-------+-------------------+-----------------+--------------+------------+


+--------------------------+
; Timing Analyzer Messages ;
+--------------------------+
Info: *******************************************************************
Info: Running Quartus II 64-Bit Classic Timing Analyzer
    Info: Version 7.2 Build 207 03/18/2008 Service Pack 3 SJ Full Version
    Info: Processing started: Thu May 23 13:51:16 2019
Info: Command: quartus_tan --read_settings_files=off --write_settings_files=off JRSelector -c JRSelector --timing_analysis_only
Info: Longest tpd from source pin "JRopcode[1]" to destination pin "result[12]" is 11.092 ns
    Info: 1: + IC(0.000 ns) + CELL(0.850 ns) = 0.850 ns; Loc. = PIN_AB8; Fanout = 16; PIN Node = 'JRopcode[1]'
    Info: 2: + IC(5.968 ns) + CELL(0.419 ns) = 7.237 ns; Loc. = LCCOMB_X28_Y1_N26; Fanout = 1; COMB Node = 'result~2852'
    Info: 3: + IC(1.047 ns) + CELL(2.808 ns) = 11.092 ns; Loc. = PIN_AE9; Fanout = 0; PIN Node = 'result[12]'
    Info: Total cell delay = 4.077 ns ( 36.76 % )
    Info: Total interconnect delay = 7.015 ns ( 63.24 % )
Info: Quartus II 64-Bit Classic Timing Analyzer was successful. 0 errors, 0 warnings
    Info: Allocated 4373 megabytes of memory during processing
    Info: Processing ended: Thu May 23 13:51:32 2019
    Info: Elapsed time: 00:00:16


