Analysis & Synthesis report for controller
Thu May 23 12:30:46 2019
Quartus II 64-Bit Version 7.2 Build 207 03/18/2008 Service Pack 3 SJ Full Version


---------------------
; Table of Contents ;
---------------------
  1. Legal Notice
  2. Analysis & Synthesis Summary
  3. Analysis & Synthesis Settings
  4. Analysis & Synthesis Source Files Read
  5. Analysis & Synthesis Resource Usage Summary
  6. Analysis & Synthesis Resource Utilization by Entity
  7. User-Specified and Inferred Latches
  8. General Register Statistics
  9. Analysis & Synthesis Messages



----------------
; Legal Notice ;
----------------
Copyright (C) 1991-2007 Altera Corporation
Your use of Altera Corporation's design tools, logic functions 
and other software and tools, and its AMPP partner logic 
functions, and any output files from any of the foregoing 
(including device programming or simulation files), and any 
associated documentation or information are expressly subject 
to the terms and conditions of the Altera Program License 
Subscription Agreement, Altera MegaCore Function License 
Agreement, or other applicable license agreement, including, 
without limitation, that your use is for the sole purpose of 
programming logic devices manufactured by Altera and sold by 
Altera or its authorized distributors.  Please refer to the 
applicable agreement for further details.



+------------------------------------------------------------------------------------+
; Analysis & Synthesis Summary                                                       ;
+------------------------------------+-----------------------------------------------+
; Analysis & Synthesis Status        ; Successful - Thu May 23 12:30:46 2019         ;
; Quartus II 64-Bit Version          ; 7.2 Build 207 03/18/2008 SP 3 SJ Full Version ;
; Revision Name                      ; controller                                    ;
; Top-level Entity Name              ; controller                                    ;
; Family                             ; Cyclone II                                    ;
; Total logic elements               ; 33                                            ;
;     Total combinational functions  ; 33                                            ;
;     Dedicated logic registers      ; 0                                             ;
; Total registers                    ; 0                                             ;
; Total pins                         ; 17                                            ;
; Total virtual pins                 ; 0                                             ;
; Total memory bits                  ; 0                                             ;
; Embedded Multiplier 9-bit elements ; 0                                             ;
; Total PLLs                         ; 0                                             ;
+------------------------------------+-----------------------------------------------+


+--------------------------------------------------------------------------------------------------------------------------+
; Analysis & Synthesis Settings                                                                                            ;
+--------------------------------------------------------------------------------+--------------------+--------------------+
; Option                                                                         ; Setting            ; Default Value      ;
+--------------------------------------------------------------------------------+--------------------+--------------------+
; Device                                                                         ; EP2C35F672C6       ;                    ;
; Top-level entity name                                                          ; controller         ; controller         ;
; Family name                                                                    ; Cyclone II         ; Stratix II         ;
; Use Generated Physical Constraints File                                        ; Off                ;                    ;
; Use smart compilation                                                          ; Off                ; Off                ;
; Maximum processors allowed for parallel compilation                            ; 1                  ; 1                  ;
; Restructure Multiplexers                                                       ; Auto               ; Auto               ;
; Create Debugging Nodes for IP Cores                                            ; Off                ; Off                ;
; Preserve fewer node names                                                      ; On                 ; On                 ;
; Disable OpenCore Plus hardware evaluation                                      ; Off                ; Off                ;
; Verilog Version                                                                ; Verilog_2001       ; Verilog_2001       ;
; VHDL Version                                                                   ; VHDL93             ; VHDL93             ;
; State Machine Processing                                                       ; Auto               ; Auto               ;
; Safe State Machine                                                             ; Off                ; Off                ;
; Extract Verilog State Machines                                                 ; On                 ; On                 ;
; Extract VHDL State Machines                                                    ; On                 ; On                 ;
; Ignore Verilog initial constructs                                              ; Off                ; Off                ;
; Add Pass-Through Logic to Inferred RAMs                                        ; On                 ; On                 ;
; Parallel Synthesis                                                             ; Off                ; Off                ;
; DSP Block Balancing                                                            ; Auto               ; Auto               ;
; NOT Gate Push-Back                                                             ; On                 ; On                 ;
; Power-Up Don't Care                                                            ; On                 ; On                 ;
; Remove Redundant Logic Cells                                                   ; Off                ; Off                ;
; Remove Duplicate Registers                                                     ; On                 ; On                 ;
; Ignore CARRY Buffers                                                           ; Off                ; Off                ;
; Ignore CASCADE Buffers                                                         ; Off                ; Off                ;
; Ignore GLOBAL Buffers                                                          ; Off                ; Off                ;
; Ignore ROW GLOBAL Buffers                                                      ; Off                ; Off                ;
; Ignore LCELL Buffers                                                           ; Off                ; Off                ;
; Ignore SOFT Buffers                                                            ; On                 ; On                 ;
; Limit AHDL Integers to 32 Bits                                                 ; Off                ; Off                ;
; Optimization Technique -- Cyclone II/Cyclone III                               ; Balanced           ; Balanced           ;
; Carry Chain Length -- Stratix/Stratix GX/Cyclone/MAX II/Cyclone II/Cyclone III ; 70                 ; 70                 ;
; Auto Carry Chains                                                              ; On                 ; On                 ;
; Auto Open-Drain Pins                                                           ; On                 ; On                 ;
; Perform WYSIWYG Primitive Resynthesis                                          ; Off                ; Off                ;
; Perform gate-level register retiming                                           ; Off                ; Off                ;
; Allow register retiming to trade off Tsu/Tco with Fmax                         ; On                 ; On                 ;
; Auto ROM Replacement                                                           ; On                 ; On                 ;
; Auto RAM Replacement                                                           ; On                 ; On                 ;
; Auto Shift Register Replacement                                                ; Auto               ; Auto               ;
; Auto Clock Enable Replacement                                                  ; On                 ; On                 ;
; Allow Synchronous Control Signals                                              ; On                 ; On                 ;
; Force Use of Synchronous Clear Signals                                         ; Off                ; Off                ;
; Auto RAM to Logic Cell Conversion                                              ; Off                ; Off                ;
; Auto Resource Sharing                                                          ; Off                ; Off                ;
; Allow Any RAM Size For Recognition                                             ; Off                ; Off                ;
; Allow Any ROM Size For Recognition                                             ; Off                ; Off                ;
; Allow Any Shift Register Size For Recognition                                  ; Off                ; Off                ;
; Ignore translate_off and synthesis_off directives                              ; Off                ; Off                ;
; Show Parameter Settings Tables in Synthesis Report                             ; On                 ; On                 ;
; Ignore Maximum Fan-Out Assignments                                             ; Off                ; Off                ;
; Retiming Meta-Stability Register Sequence Length                               ; 2                  ; 2                  ;
; PowerPlay Power Optimization                                                   ; Normal compilation ; Normal compilation ;
; HDL message level                                                              ; Level2             ; Level2             ;
; Suppress Register Optimization Related Messages                                ; Off                ; Off                ;
; Number of Removed Registers Reported in Synthesis Report                       ; 100                ; 100                ;
; Clock MUX Protection                                                           ; On                 ; On                 ;
; Block Design Naming                                                            ; Auto               ; Auto               ;
+--------------------------------------------------------------------------------+--------------------+--------------------+


+-----------------------------------------------------------------------------------------------------------------------+
; Analysis & Synthesis Source Files Read                                                                                ;
+----------------------------------+-----------------+-----------------+------------------------------------------------+
; File Name with User-Entered Path ; Used in Netlist ; File Type       ; File Name with Absolute Path                   ;
+----------------------------------+-----------------+-----------------+------------------------------------------------+
; controller.vhd                   ; yes             ; User VHDL File  ; C:/altera/72/quartus/controller/controller.vhd ;
+----------------------------------+-----------------+-----------------+------------------------------------------------+


+-----------------------------------------------------+
; Analysis & Synthesis Resource Usage Summary         ;
+---------------------------------------------+-------+
; Resource                                    ; Usage ;
+---------------------------------------------+-------+
; Estimated Total logic elements              ; 33    ;
;                                             ;       ;
; Total combinational functions               ; 33    ;
; Logic element usage by number of LUT inputs ;       ;
;     -- 4 input functions                    ; 15    ;
;     -- 3 input functions                    ; 15    ;
;     -- <=2 input functions                  ; 3     ;
;                                             ;       ;
; Logic elements by mode                      ;       ;
;     -- normal mode                          ; 33    ;
;     -- arithmetic mode                      ; 0     ;
;                                             ;       ;
; Total registers                             ; 0     ;
;     -- Dedicated logic registers            ; 0     ;
;     -- I/O registers                        ; 0     ;
;                                             ;       ;
; I/O pins                                    ; 17    ;
; Maximum fan-out node                        ; flush ;
; Maximum fan-out                             ; 18    ;
; Total fan-out                               ; 120   ;
; Average fan-out                             ; 2.40  ;
+---------------------------------------------+-------+


+-----------------------------------------------------------------------------------------------------------------------------------------------------------------------------+
; Analysis & Synthesis Resource Utilization by Entity                                                                                                                         ;
+----------------------------+-------------------+--------------+-------------+--------------+---------+-----------+------+--------------+---------------------+--------------+
; Compilation Hierarchy Node ; LC Combinationals ; LC Registers ; Memory Bits ; DSP Elements ; DSP 9x9 ; DSP 18x18 ; Pins ; Virtual Pins ; Full Hierarchy Name ; Library Name ;
+----------------------------+-------------------+--------------+-------------+--------------+---------+-----------+------+--------------+---------------------+--------------+
; |controller                ; 33 (33)           ; 0 (0)        ; 0           ; 0            ; 0       ; 0         ; 17   ; 0            ; |controller         ; work         ;
+----------------------------+-------------------+--------------+-------------+--------------+---------+-----------+------+--------------+---------------------+--------------+
Note: For table entries with two numbers listed, the numbers in parentheses indicate the number of resources of the given type used by the specific entity alone. The numbers listed outside of parentheses indicate the total resources of the given type used by the specific entity and all of its sub-entities in the hierarchy.


+---------------------------------------------------------------------------------------------------+
; User-Specified and Inferred Latches                                                               ;
+----------------------------------------------------+---------------------+------------------------+
; Latch Name                                         ; Latch Enable Signal ; Free of Timing Hazards ;
+----------------------------------------------------+---------------------+------------------------+
; isMPFC$latch                                       ; isMPFC~2            ; yes                    ;
; isJumpD$latch                                      ; isJumpD~1           ; yes                    ;
; isReadDigit$latch                                  ; isReadDigit~1       ; yes                    ;
; isPrintDigit$latch                                 ; isPrintDigit~1      ; yes                    ;
; isR$latch                                          ; isR~1               ; yes                    ;
; isLW$latch                                         ; isLW~1              ; yes                    ;
; isSW$latch                                         ; isSW~1              ; yes                    ;
; isBranch$latch                                     ; isBranch~1          ; yes                    ;
; isJR$latch                                         ; isJR~1              ; yes                    ;
; Number of user-specified and inferred latches = 9  ;                     ;                        ;
+----------------------------------------------------+---------------------+------------------------+
Note: All latches listed above may not be present at the end of synthesis due to various synthesis optimizations.


+------------------------------------------------------+
; General Register Statistics                          ;
+----------------------------------------------+-------+
; Statistic                                    ; Value ;
+----------------------------------------------+-------+
; Total registers                              ; 0     ;
; Number of registers using Synchronous Clear  ; 0     ;
; Number of registers using Synchronous Load   ; 0     ;
; Number of registers using Asynchronous Clear ; 0     ;
; Number of registers using Asynchronous Load  ; 0     ;
; Number of registers using Clock Enable       ; 0     ;
; Number of registers using Preset             ; 0     ;
+----------------------------------------------+-------+


+-------------------------------+
; Analysis & Synthesis Messages ;
+-------------------------------+
Info: *******************************************************************
Info: Running Quartus II 64-Bit Analysis & Synthesis
    Info: Version 7.2 Build 207 03/18/2008 Service Pack 3 SJ Full Version
    Info: Processing started: Thu May 23 12:30:29 2019
Info: Command: quartus_map --read_settings_files=on --write_settings_files=off controller -c controller
Info: Found 2 design units, including 1 entities, in source file controller.vhd
    Info: Found design unit 1: controller-rtl
    Info: Found entity 1: controller
Info: Elaborating entity "controller" for the top level hierarchy
Warning (10631): VHDL Process Statement warning at controller.vhd(19): inferring latch(es) for signal or variable "isR", which holds its previous value in one or more paths through the process
Warning (10631): VHDL Process Statement warning at controller.vhd(19): inferring latch(es) for signal or variable "isMPFC", which holds its previous value in one or more paths through the process
Warning (10631): VHDL Process Statement warning at controller.vhd(19): inferring latch(es) for signal or variable "isLW", which holds its previous value in one or more paths through the process
Warning (10631): VHDL Process Statement warning at controller.vhd(19): inferring latch(es) for signal or variable "isSW", which holds its previous value in one or more paths through the process
Warning (10631): VHDL Process Statement warning at controller.vhd(19): inferring latch(es) for signal or variable "isBranch", which holds its previous value in one or more paths through the process
Warning (10631): VHDL Process Statement warning at controller.vhd(19): inferring latch(es) for signal or variable "isReadDigit", which holds its previous value in one or more paths through the process
Warning (10631): VHDL Process Statement warning at controller.vhd(19): inferring latch(es) for signal or variable "isPrintDigit", which holds its previous value in one or more paths through the process
Warning (10631): VHDL Process Statement warning at controller.vhd(19): inferring latch(es) for signal or variable "isJumpD", which holds its previous value in one or more paths through the process
Warning (10631): VHDL Process Statement warning at controller.vhd(19): inferring latch(es) for signal or variable "isJR", which holds its previous value in one or more paths through the process
Info (10041): Inferred latch for "isJR" at controller.vhd(19)
Info (10041): Inferred latch for "isJumpD" at controller.vhd(19)
Info (10041): Inferred latch for "isPrintDigit" at controller.vhd(19)
Info (10041): Inferred latch for "isReadDigit" at controller.vhd(19)
Info (10041): Inferred latch for "isBranch" at controller.vhd(19)
Info (10041): Inferred latch for "isSW" at controller.vhd(19)
Info (10041): Inferred latch for "isLW" at controller.vhd(19)
Info (10041): Inferred latch for "isMPFC" at controller.vhd(19)
Info (10041): Inferred latch for "isR" at controller.vhd(19)
Warning: Latch isMPFC$latch has unsafe behavior
    Warning: Ports D and ENA on the latch are fed by the same signal flush
Warning: Latch isJumpD$latch has unsafe behavior
    Warning: Ports D and ENA on the latch are fed by the same signal flush
Warning: Latch isReadDigit$latch has unsafe behavior
    Warning: Ports D and ENA on the latch are fed by the same signal flush
Warning: Latch isPrintDigit$latch has unsafe behavior
    Warning: Ports D and ENA on the latch are fed by the same signal flush
Warning: Latch isR$latch has unsafe behavior
    Warning: Ports D and ENA on the latch are fed by the same signal flush
Warning: Latch isLW$latch has unsafe behavior
    Warning: Ports D and ENA on the latch are fed by the same signal flush
Warning: Latch isSW$latch has unsafe behavior
    Warning: Ports D and ENA on the latch are fed by the same signal flush
Warning: Latch isBranch$latch has unsafe behavior
    Warning: Ports D and ENA on the latch are fed by the same signal flush
Warning: Latch isJR$latch has unsafe behavior
    Warning: Ports D and ENA on the latch are fed by the same signal flush
Info: Implemented 50 device resources after synthesis - the final resource count might be different
    Info: Implemented 8 input pins
    Info: Implemented 9 output pins
    Info: Implemented 33 logic cells
Info: Quartus II 64-Bit Analysis & Synthesis was successful. 0 errors, 27 warnings
    Info: Allocated 4432 megabytes of memory during processing
    Info: Processing ended: Thu May 23 12:30:46 2019
    Info: Elapsed time: 00:00:17


