Classic Timing Analyzer report for controller
Thu May 23 12:31:46 2019
Quartus II 64-Bit Version 7.2 Build 207 03/18/2008 Service Pack 3 SJ Full Version


---------------------
; Table of Contents ;
---------------------
  1. Legal Notice
  2. Timing Analyzer Summary
  3. Timing Analyzer Settings
  4. Clock Settings Summary
  5. tsu
  6. tco
  7. th
  8. Timing Analyzer Messages



----------------
; Legal Notice ;
----------------
Copyright (C) 1991-2007 Altera Corporation
Your use of Altera Corporation's design tools, logic functions 
and other software and tools, and its AMPP partner logic 
functions, and any output files from any of the foregoing 
(including device programming or simulation files), and any 
associated documentation or information are expressly subject 
to the terms and conditions of the Altera Program License 
Subscription Agreement, Altera MegaCore Function License 
Agreement, or other applicable license agreement, including, 
without limitation, that your use is for the sole purpose of 
programming logic devices manufactured by Altera and sold by 
Altera or its authorized distributors.  Please refer to the 
applicable agreement for further details.



+--------------------------------------------------------------------------------------------------------------------------------------------------+
; Timing Analyzer Summary                                                                                                                          ;
+------------------------------+-------+---------------+-------------+--------------------+----------------+------------+-----------+--------------+
; Type                         ; Slack ; Required Time ; Actual Time ; From               ; To             ; From Clock ; To Clock  ; Failed Paths ;
+------------------------------+-------+---------------+-------------+--------------------+----------------+------------+-----------+--------------+
; Worst-case tsu               ; N/A   ; None          ; 5.431 ns    ; opCode[1]          ; isJumpD$latch  ; --         ; opCode[3] ; 0            ;
; Worst-case tco               ; N/A   ; None          ; 7.320 ns    ; isPrintDigit$latch ; isPrintDigit   ; opCode[2]  ; --        ; 0            ;
; Worst-case th                ; N/A   ; None          ; 0.509 ns    ; opCode[2]          ; isBranch$latch ; --         ; opCode[3] ; 0            ;
; Total number of failed paths ;       ;               ;             ;                    ;                ;            ;           ; 0            ;
+------------------------------+-------+---------------+-------------+--------------------+----------------+------------+-----------+--------------+


+---------------------------------------------------------------------------------------------------------------+
; Timing Analyzer Settings                                                                                      ;
+----------------------------------------------------------------+--------------------+------+----+-------------+
; Option                                                         ; Setting            ; From ; To ; Entity Name ;
+----------------------------------------------------------------+--------------------+------+----+-------------+
; Device Name                                                    ; EP2C35F672C6       ;      ;    ;             ;
; Timing Models                                                  ; Final              ;      ;    ;             ;
; Default hold multicycle                                        ; Same as Multicycle ;      ;    ;             ;
; Cut paths between unrelated clock domains                      ; On                 ;      ;    ;             ;
; Cut off read during write signal paths                         ; On                 ;      ;    ;             ;
; Cut off feedback from I/O pins                                 ; On                 ;      ;    ;             ;
; Report Combined Fast/Slow Timing                               ; Off                ;      ;    ;             ;
; Ignore Clock Settings                                          ; Off                ;      ;    ;             ;
; Analyze latches as synchronous elements                        ; On                 ;      ;    ;             ;
; Enable Recovery/Removal analysis                               ; Off                ;      ;    ;             ;
; Enable Clock Latency                                           ; Off                ;      ;    ;             ;
; Use TimeQuest Timing Analyzer                                  ; Off                ;      ;    ;             ;
; Number of source nodes to report per destination node          ; 10                 ;      ;    ;             ;
; Number of destination nodes to report                          ; 10                 ;      ;    ;             ;
; Number of paths to report                                      ; 200                ;      ;    ;             ;
; Report Minimum Timing Checks                                   ; Off                ;      ;    ;             ;
; Use Fast Timing Models                                         ; Off                ;      ;    ;             ;
; Report IO Paths Separately                                     ; Off                ;      ;    ;             ;
; Perform Multicorner Analysis                                   ; On                 ;      ;    ;             ;
; Reports the worst-case path for each clock domain and analysis ; Off                ;      ;    ;             ;
+----------------------------------------------------------------+--------------------+------+----+-------------+


+------------------------------------------------------------------------------------------------------------------------------------------------------------------------------------+
; Clock Settings Summary                                                                                                                                                             ;
+-----------------+--------------------+----------+------------------+---------------+--------------+----------+-----------------------+---------------------+--------+--------------+
; Clock Node Name ; Clock Setting Name ; Type     ; Fmax Requirement ; Early Latency ; Late Latency ; Based on ; Multiply Base Fmax by ; Divide Base Fmax by ; Offset ; Phase offset ;
+-----------------+--------------------+----------+------------------+---------------+--------------+----------+-----------------------+---------------------+--------+--------------+
; func[1]         ;                    ; User Pin ; None             ; 0.000 ns      ; 0.000 ns     ; --       ; N/A                   ; N/A                 ; N/A    ;              ;
; func[2]         ;                    ; User Pin ; None             ; 0.000 ns      ; 0.000 ns     ; --       ; N/A                   ; N/A                 ; N/A    ;              ;
; func[0]         ;                    ; User Pin ; None             ; 0.000 ns      ; 0.000 ns     ; --       ; N/A                   ; N/A                 ; N/A    ;              ;
; flush           ;                    ; User Pin ; None             ; 0.000 ns      ; 0.000 ns     ; --       ; N/A                   ; N/A                 ; N/A    ;              ;
; opCode[0]       ;                    ; User Pin ; None             ; 0.000 ns      ; 0.000 ns     ; --       ; N/A                   ; N/A                 ; N/A    ;              ;
; opCode[2]       ;                    ; User Pin ; None             ; 0.000 ns      ; 0.000 ns     ; --       ; N/A                   ; N/A                 ; N/A    ;              ;
; opCode[3]       ;                    ; User Pin ; None             ; 0.000 ns      ; 0.000 ns     ; --       ; N/A                   ; N/A                 ; N/A    ;              ;
; opCode[1]       ;                    ; User Pin ; None             ; 0.000 ns      ; 0.000 ns     ; --       ; N/A                   ; N/A                 ; N/A    ;              ;
+-----------------+--------------------+----------+------------------+---------------+--------------+----------+-----------------------+---------------------+--------+--------------+


+---------------------------------------------------------------------------------------------------------------------------------------------------------+
; tsu                                                                                                                                                     ;
+-----------------------------------------+-----------------------------------------------------+------------+-----------+--------------------+-----------+
; Slack                                   ; Required tsu                                        ; Actual tsu ; From      ; To                 ; To Clock  ;
+-----------------------------------------+-----------------------------------------------------+------------+-----------+--------------------+-----------+
; N/A                                     ; None                                                ; 5.431 ns   ; opCode[1] ; isJumpD$latch      ; opCode[3] ;
; N/A                                     ; None                                                ; 5.255 ns   ; flush     ; isJumpD$latch      ; opCode[3] ;
; N/A                                     ; None                                                ; 5.252 ns   ; opCode[3] ; isJumpD$latch      ; opCode[3] ;
; N/A                                     ; None                                                ; 5.248 ns   ; opCode[1] ; isJumpD$latch      ; flush     ;
; N/A                                     ; None                                                ; 5.185 ns   ; flush     ; isSW$latch         ; flush     ;
; N/A                                     ; None                                                ; 5.178 ns   ; opCode[1] ; isJR$latch         ; opCode[1] ;
; N/A                                     ; None                                                ; 5.167 ns   ; opCode[1] ; isMPFC$latch       ; flush     ;
; N/A                                     ; None                                                ; 5.139 ns   ; opCode[3] ; isJR$latch         ; opCode[1] ;
; N/A                                     ; None                                                ; 5.100 ns   ; opCode[1] ; isJumpD$latch      ; opCode[1] ;
; N/A                                     ; None                                                ; 5.100 ns   ; opCode[1] ; isR$latch          ; opCode[0] ;
; N/A                                     ; None                                                ; 5.094 ns   ; flush     ; isJR$latch         ; opCode[1] ;
; N/A                                     ; None                                                ; 5.090 ns   ; flush     ; isSW$latch         ; opCode[2] ;
; N/A                                     ; None                                                ; 5.072 ns   ; flush     ; isJumpD$latch      ; flush     ;
; N/A                                     ; None                                                ; 5.069 ns   ; opCode[3] ; isJumpD$latch      ; flush     ;
; N/A                                     ; None                                                ; 5.066 ns   ; opCode[1] ; isJumpD$latch      ; opCode[0] ;
; N/A                                     ; None                                                ; 5.059 ns   ; opCode[1] ; isJR$latch         ; opCode[3] ;
; N/A                                     ; None                                                ; 5.031 ns   ; flush     ; isMPFC$latch       ; flush     ;
; N/A                                     ; None                                                ; 5.020 ns   ; opCode[3] ; isJR$latch         ; opCode[3] ;
; N/A                                     ; None                                                ; 5.019 ns   ; opCode[1] ; isMPFC$latch       ; opCode[1] ;
; N/A                                     ; None                                                ; 5.018 ns   ; flush     ; isReadDigit$latch  ; flush     ;
; N/A                                     ; None                                                ; 5.000 ns   ; flush     ; isR$latch          ; opCode[0] ;
; N/A                                     ; None                                                ; 4.995 ns   ; opCode[1] ; isPrintDigit$latch ; flush     ;
; N/A                                     ; None                                                ; 4.988 ns   ; opCode[1] ; isMPFC$latch       ; opCode[0] ;
; N/A                                     ; None                                                ; 4.987 ns   ; opCode[1] ; isR$latch          ; flush     ;
; N/A                                     ; None                                                ; 4.975 ns   ; flush     ; isJR$latch         ; opCode[3] ;
; N/A                                     ; None                                                ; 4.944 ns   ; opCode[1] ; isSW$latch         ; flush     ;
; N/A                                     ; None                                                ; 4.941 ns   ; opCode[1] ; isLW$latch         ; flush     ;
; N/A                                     ; None                                                ; 4.933 ns   ; opCode[1] ; isR$latch          ; opCode[2] ;
; N/A                                     ; None                                                ; 4.931 ns   ; opCode[1] ; isPrintDigit$latch ; opCode[3] ;
; N/A                                     ; None                                                ; 4.930 ns   ; opCode[3] ; isPrintDigit$latch ; flush     ;
; N/A                                     ; None                                                ; 4.924 ns   ; flush     ; isJumpD$latch      ; opCode[1] ;
; N/A                                     ; None                                                ; 4.921 ns   ; opCode[3] ; isJumpD$latch      ; opCode[1] ;
; N/A                                     ; None                                                ; 4.911 ns   ; flush     ; isSW$latch         ; opCode[1] ;
; N/A                                     ; None                                                ; 4.897 ns   ; flush     ; isBranch$latch     ; flush     ;
; N/A                                     ; None                                                ; 4.895 ns   ; flush     ; isReadDigit$latch  ; opCode[2] ;
; N/A                                     ; None                                                ; 4.895 ns   ; flush     ; isPrintDigit$latch ; flush     ;
; N/A                                     ; None                                                ; 4.890 ns   ; flush     ; isJumpD$latch      ; opCode[0] ;
; N/A                                     ; None                                                ; 4.888 ns   ; flush     ; isBranch$latch     ; opCode[2] ;
; N/A                                     ; None                                                ; 4.887 ns   ; opCode[3] ; isJumpD$latch      ; opCode[0] ;
; N/A                                     ; None                                                ; 4.887 ns   ; flush     ; isR$latch          ; flush     ;
; N/A                                     ; None                                                ; 4.883 ns   ; flush     ; isMPFC$latch       ; opCode[1] ;
; N/A                                     ; None                                                ; 4.866 ns   ; opCode[3] ; isPrintDigit$latch ; opCode[3] ;
; N/A                                     ; None                                                ; 4.861 ns   ; opCode[1] ; isJumpD$latch      ; opCode[2] ;
; N/A                                     ; None                                                ; 4.860 ns   ; opCode[1] ; isJR$latch         ; flush     ;
; N/A                                     ; None                                                ; 4.852 ns   ; flush     ; isMPFC$latch       ; opCode[0] ;
; N/A                                     ; None                                                ; 4.849 ns   ; opCode[1] ; isSW$latch         ; opCode[2] ;
; N/A                                     ; None                                                ; 4.842 ns   ; flush     ; isLW$latch         ; flush     ;
; N/A                                     ; None                                                ; 4.838 ns   ; opCode[1] ; isMPFC$latch       ; opCode[2] ;
; N/A                                     ; None                                                ; 4.833 ns   ; flush     ; isR$latch          ; opCode[2] ;
; N/A                                     ; None                                                ; 4.831 ns   ; flush     ; isPrintDigit$latch ; opCode[3] ;
; N/A                                     ; None                                                ; 4.821 ns   ; opCode[3] ; isJR$latch         ; flush     ;
; N/A                                     ; None                                                ; 4.794 ns   ; opCode[1] ; isLW$latch         ; opCode[1] ;
; N/A                                     ; None                                                ; 4.776 ns   ; flush     ; isJR$latch         ; flush     ;
; N/A                                     ; None                                                ; 4.775 ns   ; opCode[1] ; isReadDigit$latch  ; flush     ;
; N/A                                     ; None                                                ; 4.772 ns   ; opCode[1] ; isLW$latch         ; opCode[0] ;
; N/A                                     ; None                                                ; 4.767 ns   ; opCode[1] ; isPrintDigit$latch ; opCode[1] ;
; N/A                                     ; None                                                ; 4.741 ns   ; flush     ; isReadDigit$latch  ; opCode[1] ;
; N/A                                     ; None                                                ; 4.702 ns   ; opCode[3] ; isPrintDigit$latch ; opCode[1] ;
; N/A                                     ; None                                                ; 4.702 ns   ; flush     ; isMPFC$latch       ; opCode[2] ;
; N/A                                     ; None                                                ; 4.695 ns   ; flush     ; isLW$latch         ; opCode[1] ;
; N/A                                     ; None                                                ; 4.685 ns   ; flush     ; isJumpD$latch      ; opCode[2] ;
; N/A                                     ; None                                                ; 4.682 ns   ; opCode[3] ; isJumpD$latch      ; opCode[2] ;
; N/A                                     ; None                                                ; 4.673 ns   ; flush     ; isLW$latch         ; opCode[0] ;
; N/A                                     ; None                                                ; 4.670 ns   ; opCode[1] ; isSW$latch         ; opCode[1] ;
; N/A                                     ; None                                                ; 4.668 ns   ; flush     ; isSW$latch         ; opCode[0] ;
; N/A                                     ; None                                                ; 4.667 ns   ; flush     ; isPrintDigit$latch ; opCode[1] ;
; N/A                                     ; None                                                ; 4.666 ns   ; opCode[1] ; isMPFC$latch       ; func[1]   ;
; N/A                                     ; None                                                ; 4.654 ns   ; opCode[1] ; isBranch$latch     ; flush     ;
; N/A                                     ; None                                                ; 4.654 ns   ; flush     ; isBranch$latch     ; opCode[1] ;
; N/A                                     ; None                                                ; 4.652 ns   ; opCode[1] ; isReadDigit$latch  ; opCode[2] ;
; N/A                                     ; None                                                ; 4.645 ns   ; opCode[1] ; isBranch$latch     ; opCode[2] ;
; N/A                                     ; None                                                ; 4.618 ns   ; opCode[1] ; isLW$latch         ; opCode[2] ;
; N/A                                     ; None                                                ; 4.549 ns   ; opCode[1] ; isMPFC$latch       ; func[2]   ;
; N/A                                     ; None                                                ; 4.530 ns   ; flush     ; isMPFC$latch       ; func[1]   ;
; N/A                                     ; None                                                ; 4.529 ns   ; opCode[1] ; isR$latch          ; opCode[3] ;
; N/A                                     ; None                                                ; 4.519 ns   ; flush     ; isLW$latch         ; opCode[2] ;
; N/A                                     ; None                                                ; 4.500 ns   ; flush     ; isReadDigit$latch  ; opCode[0] ;
; N/A                                     ; None                                                ; 4.498 ns   ; opCode[1] ; isReadDigit$latch  ; opCode[1] ;
; N/A                                     ; None                                                ; 4.479 ns   ; opCode[1] ; isJR$latch         ; opCode[0] ;
; N/A                                     ; None                                                ; 4.468 ns   ; flush     ; isSW$latch         ; opCode[3] ;
; N/A                                     ; None                                                ; 4.446 ns   ; opCode[1] ; isR$latch          ; opCode[1] ;
; N/A                                     ; None                                                ; 4.440 ns   ; opCode[3] ; isJR$latch         ; opCode[0] ;
; N/A                                     ; None                                                ; 4.436 ns   ; opCode[1] ; isMPFC$latch       ; opCode[3] ;
; N/A                                     ; None                                                ; 4.429 ns   ; flush     ; isR$latch          ; opCode[3] ;
; N/A                                     ; None                                                ; 4.427 ns   ; opCode[1] ; isSW$latch         ; opCode[0] ;
; N/A                                     ; None                                                ; 4.413 ns   ; flush     ; isMPFC$latch       ; func[2]   ;
; N/A                                     ; None                                                ; 4.411 ns   ; opCode[1] ; isBranch$latch     ; opCode[1] ;
; N/A                                     ; None                                                ; 4.395 ns   ; flush     ; isJR$latch         ; opCode[0] ;
; N/A                                     ; None                                                ; 4.369 ns   ; opCode[1] ; isMPFC$latch       ; func[0]   ;
; N/A                                     ; None                                                ; 4.349 ns   ; opCode[1] ; isPrintDigit$latch ; opCode[0] ;
; N/A                                     ; None                                                ; 4.346 ns   ; flush     ; isR$latch          ; opCode[1] ;
; N/A                                     ; None                                                ; 4.300 ns   ; flush     ; isMPFC$latch       ; opCode[3] ;
; N/A                                     ; None                                                ; 4.300 ns   ; flush     ; isReadDigit$latch  ; opCode[3] ;
; N/A                                     ; None                                                ; 4.284 ns   ; opCode[3] ; isPrintDigit$latch ; opCode[0] ;
; N/A                                     ; None                                                ; 4.274 ns   ; opCode[1] ; isJR$latch         ; opCode[2] ;
; N/A                                     ; None                                                ; 4.257 ns   ; opCode[1] ; isReadDigit$latch  ; opCode[0] ;
; N/A                                     ; None                                                ; 4.249 ns   ; flush     ; isPrintDigit$latch ; opCode[0] ;
; N/A                                     ; None                                                ; 4.243 ns   ; flush     ; isBranch$latch     ; opCode[0] ;
; N/A                                     ; None                                                ; 4.235 ns   ; opCode[3] ; isJR$latch         ; opCode[2] ;
; N/A                                     ; None                                                ; 4.233 ns   ; flush     ; isMPFC$latch       ; func[0]   ;
; N/A                                     ; None                                                ; 4.227 ns   ; opCode[1] ; isSW$latch         ; opCode[3] ;
; N/A                                     ; None                                                ; 4.224 ns   ; opCode[1] ; isLW$latch         ; opCode[3] ;
; N/A                                     ; None                                                ; 4.190 ns   ; flush     ; isJR$latch         ; opCode[2] ;
; N/A                                     ; None                                                ; 4.144 ns   ; opCode[1] ; isPrintDigit$latch ; opCode[2] ;
; N/A                                     ; None                                                ; 4.125 ns   ; flush     ; isLW$latch         ; opCode[3] ;
; N/A                                     ; None                                                ; 4.079 ns   ; opCode[3] ; isPrintDigit$latch ; opCode[2] ;
; N/A                                     ; None                                                ; 4.057 ns   ; opCode[1] ; isReadDigit$latch  ; opCode[3] ;
; N/A                                     ; None                                                ; 4.044 ns   ; flush     ; isPrintDigit$latch ; opCode[2] ;
; N/A                                     ; None                                                ; 4.043 ns   ; flush     ; isBranch$latch     ; opCode[3] ;
; N/A                                     ; None                                                ; 4.000 ns   ; opCode[1] ; isBranch$latch     ; opCode[0] ;
; N/A                                     ; None                                                ; 3.800 ns   ; opCode[1] ; isBranch$latch     ; opCode[3] ;
; N/A                                     ; None                                                ; 2.427 ns   ; opCode[3] ; isSW$latch         ; flush     ;
; N/A                                     ; None                                                ; 2.332 ns   ; opCode[3] ; isSW$latch         ; opCode[2] ;
; N/A                                     ; None                                                ; 2.258 ns   ; opCode[3] ; isReadDigit$latch  ; flush     ;
; N/A                                     ; None                                                ; 2.230 ns   ; opCode[2] ; isJumpD$latch      ; opCode[3] ;
; N/A                                     ; None                                                ; 2.227 ns   ; opCode[0] ; isSW$latch         ; flush     ;
; N/A                                     ; None                                                ; 2.169 ns   ; opCode[3] ; isBranch$latch     ; flush     ;
; N/A                                     ; None                                                ; 2.160 ns   ; opCode[3] ; isBranch$latch     ; opCode[2] ;
; N/A                                     ; None                                                ; 2.153 ns   ; opCode[3] ; isSW$latch         ; opCode[1] ;
; N/A                                     ; None                                                ; 2.135 ns   ; opCode[3] ; isReadDigit$latch  ; opCode[2] ;
; N/A                                     ; None                                                ; 2.132 ns   ; opCode[0] ; isSW$latch         ; opCode[2] ;
; N/A                                     ; None                                                ; 2.075 ns   ; opCode[3] ; isMPFC$latch       ; flush     ;
; N/A                                     ; None                                                ; 2.058 ns   ; opCode[0] ; isReadDigit$latch  ; flush     ;
; N/A                                     ; None                                                ; 2.049 ns   ; opCode[3] ; isR$latch          ; opCode[0] ;
; N/A                                     ; None                                                ; 2.047 ns   ; opCode[2] ; isJumpD$latch      ; flush     ;
; N/A                                     ; None                                                ; 2.039 ns   ; func[0]   ; isMPFC$latch       ; flush     ;
; N/A                                     ; None                                                ; 2.025 ns   ; opCode[0] ; isJumpD$latch      ; opCode[3] ;
; N/A                                     ; None                                                ; 1.981 ns   ; opCode[3] ; isReadDigit$latch  ; opCode[1] ;
; N/A                                     ; None                                                ; 1.969 ns   ; opCode[0] ; isBranch$latch     ; flush     ;
; N/A                                     ; None                                                ; 1.960 ns   ; opCode[0] ; isBranch$latch     ; opCode[2] ;
; N/A                                     ; None                                                ; 1.953 ns   ; opCode[0] ; isSW$latch         ; opCode[1] ;
; N/A                                     ; None                                                ; 1.936 ns   ; opCode[3] ; isR$latch          ; flush     ;
; N/A                                     ; None                                                ; 1.935 ns   ; opCode[0] ; isReadDigit$latch  ; opCode[2] ;
; N/A                                     ; None                                                ; 1.927 ns   ; opCode[3] ; isMPFC$latch       ; opCode[1] ;
; N/A                                     ; None                                                ; 1.926 ns   ; opCode[3] ; isBranch$latch     ; opCode[1] ;
; N/A                                     ; None                                                ; 1.910 ns   ; opCode[3] ; isSW$latch         ; opCode[0] ;
; N/A                                     ; None                                                ; 1.906 ns   ; opCode[3] ; isLW$latch         ; flush     ;
; N/A                                     ; None                                                ; 1.899 ns   ; opCode[2] ; isJumpD$latch      ; opCode[1] ;
; N/A                                     ; None                                                ; 1.896 ns   ; opCode[3] ; isMPFC$latch       ; opCode[0] ;
; N/A                                     ; None                                                ; 1.895 ns   ; opCode[2] ; isJR$latch         ; opCode[1] ;
; N/A                                     ; None                                                ; 1.891 ns   ; func[0]   ; isMPFC$latch       ; opCode[1] ;
; N/A                                     ; None                                                ; 1.882 ns   ; opCode[3] ; isR$latch          ; opCode[2] ;
; N/A                                     ; None                                                ; 1.865 ns   ; opCode[2] ; isJumpD$latch      ; opCode[0] ;
; N/A                                     ; None                                                ; 1.860 ns   ; func[0]   ; isMPFC$latch       ; opCode[0] ;
; N/A                                     ; None                                                ; 1.859 ns   ; func[2]   ; isMPFC$latch       ; flush     ;
; N/A                                     ; None                                                ; 1.842 ns   ; opCode[0] ; isJumpD$latch      ; flush     ;
; N/A                                     ; None                                                ; 1.781 ns   ; opCode[0] ; isReadDigit$latch  ; opCode[1] ;
; N/A                                     ; None                                                ; 1.776 ns   ; opCode[2] ; isJR$latch         ; opCode[3] ;
; N/A                                     ; None                                                ; 1.759 ns   ; opCode[3] ; isLW$latch         ; opCode[1] ;
; N/A                                     ; None                                                ; 1.746 ns   ; opCode[3] ; isMPFC$latch       ; opCode[2] ;
; N/A                                     ; None                                                ; 1.742 ns   ; func[1]   ; isMPFC$latch       ; flush     ;
; N/A                                     ; None                                                ; 1.740 ns   ; opCode[3] ; isReadDigit$latch  ; opCode[0] ;
; N/A                                     ; None                                                ; 1.737 ns   ; opCode[3] ; isLW$latch         ; opCode[0] ;
; N/A                                     ; None                                                ; 1.726 ns   ; opCode[0] ; isBranch$latch     ; opCode[1] ;
; N/A                                     ; None                                                ; 1.711 ns   ; func[2]   ; isMPFC$latch       ; opCode[1] ;
; N/A                                     ; None                                                ; 1.710 ns   ; opCode[3] ; isSW$latch         ; opCode[3] ;
; N/A                                     ; None                                                ; 1.710 ns   ; opCode[0] ; isSW$latch         ; opCode[0] ;
; N/A                                     ; None                                                ; 1.710 ns   ; func[0]   ; isMPFC$latch       ; opCode[2] ;
; N/A                                     ; None                                                ; 1.700 ns   ; opCode[2] ; isPrintDigit$latch ; flush     ;
; N/A                                     ; None                                                ; 1.694 ns   ; opCode[0] ; isJumpD$latch      ; opCode[1] ;
; N/A                                     ; None                                                ; 1.690 ns   ; opCode[0] ; isJR$latch         ; opCode[1] ;
; N/A                                     ; None                                                ; 1.680 ns   ; func[2]   ; isMPFC$latch       ; opCode[0] ;
; N/A                                     ; None                                                ; 1.673 ns   ; opCode[2] ; isMPFC$latch       ; flush     ;
; N/A                                     ; None                                                ; 1.660 ns   ; opCode[2] ; isJumpD$latch      ; opCode[2] ;
; N/A                                     ; None                                                ; 1.660 ns   ; opCode[0] ; isJumpD$latch      ; opCode[0] ;
; N/A                                     ; None                                                ; 1.647 ns   ; opCode[2] ; isR$latch          ; opCode[0] ;
; N/A                                     ; None                                                ; 1.636 ns   ; opCode[2] ; isPrintDigit$latch ; opCode[3] ;
; N/A                                     ; None                                                ; 1.594 ns   ; func[1]   ; isMPFC$latch       ; opCode[1] ;
; N/A                                     ; None                                                ; 1.583 ns   ; opCode[3] ; isLW$latch         ; opCode[2] ;
; N/A                                     ; None                                                ; 1.577 ns   ; opCode[2] ; isJR$latch         ; flush     ;
; N/A                                     ; None                                                ; 1.574 ns   ; opCode[3] ; isMPFC$latch       ; func[1]   ;
; N/A                                     ; None                                                ; 1.571 ns   ; opCode[0] ; isJR$latch         ; opCode[3] ;
; N/A                                     ; None                                                ; 1.563 ns   ; func[1]   ; isMPFC$latch       ; opCode[0] ;
; N/A                                     ; None                                                ; 1.540 ns   ; opCode[3] ; isReadDigit$latch  ; opCode[3] ;
; N/A                                     ; None                                                ; 1.540 ns   ; opCode[0] ; isReadDigit$latch  ; opCode[0] ;
; N/A                                     ; None                                                ; 1.538 ns   ; func[0]   ; isMPFC$latch       ; func[1]   ;
; N/A                                     ; None                                                ; 1.534 ns   ; opCode[2] ; isR$latch          ; flush     ;
; N/A                                     ; None                                                ; 1.530 ns   ; func[2]   ; isMPFC$latch       ; opCode[2] ;
; N/A                                     ; None                                                ; 1.525 ns   ; opCode[2] ; isMPFC$latch       ; opCode[1] ;
; N/A                                     ; None                                                ; 1.523 ns   ; opCode[0] ; isMPFC$latch       ; flush     ;
; N/A                                     ; None                                                ; 1.515 ns   ; opCode[3] ; isBranch$latch     ; opCode[0] ;
; N/A                                     ; None                                                ; 1.512 ns   ; opCode[2] ; isLW$latch         ; flush     ;
; N/A                                     ; None                                                ; 1.510 ns   ; opCode[0] ; isSW$latch         ; opCode[3] ;
; N/A                                     ; None                                                ; 1.497 ns   ; opCode[0] ; isR$latch          ; opCode[0] ;
; N/A                                     ; None                                                ; 1.495 ns   ; opCode[0] ; isPrintDigit$latch ; flush     ;
; N/A                                     ; None                                                ; 1.494 ns   ; opCode[2] ; isMPFC$latch       ; opCode[0] ;
; N/A                                     ; None                                                ; 1.480 ns   ; opCode[2] ; isR$latch          ; opCode[2] ;
; N/A                                     ; None                                                ; 1.478 ns   ; opCode[3] ; isR$latch          ; opCode[3] ;
; N/A                                     ; None                                                ; 1.472 ns   ; opCode[2] ; isPrintDigit$latch ; opCode[1] ;
; N/A                                     ; None                                                ; 1.457 ns   ; opCode[3] ; isMPFC$latch       ; func[2]   ;
; N/A                                     ; None                                                ; 1.455 ns   ; opCode[0] ; isJumpD$latch      ; opCode[2] ;
; N/A                                     ; None                                                ; 1.431 ns   ; opCode[0] ; isPrintDigit$latch ; opCode[3] ;
; N/A                                     ; None                                                ; 1.421 ns   ; func[0]   ; isMPFC$latch       ; func[2]   ;
; N/A                                     ; None                                                ; 1.413 ns   ; func[1]   ; isMPFC$latch       ; opCode[2] ;
; N/A                                     ; None                                                ; 1.395 ns   ; opCode[3] ; isR$latch          ; opCode[1] ;
; N/A                                     ; None                                                ; 1.384 ns   ; opCode[0] ; isR$latch          ; flush     ;
; N/A                                     ; None                                                ; 1.375 ns   ; opCode[0] ; isMPFC$latch       ; opCode[1] ;
; N/A                                     ; None                                                ; 1.372 ns   ; opCode[0] ; isJR$latch         ; flush     ;
; N/A                                     ; None                                                ; 1.365 ns   ; opCode[2] ; isLW$latch         ; opCode[1] ;
; N/A                                     ; None                                                ; 1.358 ns   ; opCode[0] ; isLW$latch         ; flush     ;
; Timing analysis restricted to 200 rows. ; To change the limit use Settings (Assignments menu) ;            ;           ;                    ;           ;
+-----------------------------------------+-----------------------------------------------------+------------+-----------+--------------------+-----------+


+------------------------------------------------------------------------------------+
; tco                                                                                ;
+-------+--------------+------------+--------------------+--------------+------------+
; Slack ; Required tco ; Actual tco ; From               ; To           ; From Clock ;
+-------+--------------+------------+--------------------+--------------+------------+
; N/A   ; None         ; 7.320 ns   ; isPrintDigit$latch ; isPrintDigit ; opCode[2]  ;
; N/A   ; None         ; 7.149 ns   ; isMPFC$latch       ; isMPFC       ; func[0]    ;
; N/A   ; None         ; 7.115 ns   ; isPrintDigit$latch ; isPrintDigit ; opCode[0]  ;
; N/A   ; None         ; 7.082 ns   ; isMPFC$latch       ; isMPFC       ; opCode[3]  ;
; N/A   ; None         ; 7.058 ns   ; isBranch$latch     ; isBranch     ; opCode[3]  ;
; N/A   ; None         ; 7.011 ns   ; isLW$latch         ; isLW         ; opCode[3]  ;
; N/A   ; None         ; 6.969 ns   ; isMPFC$latch       ; isMPFC       ; func[2]    ;
; N/A   ; None         ; 6.925 ns   ; isJR$latch         ; isJR         ; opCode[2]  ;
; N/A   ; None         ; 6.862 ns   ; isR$latch          ; isR          ; opCode[1]  ;
; N/A   ; None         ; 6.858 ns   ; isBranch$latch     ; isBranch     ; opCode[0]  ;
; N/A   ; None         ; 6.852 ns   ; isMPFC$latch       ; isMPFC       ; func[1]    ;
; N/A   ; None         ; 6.779 ns   ; isR$latch          ; isR          ; opCode[3]  ;
; N/A   ; None         ; 6.772 ns   ; isReadDigit$latch  ; isReadDigit  ; opCode[3]  ;
; N/A   ; None         ; 6.764 ns   ; isSW$latch         ; isSW         ; opCode[3]  ;
; N/A   ; None         ; 6.720 ns   ; isJR$latch         ; isJR         ; opCode[0]  ;
; N/A   ; None         ; 6.697 ns   ; isPrintDigit$latch ; isPrintDigit ; opCode[1]  ;
; N/A   ; None         ; 6.695 ns   ; isJumpD$latch      ; isJumpD      ; opCode[2]  ;
; N/A   ; None         ; 6.680 ns   ; isMPFC$latch       ; isMPFC       ; opCode[2]  ;
; N/A   ; None         ; 6.617 ns   ; isLW$latch         ; isLW         ; opCode[2]  ;
; N/A   ; None         ; 6.572 ns   ; isReadDigit$latch  ; isReadDigit  ; opCode[0]  ;
; N/A   ; None         ; 6.564 ns   ; isSW$latch         ; isSW         ; opCode[0]  ;
; N/A   ; None         ; 6.533 ns   ; isPrintDigit$latch ; isPrintDigit ; opCode[3]  ;
; N/A   ; None         ; 6.530 ns   ; isMPFC$latch       ; isMPFC       ; opCode[0]  ;
; N/A   ; None         ; 6.499 ns   ; isMPFC$latch       ; isMPFC       ; opCode[1]  ;
; N/A   ; None         ; 6.490 ns   ; isJumpD$latch      ; isJumpD      ; opCode[0]  ;
; N/A   ; None         ; 6.469 ns   ; isPrintDigit$latch ; isPrintDigit ; flush      ;
; N/A   ; None         ; 6.463 ns   ; isLW$latch         ; isLW         ; opCode[0]  ;
; N/A   ; None         ; 6.456 ns   ; isJumpD$latch      ; isJumpD      ; opCode[1]  ;
; N/A   ; None         ; 6.447 ns   ; isBranch$latch     ; isBranch     ; opCode[1]  ;
; N/A   ; None         ; 6.441 ns   ; isLW$latch         ; isLW         ; opCode[1]  ;
; N/A   ; None         ; 6.375 ns   ; isR$latch          ; isR          ; opCode[2]  ;
; N/A   ; None         ; 6.351 ns   ; isMPFC$latch       ; isMPFC       ; flush      ;
; N/A   ; None         ; 6.339 ns   ; isJR$latch         ; isJR         ; flush      ;
; N/A   ; None         ; 6.331 ns   ; isReadDigit$latch  ; isReadDigit  ; opCode[1]  ;
; N/A   ; None         ; 6.321 ns   ; isSW$latch         ; isSW         ; opCode[1]  ;
; N/A   ; None         ; 6.321 ns   ; isR$latch          ; isR          ; flush      ;
; N/A   ; None         ; 6.308 ns   ; isJumpD$latch      ; isJumpD      ; flush      ;
; N/A   ; None         ; 6.294 ns   ; isLW$latch         ; isLW         ; flush      ;
; N/A   ; None         ; 6.213 ns   ; isBranch$latch     ; isBranch     ; opCode[2]  ;
; N/A   ; None         ; 6.208 ns   ; isR$latch          ; isR          ; opCode[0]  ;
; N/A   ; None         ; 6.204 ns   ; isBranch$latch     ; isBranch     ; flush      ;
; N/A   ; None         ; 6.177 ns   ; isReadDigit$latch  ; isReadDigit  ; opCode[2]  ;
; N/A   ; None         ; 6.142 ns   ; isSW$latch         ; isSW         ; opCode[2]  ;
; N/A   ; None         ; 6.140 ns   ; isJR$latch         ; isJR         ; opCode[3]  ;
; N/A   ; None         ; 6.125 ns   ; isJumpD$latch      ; isJumpD      ; opCode[3]  ;
; N/A   ; None         ; 6.054 ns   ; isReadDigit$latch  ; isReadDigit  ; flush      ;
; N/A   ; None         ; 6.047 ns   ; isSW$latch         ; isSW         ; flush      ;
; N/A   ; None         ; 6.021 ns   ; isJR$latch         ; isJR         ; opCode[1]  ;
+-------+--------------+------------+--------------------+--------------+------------+


+--------------------------------------------------------------------------------------------------------------------------------------------------------+
; th                                                                                                                                                     ;
+-----------------------------------------+-----------------------------------------------------+-----------+-----------+--------------------+-----------+
; Minimum Slack                           ; Required th                                         ; Actual th ; From      ; To                 ; To Clock  ;
+-----------------------------------------+-----------------------------------------------------+-----------+-----------+--------------------+-----------+
; N/A                                     ; None                                                ; 0.509 ns  ; opCode[2] ; isBranch$latch     ; opCode[3] ;
; N/A                                     ; None                                                ; 0.309 ns  ; opCode[2] ; isBranch$latch     ; opCode[0] ;
; N/A                                     ; None                                                ; 0.289 ns  ; opCode[2] ; isReadDigit$latch  ; opCode[3] ;
; N/A                                     ; None                                                ; 0.259 ns  ; opCode[2] ; isSW$latch         ; opCode[3] ;
; N/A                                     ; None                                                ; 0.187 ns  ; opCode[0] ; isLW$latch         ; opCode[3] ;
; N/A                                     ; None                                                ; 0.133 ns  ; opCode[0] ; isMPFC$latch       ; func[0]   ;
; N/A                                     ; None                                                ; 0.089 ns  ; opCode[2] ; isReadDigit$latch  ; opCode[0] ;
; N/A                                     ; None                                                ; 0.075 ns  ; opCode[0] ; isJR$latch         ; opCode[2] ;
; N/A                                     ; None                                                ; 0.066 ns  ; opCode[0] ; isMPFC$latch       ; opCode[3] ;
; N/A                                     ; None                                                ; 0.059 ns  ; opCode[2] ; isSW$latch         ; opCode[0] ;
; N/A                                     ; None                                                ; 0.033 ns  ; opCode[2] ; isLW$latch         ; opCode[3] ;
; N/A                                     ; None                                                ; 0.033 ns  ; opCode[0] ; isPrintDigit$latch ; opCode[2] ;
; N/A                                     ; None                                                ; -0.017 ns ; opCode[2] ; isMPFC$latch       ; func[0]   ;
; N/A                                     ; None                                                ; -0.047 ns ; opCode[0] ; isMPFC$latch       ; func[2]   ;
; N/A                                     ; None                                                ; -0.084 ns ; opCode[2] ; isMPFC$latch       ; opCode[3] ;
; N/A                                     ; None                                                ; -0.086 ns ; func[1]   ; isMPFC$latch       ; func[0]   ;
; N/A                                     ; None                                                ; -0.102 ns ; opCode[2] ; isBranch$latch     ; opCode[1] ;
; N/A                                     ; None                                                ; -0.130 ns ; opCode[2] ; isJR$latch         ; opCode[2] ;
; N/A                                     ; None                                                ; -0.130 ns ; opCode[0] ; isJR$latch         ; opCode[0] ;
; N/A                                     ; None                                                ; -0.152 ns ; opCode[2] ; isReadDigit$latch  ; opCode[1] ;
; N/A                                     ; None                                                ; -0.153 ns ; func[1]   ; isMPFC$latch       ; opCode[3] ;
; N/A                                     ; None                                                ; -0.157 ns ; opCode[0] ; isR$latch          ; opCode[1] ;
; N/A                                     ; None                                                ; -0.164 ns ; opCode[0] ; isMPFC$latch       ; func[1]   ;
; N/A                                     ; None                                                ; -0.172 ns ; opCode[2] ; isPrintDigit$latch ; opCode[2] ;
; N/A                                     ; None                                                ; -0.172 ns ; opCode[0] ; isPrintDigit$latch ; opCode[0] ;
; N/A                                     ; None                                                ; -0.184 ns ; opCode[2] ; isSW$latch         ; opCode[1] ;
; N/A                                     ; None                                                ; -0.197 ns ; opCode[2] ; isMPFC$latch       ; func[2]   ;
; N/A                                     ; None                                                ; -0.203 ns ; func[2]   ; isMPFC$latch       ; func[0]   ;
; N/A                                     ; None                                                ; -0.207 ns ; opCode[0] ; isLW$latch         ; opCode[2] ;
; N/A                                     ; None                                                ; -0.240 ns ; opCode[0] ; isR$latch          ; opCode[3] ;
; N/A                                     ; None                                                ; -0.266 ns ; func[1]   ; isMPFC$latch       ; func[2]   ;
; N/A                                     ; None                                                ; -0.270 ns ; func[2]   ; isMPFC$latch       ; opCode[3] ;
; N/A                                     ; None                                                ; -0.306 ns ; opCode[2] ; isReadDigit$latch  ; opCode[2] ;
; N/A                                     ; None                                                ; -0.307 ns ; opCode[2] ; isR$latch          ; opCode[1] ;
; N/A                                     ; None                                                ; -0.314 ns ; opCode[2] ; isMPFC$latch       ; func[1]   ;
; N/A                                     ; None                                                ; -0.335 ns ; opCode[2] ; isJR$latch         ; opCode[0] ;
; N/A                                     ; None                                                ; -0.336 ns ; opCode[2] ; isBranch$latch     ; opCode[2] ;
; N/A                                     ; None                                                ; -0.336 ns ; opCode[0] ; isMPFC$latch       ; opCode[2] ;
; N/A                                     ; None                                                ; -0.345 ns ; opCode[2] ; isBranch$latch     ; flush     ;
; N/A                                     ; None                                                ; -0.361 ns ; opCode[3] ; isLW$latch         ; opCode[3] ;
; N/A                                     ; None                                                ; -0.361 ns ; opCode[2] ; isLW$latch         ; opCode[2] ;
; N/A                                     ; None                                                ; -0.361 ns ; opCode[0] ; isLW$latch         ; opCode[0] ;
; N/A                                     ; None                                                ; -0.363 ns ; opCode[2] ; isSW$latch         ; opCode[2] ;
; N/A                                     ; None                                                ; -0.377 ns ; opCode[2] ; isPrintDigit$latch ; opCode[0] ;
; N/A                                     ; None                                                ; -0.383 ns ; opCode[0] ; isLW$latch         ; opCode[1] ;
; N/A                                     ; None                                                ; -0.383 ns ; func[0]   ; isMPFC$latch       ; func[0]   ;
; N/A                                     ; None                                                ; -0.383 ns ; func[2]   ; isMPFC$latch       ; func[2]   ;
; N/A                                     ; None                                                ; -0.383 ns ; func[1]   ; isMPFC$latch       ; func[1]   ;
; N/A                                     ; None                                                ; -0.390 ns ; opCode[2] ; isR$latch          ; opCode[3] ;
; N/A                                     ; None                                                ; -0.419 ns ; opCode[3] ; isMPFC$latch       ; func[0]   ;
; N/A                                     ; None                                                ; -0.429 ns ; opCode[2] ; isReadDigit$latch  ; flush     ;
; N/A                                     ; None                                                ; -0.437 ns ; opCode[0] ; isBranch$latch     ; opCode[3] ;
; N/A                                     ; None                                                ; -0.450 ns ; func[0]   ; isMPFC$latch       ; opCode[3] ;
; N/A                                     ; None                                                ; -0.458 ns ; opCode[2] ; isSW$latch         ; flush     ;
; N/A                                     ; None                                                ; -0.486 ns ; opCode[3] ; isMPFC$latch       ; opCode[3] ;
; N/A                                     ; None                                                ; -0.486 ns ; opCode[2] ; isMPFC$latch       ; opCode[2] ;
; N/A                                     ; None                                                ; -0.486 ns ; opCode[0] ; isMPFC$latch       ; opCode[0] ;
; N/A                                     ; None                                                ; -0.500 ns ; func[2]   ; isMPFC$latch       ; func[1]   ;
; N/A                                     ; None                                                ; -0.511 ns ; opCode[0] ; isJR$latch         ; flush     ;
; N/A                                     ; None                                                ; -0.515 ns ; opCode[2] ; isLW$latch         ; opCode[0] ;
; N/A                                     ; None                                                ; -0.517 ns ; opCode[0] ; isMPFC$latch       ; opCode[1] ;
; N/A                                     ; None                                                ; -0.530 ns ; opCode[0] ; isLW$latch         ; flush     ;
; N/A                                     ; None                                                ; -0.537 ns ; opCode[2] ; isLW$latch         ; opCode[1] ;
; N/A                                     ; None                                                ; -0.555 ns ; func[1]   ; isMPFC$latch       ; opCode[2] ;
; N/A                                     ; None                                                ; -0.563 ns ; func[0]   ; isMPFC$latch       ; func[2]   ;
; N/A                                     ; None                                                ; -0.590 ns ; opCode[0] ; isPrintDigit$latch ; opCode[1] ;
; N/A                                     ; None                                                ; -0.597 ns ; opCode[0] ; isJumpD$latch      ; opCode[2] ;
; N/A                                     ; None                                                ; -0.599 ns ; opCode[3] ; isMPFC$latch       ; func[2]   ;
; N/A                                     ; None                                                ; -0.636 ns ; opCode[2] ; isMPFC$latch       ; opCode[0] ;
; N/A                                     ; None                                                ; -0.637 ns ; opCode[3] ; isBranch$latch     ; opCode[3] ;
; N/A                                     ; None                                                ; -0.637 ns ; opCode[0] ; isBranch$latch     ; opCode[0] ;
; N/A                                     ; None                                                ; -0.644 ns ; opCode[0] ; isR$latch          ; opCode[2] ;
; N/A                                     ; None                                                ; -0.655 ns ; opCode[0] ; isReadDigit$latch  ; opCode[3] ;
; N/A                                     ; None                                                ; -0.665 ns ; opCode[0] ; isMPFC$latch       ; flush     ;
; N/A                                     ; None                                                ; -0.667 ns ; opCode[2] ; isMPFC$latch       ; opCode[1] ;
; N/A                                     ; None                                                ; -0.672 ns ; func[2]   ; isMPFC$latch       ; opCode[2] ;
; N/A                                     ; None                                                ; -0.680 ns ; func[0]   ; isMPFC$latch       ; func[1]   ;
; N/A                                     ; None                                                ; -0.683 ns ; opCode[0] ; isSW$latch         ; opCode[3] ;
; N/A                                     ; None                                                ; -0.684 ns ; opCode[2] ; isLW$latch         ; flush     ;
; N/A                                     ; None                                                ; -0.698 ns ; opCode[0] ; isR$latch          ; flush     ;
; N/A                                     ; None                                                ; -0.705 ns ; func[1]   ; isMPFC$latch       ; opCode[0] ;
; N/A                                     ; None                                                ; -0.709 ns ; opCode[3] ; isR$latch          ; opCode[1] ;
; N/A                                     ; None                                                ; -0.710 ns ; opCode[0] ; isJR$latch         ; opCode[3] ;
; N/A                                     ; None                                                ; -0.716 ns ; opCode[3] ; isMPFC$latch       ; func[1]   ;
; N/A                                     ; None                                                ; -0.716 ns ; opCode[2] ; isJR$latch         ; flush     ;
; N/A                                     ; None                                                ; -0.736 ns ; func[1]   ; isMPFC$latch       ; opCode[1] ;
; N/A                                     ; None                                                ; -0.754 ns ; opCode[0] ; isPrintDigit$latch ; opCode[3] ;
; N/A                                     ; None                                                ; -0.755 ns ; opCode[3] ; isLW$latch         ; opCode[2] ;
; N/A                                     ; None                                                ; -0.792 ns ; opCode[3] ; isR$latch          ; opCode[3] ;
; N/A                                     ; None                                                ; -0.794 ns ; opCode[2] ; isR$latch          ; opCode[2] ;
; N/A                                     ; None                                                ; -0.795 ns ; opCode[2] ; isPrintDigit$latch ; opCode[1] ;
; N/A                                     ; None                                                ; -0.802 ns ; opCode[2] ; isJumpD$latch      ; opCode[2] ;
; N/A                                     ; None                                                ; -0.802 ns ; opCode[0] ; isJumpD$latch      ; opCode[0] ;
; N/A                                     ; None                                                ; -0.811 ns ; opCode[0] ; isR$latch          ; opCode[0] ;
; N/A                                     ; None                                                ; -0.815 ns ; opCode[2] ; isMPFC$latch       ; flush     ;
; N/A                                     ; None                                                ; -0.818 ns ; opCode[0] ; isPrintDigit$latch ; flush     ;
; N/A                                     ; None                                                ; -0.822 ns ; func[2]   ; isMPFC$latch       ; opCode[0] ;
; N/A                                     ; None                                                ; -0.829 ns ; opCode[0] ; isJR$latch         ; opCode[1] ;
; N/A                                     ; None                                                ; -0.836 ns ; opCode[0] ; isJumpD$latch      ; opCode[1] ;
; N/A                                     ; None                                                ; -0.837 ns ; opCode[3] ; isBranch$latch     ; opCode[0] ;
; N/A                                     ; None                                                ; -0.848 ns ; opCode[2] ; isR$latch          ; flush     ;
; N/A                                     ; None                                                ; -0.852 ns ; func[0]   ; isMPFC$latch       ; opCode[2] ;
; N/A                                     ; None                                                ; -0.853 ns ; func[2]   ; isMPFC$latch       ; opCode[1] ;
; N/A                                     ; None                                                ; -0.855 ns ; opCode[3] ; isReadDigit$latch  ; opCode[3] ;
; N/A                                     ; None                                                ; -0.855 ns ; opCode[0] ; isReadDigit$latch  ; opCode[0] ;
; N/A                                     ; None                                                ; -0.883 ns ; opCode[3] ; isSW$latch         ; opCode[3] ;
; N/A                                     ; None                                                ; -0.883 ns ; opCode[0] ; isSW$latch         ; opCode[0] ;
; N/A                                     ; None                                                ; -0.884 ns ; func[1]   ; isMPFC$latch       ; flush     ;
; N/A                                     ; None                                                ; -0.888 ns ; opCode[3] ; isMPFC$latch       ; opCode[2] ;
; N/A                                     ; None                                                ; -0.909 ns ; opCode[3] ; isLW$latch         ; opCode[0] ;
; N/A                                     ; None                                                ; -0.915 ns ; opCode[2] ; isJR$latch         ; opCode[3] ;
; N/A                                     ; None                                                ; -0.931 ns ; opCode[3] ; isLW$latch         ; opCode[1] ;
; N/A                                     ; None                                                ; -0.959 ns ; opCode[2] ; isPrintDigit$latch ; opCode[3] ;
; N/A                                     ; None                                                ; -0.961 ns ; opCode[2] ; isR$latch          ; opCode[0] ;
; N/A                                     ; None                                                ; -0.984 ns ; opCode[0] ; isJumpD$latch      ; flush     ;
; N/A                                     ; None                                                ; -1.001 ns ; func[2]   ; isMPFC$latch       ; flush     ;
; N/A                                     ; None                                                ; -1.002 ns ; func[0]   ; isMPFC$latch       ; opCode[0] ;
; N/A                                     ; None                                                ; -1.007 ns ; opCode[2] ; isJumpD$latch      ; opCode[0] ;
; N/A                                     ; None                                                ; -1.023 ns ; opCode[2] ; isPrintDigit$latch ; flush     ;
; N/A                                     ; None                                                ; -1.033 ns ; func[0]   ; isMPFC$latch       ; opCode[1] ;
; N/A                                     ; None                                                ; -1.034 ns ; opCode[2] ; isJR$latch         ; opCode[1] ;
; N/A                                     ; None                                                ; -1.038 ns ; opCode[3] ; isMPFC$latch       ; opCode[0] ;
; N/A                                     ; None                                                ; -1.041 ns ; opCode[2] ; isJumpD$latch      ; opCode[1] ;
; N/A                                     ; None                                                ; -1.048 ns ; opCode[0] ; isBranch$latch     ; opCode[1] ;
; N/A                                     ; None                                                ; -1.055 ns ; opCode[3] ; isReadDigit$latch  ; opCode[0] ;
; N/A                                     ; None                                                ; -1.069 ns ; opCode[3] ; isMPFC$latch       ; opCode[1] ;
; N/A                                     ; None                                                ; -1.078 ns ; opCode[3] ; isLW$latch         ; flush     ;
; N/A                                     ; None                                                ; -1.083 ns ; opCode[3] ; isSW$latch         ; opCode[0] ;
; N/A                                     ; None                                                ; -1.096 ns ; opCode[0] ; isReadDigit$latch  ; opCode[1] ;
; N/A                                     ; None                                                ; -1.126 ns ; opCode[0] ; isSW$latch         ; opCode[1] ;
; N/A                                     ; None                                                ; -1.167 ns ; opCode[0] ; isJumpD$latch      ; opCode[3] ;
; N/A                                     ; None                                                ; -1.181 ns ; func[0]   ; isMPFC$latch       ; flush     ;
; N/A                                     ; None                                                ; -1.189 ns ; opCode[2] ; isJumpD$latch      ; flush     ;
; N/A                                     ; None                                                ; -1.196 ns ; opCode[3] ; isR$latch          ; opCode[2] ;
; N/A                                     ; None                                                ; -1.217 ns ; opCode[3] ; isMPFC$latch       ; flush     ;
; N/A                                     ; None                                                ; -1.248 ns ; opCode[3] ; isBranch$latch     ; opCode[1] ;
; N/A                                     ; None                                                ; -1.250 ns ; opCode[3] ; isR$latch          ; flush     ;
; N/A                                     ; None                                                ; -1.250 ns ; opCode[0] ; isReadDigit$latch  ; opCode[2] ;
; N/A                                     ; None                                                ; -1.282 ns ; opCode[0] ; isBranch$latch     ; opCode[2] ;
; N/A                                     ; None                                                ; -1.291 ns ; opCode[0] ; isBranch$latch     ; flush     ;
; N/A                                     ; None                                                ; -1.296 ns ; opCode[3] ; isReadDigit$latch  ; opCode[1] ;
; N/A                                     ; None                                                ; -1.305 ns ; opCode[0] ; isSW$latch         ; opCode[2] ;
; N/A                                     ; None                                                ; -1.326 ns ; opCode[3] ; isSW$latch         ; opCode[1] ;
; N/A                                     ; None                                                ; -1.363 ns ; opCode[3] ; isR$latch          ; opCode[0] ;
; N/A                                     ; None                                                ; -1.372 ns ; opCode[2] ; isJumpD$latch      ; opCode[3] ;
; N/A                                     ; None                                                ; -1.373 ns ; opCode[0] ; isReadDigit$latch  ; flush     ;
; N/A                                     ; None                                                ; -1.400 ns ; opCode[0] ; isSW$latch         ; flush     ;
; N/A                                     ; None                                                ; -1.450 ns ; opCode[3] ; isReadDigit$latch  ; opCode[2] ;
; N/A                                     ; None                                                ; -1.482 ns ; opCode[3] ; isBranch$latch     ; opCode[2] ;
; N/A                                     ; None                                                ; -1.491 ns ; opCode[3] ; isBranch$latch     ; flush     ;
; N/A                                     ; None                                                ; -1.505 ns ; opCode[3] ; isSW$latch         ; opCode[2] ;
; N/A                                     ; None                                                ; -1.573 ns ; opCode[3] ; isReadDigit$latch  ; flush     ;
; N/A                                     ; None                                                ; -1.600 ns ; opCode[3] ; isSW$latch         ; flush     ;
; N/A                                     ; None                                                ; -3.122 ns ; opCode[1] ; isBranch$latch     ; opCode[3] ;
; N/A                                     ; None                                                ; -3.297 ns ; flush     ; isLW$latch         ; opCode[3] ;
; N/A                                     ; None                                                ; -3.322 ns ; opCode[1] ; isBranch$latch     ; opCode[0] ;
; N/A                                     ; None                                                ; -3.329 ns ; flush     ; isJR$latch         ; opCode[2] ;
; N/A                                     ; None                                                ; -3.365 ns ; flush     ; isBranch$latch     ; opCode[3] ;
; N/A                                     ; None                                                ; -3.367 ns ; flush     ; isPrintDigit$latch ; opCode[2] ;
; N/A                                     ; None                                                ; -3.372 ns ; opCode[1] ; isReadDigit$latch  ; opCode[3] ;
; N/A                                     ; None                                                ; -3.374 ns ; opCode[3] ; isJR$latch         ; opCode[2] ;
; N/A                                     ; None                                                ; -3.375 ns ; flush     ; isMPFC$latch       ; func[0]   ;
; N/A                                     ; None                                                ; -3.396 ns ; opCode[1] ; isLW$latch         ; opCode[3] ;
; N/A                                     ; None                                                ; -3.400 ns ; opCode[1] ; isSW$latch         ; opCode[3] ;
; N/A                                     ; None                                                ; -3.402 ns ; opCode[3] ; isPrintDigit$latch ; opCode[2] ;
; N/A                                     ; None                                                ; -3.413 ns ; opCode[1] ; isJR$latch         ; opCode[2] ;
; N/A                                     ; None                                                ; -3.442 ns ; flush     ; isMPFC$latch       ; opCode[3] ;
; N/A                                     ; None                                                ; -3.467 ns ; opCode[1] ; isPrintDigit$latch ; opCode[2] ;
; N/A                                     ; None                                                ; -3.511 ns ; opCode[1] ; isMPFC$latch       ; func[0]   ;
; N/A                                     ; None                                                ; -3.534 ns ; flush     ; isJR$latch         ; opCode[0] ;
; N/A                                     ; None                                                ; -3.555 ns ; flush     ; isMPFC$latch       ; func[2]   ;
; N/A                                     ; None                                                ; -3.565 ns ; flush     ; isBranch$latch     ; opCode[0] ;
; N/A                                     ; None                                                ; -3.572 ns ; opCode[1] ; isReadDigit$latch  ; opCode[0] ;
; N/A                                     ; None                                                ; -3.572 ns ; flush     ; isPrintDigit$latch ; opCode[0] ;
; N/A                                     ; None                                                ; -3.578 ns ; opCode[1] ; isMPFC$latch       ; opCode[3] ;
; N/A                                     ; None                                                ; -3.579 ns ; opCode[3] ; isJR$latch         ; opCode[0] ;
; N/A                                     ; None                                                ; -3.600 ns ; opCode[1] ; isSW$latch         ; opCode[0] ;
; N/A                                     ; None                                                ; -3.607 ns ; opCode[3] ; isPrintDigit$latch ; opCode[0] ;
; N/A                                     ; None                                                ; -3.615 ns ; flush     ; isReadDigit$latch  ; opCode[3] ;
; N/A                                     ; None                                                ; -3.618 ns ; opCode[1] ; isJR$latch         ; opCode[0] ;
; N/A                                     ; None                                                ; -3.641 ns ; flush     ; isSW$latch         ; opCode[3] ;
; N/A                                     ; None                                                ; -3.660 ns ; flush     ; isR$latch          ; opCode[1] ;
; N/A                                     ; None                                                ; -3.672 ns ; opCode[1] ; isPrintDigit$latch ; opCode[0] ;
; N/A                                     ; None                                                ; -3.672 ns ; flush     ; isMPFC$latch       ; func[1]   ;
; N/A                                     ; None                                                ; -3.691 ns ; opCode[1] ; isMPFC$latch       ; func[2]   ;
; N/A                                     ; None                                                ; -3.691 ns ; flush     ; isLW$latch         ; opCode[2] ;
; N/A                                     ; None                                                ; -3.733 ns ; opCode[1] ; isBranch$latch     ; opCode[1] ;
; N/A                                     ; None                                                ; -3.743 ns ; flush     ; isR$latch          ; opCode[3] ;
; N/A                                     ; None                                                ; -3.760 ns ; opCode[1] ; isR$latch          ; opCode[1] ;
; N/A                                     ; None                                                ; -3.790 ns ; opCode[1] ; isLW$latch         ; opCode[2] ;
; N/A                                     ; None                                                ; -3.808 ns ; opCode[1] ; isMPFC$latch       ; func[1]   ;
; N/A                                     ; None                                                ; -3.813 ns ; opCode[1] ; isReadDigit$latch  ; opCode[1] ;
; N/A                                     ; None                                                ; -3.815 ns ; flush     ; isReadDigit$latch  ; opCode[0] ;
; N/A                                     ; None                                                ; -3.824 ns ; opCode[3] ; isJumpD$latch      ; opCode[2] ;
; N/A                                     ; None                                                ; -3.827 ns ; flush     ; isJumpD$latch      ; opCode[2] ;
; N/A                                     ; None                                                ; -3.841 ns ; flush     ; isSW$latch         ; opCode[0] ;
; N/A                                     ; None                                                ; -3.843 ns ; opCode[1] ; isR$latch          ; opCode[3] ;
; N/A                                     ; None                                                ; -3.843 ns ; opCode[1] ; isSW$latch         ; opCode[1] ;
; N/A                                     ; None                                                ; -3.844 ns ; flush     ; isMPFC$latch       ; opCode[2] ;
; N/A                                     ; None                                                ; -3.845 ns ; flush     ; isLW$latch         ; opCode[0] ;
; Timing analysis restricted to 200 rows. ; To change the limit use Settings (Assignments menu) ;           ;           ;                    ;           ;
+-----------------------------------------+-----------------------------------------------------+-----------+-----------+--------------------+-----------+


+--------------------------+
; Timing Analyzer Messages ;
+--------------------------+
Info: *******************************************************************
Info: Running Quartus II 64-Bit Classic Timing Analyzer
    Info: Version 7.2 Build 207 03/18/2008 Service Pack 3 SJ Full Version
    Info: Processing started: Thu May 23 12:31:29 2019
Info: Command: quartus_tan --read_settings_files=off --write_settings_files=off controller -c controller --timing_analysis_only
Warning: Timing Analysis is analyzing one or more combinational loops as latches
    Warning: Node "isMPFC$latch" is a latch
    Warning: Node "isJumpD$latch" is a latch
    Warning: Node "isReadDigit$latch" is a latch
    Warning: Node "isPrintDigit$latch" is a latch
    Warning: Node "isR$latch" is a latch
    Warning: Node "isLW$latch" is a latch
    Warning: Node "isSW$latch" is a latch
    Warning: Node "isBranch$latch" is a latch
    Warning: Node "isJR$latch" is a latch
Warning: Found pins functioning as undefined clocks and/or memory enables
    Info: Assuming node "func[1]" is a latch enable and/or memory write/read enable. Will not compute fmax for this pin.
    Info: Assuming node "func[2]" is a latch enable and/or memory write/read enable. Will not compute fmax for this pin.
    Info: Assuming node "func[0]" is a latch enable and/or memory write/read enable. Will not compute fmax for this pin.
    Info: Assuming node "flush" is a latch enable and/or memory write/read enable. Will not compute fmax for this pin.
    Info: Assuming node "opCode[0]" is a latch enable and/or memory write/read enable. Will not compute fmax for this pin.
    Info: Assuming node "opCode[2]" is a latch enable and/or memory write/read enable. Will not compute fmax for this pin.
    Info: Assuming node "opCode[3]" is a latch enable and/or memory write/read enable. Will not compute fmax for this pin.
    Info: Assuming node "opCode[1]" is a latch enable and/or memory write/read enable. Will not compute fmax for this pin.
Warning: Found 15 node(s) in clock paths which may be acting as ripple and/or gated clocks -- node(s) analyzed as buffer(s) resulting in clock skew
    Info: Detected gated clock "isJR~16" as buffer
    Info: Detected gated clock "isBranch~16" as buffer
    Info: Detected gated clock "isSW~16" as buffer
    Info: Detected gated clock "isLW~30" as buffer
    Info: Detected gated clock "isLW~28" as buffer
    Info: Detected gated clock "isR~6" as buffer
    Info: Detected gated clock "Mux17~10" as buffer
    Info: Detected gated clock "isPrintDigit~15" as buffer
    Info: Detected gated clock "isReadDigit~17" as buffer
    Info: Detected gated clock "isMPFC~84" as buffer
    Info: Detected gated clock "isJumpD~19" as buffer
    Info: Detected gated clock "isJumpD~17" as buffer
    Info: Detected gated clock "isMPFC~83" as buffer
    Info: Detected gated clock "isMPFC~81" as buffer
    Info: Detected gated clock "isMPFC~80" as buffer
Info: tsu for register "isJumpD$latch" (data pin = "opCode[1]", clock pin = "opCode[3]") is 5.431 ns
    Info: + Longest pin to register delay is 7.093 ns
        Info: 1: + IC(0.000 ns) + CELL(0.830 ns) = 0.830 ns; Loc. = PIN_D14; Fanout = 18; CLK Node = 'opCode[1]'
        Info: 2: + IC(5.104 ns) + CELL(0.437 ns) = 6.371 ns; Loc. = LCCOMB_X32_Y35_N12; Fanout = 1; COMB Node = 'isJumpD~18'
        Info: 3: + IC(0.451 ns) + CELL(0.271 ns) = 7.093 ns; Loc. = LCCOMB_X32_Y35_N10; Fanout = 1; REG Node = 'isJumpD$latch'
        Info: Total cell delay = 1.538 ns ( 21.68 % )
        Info: Total interconnect delay = 5.555 ns ( 78.32 % )
    Info: + Micro setup delay of destination is 0.858 ns
    Info: - Shortest clock path from clock "opCode[3]" to destination register is 2.520 ns
        Info: 1: + IC(0.000 ns) + CELL(0.850 ns) = 0.850 ns; Loc. = PIN_A14; Fanout = 10; CLK Node = 'opCode[3]'
        Info: 2: + IC(1.122 ns) + CELL(0.150 ns) = 2.122 ns; Loc. = LCCOMB_X32_Y35_N28; Fanout = 1; COMB Node = 'isJumpD~19'
        Info: 3: + IC(0.248 ns) + CELL(0.150 ns) = 2.520 ns; Loc. = LCCOMB_X32_Y35_N10; Fanout = 1; REG Node = 'isJumpD$latch'
        Info: Total cell delay = 1.150 ns ( 45.63 % )
        Info: Total interconnect delay = 1.370 ns ( 54.37 % )
Info: tco from clock "opCode[2]" to destination pin "isPrintDigit" through register "isPrintDigit$latch" is 7.320 ns
    Info: + Longest clock path from clock "opCode[2]" to source register is 3.429 ns
        Info: 1: + IC(0.000 ns) + CELL(0.979 ns) = 0.979 ns; Loc. = PIN_C13; Fanout = 10; CLK Node = 'opCode[2]'
        Info: 2: + IC(0.632 ns) + CELL(0.393 ns) = 2.004 ns; Loc. = LCCOMB_X32_Y35_N14; Fanout = 6; COMB Node = 'isJumpD~17'
        Info: 3: + IC(0.452 ns) + CELL(0.436 ns) = 2.892 ns; Loc. = LCCOMB_X33_Y35_N4; Fanout = 1; COMB Node = 'isPrintDigit~15'
        Info: 4: + IC(0.262 ns) + CELL(0.275 ns) = 3.429 ns; Loc. = LCCOMB_X33_Y35_N0; Fanout = 1; REG Node = 'isPrintDigit$latch'
        Info: Total cell delay = 2.083 ns ( 60.75 % )
        Info: Total interconnect delay = 1.346 ns ( 39.25 % )
    Info: + Micro clock to output delay of source is 0.000 ns
    Info: + Longest register to pin delay is 3.891 ns
        Info: 1: + IC(0.000 ns) + CELL(0.000 ns) = 0.000 ns; Loc. = LCCOMB_X33_Y35_N0; Fanout = 1; REG Node = 'isPrintDigit$latch'
        Info: 2: + IC(1.073 ns) + CELL(2.818 ns) = 3.891 ns; Loc. = PIN_J11; Fanout = 0; PIN Node = 'isPrintDigit'
        Info: Total cell delay = 2.818 ns ( 72.42 % )
        Info: Total interconnect delay = 1.073 ns ( 27.58 % )
Info: th for register "isBranch$latch" (data pin = "opCode[2]", clock pin = "opCode[3]") is 0.509 ns
    Info: + Longest clock path from clock "opCode[3]" to destination register is 3.435 ns
        Info: 1: + IC(0.000 ns) + CELL(0.850 ns) = 0.850 ns; Loc. = PIN_A14; Fanout = 10; CLK Node = 'opCode[3]'
        Info: 2: + IC(0.980 ns) + CELL(0.376 ns) = 2.206 ns; Loc. = LCCOMB_X33_Y35_N14; Fanout = 6; COMB Node = 'isMPFC~84'
        Info: 3: + IC(0.274 ns) + CELL(0.415 ns) = 2.895 ns; Loc. = LCCOMB_X33_Y35_N8; Fanout = 1; COMB Node = 'isBranch~16'
        Info: 4: + IC(0.265 ns) + CELL(0.275 ns) = 3.435 ns; Loc. = LCCOMB_X33_Y35_N22; Fanout = 1; REG Node = 'isBranch$latch'
        Info: Total cell delay = 1.916 ns ( 55.78 % )
        Info: Total interconnect delay = 1.519 ns ( 44.22 % )
    Info: + Micro hold delay of destination is 0.000 ns
    Info: - Shortest pin to register delay is 2.926 ns
        Info: 1: + IC(0.000 ns) + CELL(0.979 ns) = 0.979 ns; Loc. = PIN_C13; Fanout = 10; CLK Node = 'opCode[2]'
        Info: 2: + IC(0.806 ns) + CELL(0.436 ns) = 2.221 ns; Loc. = LCCOMB_X33_Y35_N20; Fanout = 1; COMB Node = 'isBranch~15'
        Info: 3: + IC(0.267 ns) + CELL(0.438 ns) = 2.926 ns; Loc. = LCCOMB_X33_Y35_N22; Fanout = 1; REG Node = 'isBranch$latch'
        Info: Total cell delay = 1.853 ns ( 63.33 % )
        Info: Total interconnect delay = 1.073 ns ( 36.67 % )
Info: Quartus II 64-Bit Classic Timing Analyzer was successful. 0 errors, 12 warnings
    Info: Allocated 4373 megabytes of memory during processing
    Info: Processing ended: Thu May 23 12:31:46 2019
    Info: Elapsed time: 00:00:17


