Analysis & Synthesis report for ALU
Thu May 09 14:38:49 2019
Quartus II 64-Bit Version 7.2 Build 207 03/18/2008 Service Pack 3 SJ Full Version


---------------------
; Table of Contents ;
---------------------
  1. Legal Notice
  2. Analysis & Synthesis Summary
  3. Analysis & Synthesis Settings
  4. Analysis & Synthesis Source Files Read
  5. Analysis & Synthesis Resource Usage Summary
  6. Analysis & Synthesis Resource Utilization by Entity
  7. User-Specified and Inferred Latches
  8. General Register Statistics
  9. Multiplexer Restructuring Statistics (Restructuring Performed)
 10. Parameter Settings for User Entity Instance: Top-level Entity: |ALU
 11. Analysis & Synthesis Messages



----------------
; Legal Notice ;
----------------
Copyright (C) 1991-2007 Altera Corporation
Your use of Altera Corporation's design tools, logic functions 
and other software and tools, and its AMPP partner logic 
functions, and any output files from any of the foregoing 
(including device programming or simulation files), and any 
associated documentation or information are expressly subject 
to the terms and conditions of the Altera Program License 
Subscription Agreement, Altera MegaCore Function License 
Agreement, or other applicable license agreement, including, 
without limitation, that your use is for the sole purpose of 
programming logic devices manufactured by Altera and sold by 
Altera or its authorized distributors.  Please refer to the 
applicable agreement for further details.



+------------------------------------------------------------------------------------+
; Analysis & Synthesis Summary                                                       ;
+------------------------------------+-----------------------------------------------+
; Analysis & Synthesis Status        ; Successful - Thu May 09 14:38:49 2019         ;
; Quartus II 64-Bit Version          ; 7.2 Build 207 03/18/2008 SP 3 SJ Full Version ;
; Revision Name                      ; ALU                                           ;
; Top-level Entity Name              ; ALU                                           ;
; Family                             ; Cyclone II                                    ;
; Total logic elements               ; 125                                           ;
;     Total combinational functions  ; 125                                           ;
;     Dedicated logic registers      ; 0                                             ;
; Total registers                    ; 0                                             ;
; Total pins                         ; 54                                            ;
; Total virtual pins                 ; 0                                             ;
; Total memory bits                  ; 0                                             ;
; Embedded Multiplier 9-bit elements ; 0                                             ;
; Total PLLs                         ; 0                                             ;
+------------------------------------+-----------------------------------------------+


+--------------------------------------------------------------------------------------------------------------------------+
; Analysis & Synthesis Settings                                                                                            ;
+--------------------------------------------------------------------------------+--------------------+--------------------+
; Option                                                                         ; Setting            ; Default Value      ;
+--------------------------------------------------------------------------------+--------------------+--------------------+
; Device                                                                         ; EP2C35F672C6       ;                    ;
; Top-level entity name                                                          ; ALU                ; ALU                ;
; Family name                                                                    ; Cyclone II         ; Stratix II         ;
; Use Generated Physical Constraints File                                        ; Off                ;                    ;
; Use smart compilation                                                          ; Off                ; Off                ;
; Maximum processors allowed for parallel compilation                            ; 1                  ; 1                  ;
; Restructure Multiplexers                                                       ; Auto               ; Auto               ;
; Create Debugging Nodes for IP Cores                                            ; Off                ; Off                ;
; Preserve fewer node names                                                      ; On                 ; On                 ;
; Disable OpenCore Plus hardware evaluation                                      ; Off                ; Off                ;
; Verilog Version                                                                ; Verilog_2001       ; Verilog_2001       ;
; VHDL Version                                                                   ; VHDL93             ; VHDL93             ;
; State Machine Processing                                                       ; Auto               ; Auto               ;
; Safe State Machine                                                             ; Off                ; Off                ;
; Extract Verilog State Machines                                                 ; On                 ; On                 ;
; Extract VHDL State Machines                                                    ; On                 ; On                 ;
; Ignore Verilog initial constructs                                              ; Off                ; Off                ;
; Add Pass-Through Logic to Inferred RAMs                                        ; On                 ; On                 ;
; Parallel Synthesis                                                             ; Off                ; Off                ;
; DSP Block Balancing                                                            ; Auto               ; Auto               ;
; NOT Gate Push-Back                                                             ; On                 ; On                 ;
; Power-Up Don't Care                                                            ; On                 ; On                 ;
; Remove Redundant Logic Cells                                                   ; Off                ; Off                ;
; Remove Duplicate Registers                                                     ; On                 ; On                 ;
; Ignore CARRY Buffers                                                           ; Off                ; Off                ;
; Ignore CASCADE Buffers                                                         ; Off                ; Off                ;
; Ignore GLOBAL Buffers                                                          ; Off                ; Off                ;
; Ignore ROW GLOBAL Buffers                                                      ; Off                ; Off                ;
; Ignore LCELL Buffers                                                           ; Off                ; Off                ;
; Ignore SOFT Buffers                                                            ; On                 ; On                 ;
; Limit AHDL Integers to 32 Bits                                                 ; Off                ; Off                ;
; Optimization Technique -- Cyclone II/Cyclone III                               ; Balanced           ; Balanced           ;
; Carry Chain Length -- Stratix/Stratix GX/Cyclone/MAX II/Cyclone II/Cyclone III ; 70                 ; 70                 ;
; Auto Carry Chains                                                              ; On                 ; On                 ;
; Auto Open-Drain Pins                                                           ; On                 ; On                 ;
; Perform WYSIWYG Primitive Resynthesis                                          ; Off                ; Off                ;
; Perform gate-level register retiming                                           ; Off                ; Off                ;
; Allow register retiming to trade off Tsu/Tco with Fmax                         ; On                 ; On                 ;
; Auto ROM Replacement                                                           ; On                 ; On                 ;
; Auto RAM Replacement                                                           ; On                 ; On                 ;
; Auto Shift Register Replacement                                                ; Auto               ; Auto               ;
; Auto Clock Enable Replacement                                                  ; On                 ; On                 ;
; Allow Synchronous Control Signals                                              ; On                 ; On                 ;
; Force Use of Synchronous Clear Signals                                         ; Off                ; Off                ;
; Auto RAM to Logic Cell Conversion                                              ; Off                ; Off                ;
; Auto Resource Sharing                                                          ; Off                ; Off                ;
; Allow Any RAM Size For Recognition                                             ; Off                ; Off                ;
; Allow Any ROM Size For Recognition                                             ; Off                ; Off                ;
; Allow Any Shift Register Size For Recognition                                  ; Off                ; Off                ;
; Ignore translate_off and synthesis_off directives                              ; Off                ; Off                ;
; Show Parameter Settings Tables in Synthesis Report                             ; On                 ; On                 ;
; Ignore Maximum Fan-Out Assignments                                             ; Off                ; Off                ;
; Retiming Meta-Stability Register Sequence Length                               ; 2                  ; 2                  ;
; PowerPlay Power Optimization                                                   ; Normal compilation ; Normal compilation ;
; HDL message level                                                              ; Level2             ; Level2             ;
; Suppress Register Optimization Related Messages                                ; Off                ; Off                ;
; Number of Removed Registers Reported in Synthesis Report                       ; 100                ; 100                ;
; Clock MUX Protection                                                           ; On                 ; On                 ;
; Block Design Naming                                                            ; Auto               ; Auto               ;
+--------------------------------------------------------------------------------+--------------------+--------------------+


+------------------------------------------------------------------------------------------------------------------+
; Analysis & Synthesis Source Files Read                                                                           ;
+----------------------------------+-----------------+-----------------+-------------------------------------------+
; File Name with User-Entered Path ; Used in Netlist ; File Type       ; File Name with Absolute Path              ;
+----------------------------------+-----------------+-----------------+-------------------------------------------+
; ALU.vhd                          ; yes             ; User VHDL File  ; C:/Users/p3130141/Desktop/NEW/ALU/ALU.vhd ;
+----------------------------------+-----------------+-----------------+-------------------------------------------+


+------------------------------------------------------------+
; Analysis & Synthesis Resource Usage Summary                ;
+---------------------------------------------+--------------+
; Resource                                    ; Usage        ;
+---------------------------------------------+--------------+
; Estimated Total logic elements              ; 125          ;
;                                             ;              ;
; Total combinational functions               ; 125          ;
; Logic element usage by number of LUT inputs ;              ;
;     -- 4 input functions                    ; 88           ;
;     -- 3 input functions                    ; 19           ;
;     -- <=2 input functions                  ; 18           ;
;                                             ;              ;
; Logic elements by mode                      ;              ;
;     -- normal mode                          ; 110          ;
;     -- arithmetic mode                      ; 15           ;
;                                             ;              ;
; Total registers                             ; 0            ;
;     -- Dedicated logic registers            ; 0            ;
;     -- I/O registers                        ; 0            ;
;                                             ;              ;
; I/O pins                                    ; 54           ;
; Maximum fan-out node                        ; operation[2] ;
; Maximum fan-out                             ; 35           ;
; Total fan-out                               ; 462          ;
; Average fan-out                             ; 2.58         ;
+---------------------------------------------+--------------+


+------------------------------------------------------------------------------------------------------------------------------------------------------------------------------------------+
; Analysis & Synthesis Resource Utilization by Entity                                                                                                                                      ;
+----------------------------+-------------------+--------------+-------------+--------------+---------+-----------+------+--------------+----------------------------------+--------------+
; Compilation Hierarchy Node ; LC Combinationals ; LC Registers ; Memory Bits ; DSP Elements ; DSP 9x9 ; DSP 18x18 ; Pins ; Virtual Pins ; Full Hierarchy Name              ; Library Name ;
+----------------------------+-------------------+--------------+-------------+--------------+---------+-----------+------+--------------+----------------------------------+--------------+
; |ALU                       ; 125 (66)          ; 0 (0)        ; 0           ; 0            ; 0       ; 0         ; 54   ; 0            ; |ALU                             ; work         ;
;    |AluSlice:G0|           ; 4 (0)             ; 0 (0)        ; 0           ; 0            ; 0       ; 0         ; 0    ; 0            ; |ALU|AluSlice:G0                 ; work         ;
;       |fa:G2|              ; 1 (1)             ; 0 (0)        ; 0           ; 0            ; 0       ; 0         ; 0    ; 0            ; |ALU|AluSlice:G0|fa:G2           ; work         ;
;       |mux3:G3|            ; 2 (0)             ; 0 (0)        ; 0           ; 0            ; 0       ; 0         ; 0    ; 0            ; |ALU|AluSlice:G0|mux3:G3         ; work         ;
;          |mux:G2|          ; 2 (2)             ; 0 (0)        ; 0           ; 0            ; 0       ; 0         ; 0    ; 0            ; |ALU|AluSlice:G0|mux3:G3|mux:G2  ; work         ;
;       |mux:G0|             ; 1 (1)             ; 0 (0)        ; 0           ; 0            ; 0       ; 0         ; 0    ; 0            ; |ALU|AluSlice:G0|mux:G0          ; work         ;
;    |AluSlice:G10|          ; 4 (0)             ; 0 (0)        ; 0           ; 0            ; 0       ; 0         ; 0    ; 0            ; |ALU|AluSlice:G10                ; work         ;
;       |fa:G2|              ; 2 (2)             ; 0 (0)        ; 0           ; 0            ; 0       ; 0         ; 0    ; 0            ; |ALU|AluSlice:G10|fa:G2          ; work         ;
;       |mux3:G3|            ; 1 (0)             ; 0 (0)        ; 0           ; 0            ; 0       ; 0         ; 0    ; 0            ; |ALU|AluSlice:G10|mux3:G3        ; work         ;
;          |mux:G1|          ; 1 (1)             ; 0 (0)        ; 0           ; 0            ; 0       ; 0         ; 0    ; 0            ; |ALU|AluSlice:G10|mux3:G3|mux:G1 ; work         ;
;       |mux:G0|             ; 1 (1)             ; 0 (0)        ; 0           ; 0            ; 0       ; 0         ; 0    ; 0            ; |ALU|AluSlice:G10|mux:G0         ; work         ;
;    |AluSlice:G11|          ; 4 (0)             ; 0 (0)        ; 0           ; 0            ; 0       ; 0         ; 0    ; 0            ; |ALU|AluSlice:G11                ; work         ;
;       |fa:G2|              ; 2 (2)             ; 0 (0)        ; 0           ; 0            ; 0       ; 0         ; 0    ; 0            ; |ALU|AluSlice:G11|fa:G2          ; work         ;
;       |mux3:G3|            ; 1 (0)             ; 0 (0)        ; 0           ; 0            ; 0       ; 0         ; 0    ; 0            ; |ALU|AluSlice:G11|mux3:G3        ; work         ;
;          |mux:G1|          ; 1 (1)             ; 0 (0)        ; 0           ; 0            ; 0       ; 0         ; 0    ; 0            ; |ALU|AluSlice:G11|mux3:G3|mux:G1 ; work         ;
;       |mux:G0|             ; 1 (1)             ; 0 (0)        ; 0           ; 0            ; 0       ; 0         ; 0    ; 0            ; |ALU|AluSlice:G11|mux:G0         ; work         ;
;    |AluSlice:G12|          ; 4 (0)             ; 0 (0)        ; 0           ; 0            ; 0       ; 0         ; 0    ; 0            ; |ALU|AluSlice:G12                ; work         ;
;       |fa:G2|              ; 2 (2)             ; 0 (0)        ; 0           ; 0            ; 0       ; 0         ; 0    ; 0            ; |ALU|AluSlice:G12|fa:G2          ; work         ;
;       |mux3:G3|            ; 1 (0)             ; 0 (0)        ; 0           ; 0            ; 0       ; 0         ; 0    ; 0            ; |ALU|AluSlice:G12|mux3:G3        ; work         ;
;          |mux:G1|          ; 1 (1)             ; 0 (0)        ; 0           ; 0            ; 0       ; 0         ; 0    ; 0            ; |ALU|AluSlice:G12|mux3:G3|mux:G1 ; work         ;
;       |mux:G0|             ; 1 (1)             ; 0 (0)        ; 0           ; 0            ; 0       ; 0         ; 0    ; 0            ; |ALU|AluSlice:G12|mux:G0         ; work         ;
;    |AluSlice:G13|          ; 4 (0)             ; 0 (0)        ; 0           ; 0            ; 0       ; 0         ; 0    ; 0            ; |ALU|AluSlice:G13                ; work         ;
;       |fa:G2|              ; 2 (2)             ; 0 (0)        ; 0           ; 0            ; 0       ; 0         ; 0    ; 0            ; |ALU|AluSlice:G13|fa:G2          ; work         ;
;       |mux3:G3|            ; 1 (0)             ; 0 (0)        ; 0           ; 0            ; 0       ; 0         ; 0    ; 0            ; |ALU|AluSlice:G13|mux3:G3        ; work         ;
;          |mux:G1|          ; 1 (1)             ; 0 (0)        ; 0           ; 0            ; 0       ; 0         ; 0    ; 0            ; |ALU|AluSlice:G13|mux3:G3|mux:G1 ; work         ;
;       |mux:G0|             ; 1 (1)             ; 0 (0)        ; 0           ; 0            ; 0       ; 0         ; 0    ; 0            ; |ALU|AluSlice:G13|mux:G0         ; work         ;
;    |AluSlice:G14|          ; 3 (0)             ; 0 (0)        ; 0           ; 0            ; 0       ; 0         ; 0    ; 0            ; |ALU|AluSlice:G14                ; work         ;
;       |fa:G2|              ; 1 (1)             ; 0 (0)        ; 0           ; 0            ; 0       ; 0         ; 0    ; 0            ; |ALU|AluSlice:G14|fa:G2          ; work         ;
;       |mux3:G3|            ; 1 (0)             ; 0 (0)        ; 0           ; 0            ; 0       ; 0         ; 0    ; 0            ; |ALU|AluSlice:G14|mux3:G3        ; work         ;
;          |mux:G1|          ; 1 (1)             ; 0 (0)        ; 0           ; 0            ; 0       ; 0         ; 0    ; 0            ; |ALU|AluSlice:G14|mux3:G3|mux:G1 ; work         ;
;       |mux:G0|             ; 1 (1)             ; 0 (0)        ; 0           ; 0            ; 0       ; 0         ; 0    ; 0            ; |ALU|AluSlice:G14|mux:G0         ; work         ;
;    |AluSlice:G1|           ; 4 (0)             ; 0 (0)        ; 0           ; 0            ; 0       ; 0         ; 0    ; 0            ; |ALU|AluSlice:G1                 ; work         ;
;       |fa:G2|              ; 2 (2)             ; 0 (0)        ; 0           ; 0            ; 0       ; 0         ; 0    ; 0            ; |ALU|AluSlice:G1|fa:G2           ; work         ;
;       |mux3:G3|            ; 1 (0)             ; 0 (0)        ; 0           ; 0            ; 0       ; 0         ; 0    ; 0            ; |ALU|AluSlice:G1|mux3:G3         ; work         ;
;          |mux:G1|          ; 1 (1)             ; 0 (0)        ; 0           ; 0            ; 0       ; 0         ; 0    ; 0            ; |ALU|AluSlice:G1|mux3:G3|mux:G1  ; work         ;
;       |mux:G0|             ; 1 (1)             ; 0 (0)        ; 0           ; 0            ; 0       ; 0         ; 0    ; 0            ; |ALU|AluSlice:G1|mux:G0          ; work         ;
;    |AluSlice:G2|           ; 4 (0)             ; 0 (0)        ; 0           ; 0            ; 0       ; 0         ; 0    ; 0            ; |ALU|AluSlice:G2                 ; work         ;
;       |fa:G2|              ; 2 (2)             ; 0 (0)        ; 0           ; 0            ; 0       ; 0         ; 0    ; 0            ; |ALU|AluSlice:G2|fa:G2           ; work         ;
;       |mux3:G3|            ; 1 (0)             ; 0 (0)        ; 0           ; 0            ; 0       ; 0         ; 0    ; 0            ; |ALU|AluSlice:G2|mux3:G3         ; work         ;
;          |mux:G1|          ; 1 (1)             ; 0 (0)        ; 0           ; 0            ; 0       ; 0         ; 0    ; 0            ; |ALU|AluSlice:G2|mux3:G3|mux:G1  ; work         ;
;       |mux:G0|             ; 1 (1)             ; 0 (0)        ; 0           ; 0            ; 0       ; 0         ; 0    ; 0            ; |ALU|AluSlice:G2|mux:G0          ; work         ;
;    |AluSlice:G3|           ; 4 (0)             ; 0 (0)        ; 0           ; 0            ; 0       ; 0         ; 0    ; 0            ; |ALU|AluSlice:G3                 ; work         ;
;       |fa:G2|              ; 2 (2)             ; 0 (0)        ; 0           ; 0            ; 0       ; 0         ; 0    ; 0            ; |ALU|AluSlice:G3|fa:G2           ; work         ;
;       |mux3:G3|            ; 1 (0)             ; 0 (0)        ; 0           ; 0            ; 0       ; 0         ; 0    ; 0            ; |ALU|AluSlice:G3|mux3:G3         ; work         ;
;          |mux:G1|          ; 1 (1)             ; 0 (0)        ; 0           ; 0            ; 0       ; 0         ; 0    ; 0            ; |ALU|AluSlice:G3|mux3:G3|mux:G1  ; work         ;
;       |mux:G0|             ; 1 (1)             ; 0 (0)        ; 0           ; 0            ; 0       ; 0         ; 0    ; 0            ; |ALU|AluSlice:G3|mux:G0          ; work         ;
;    |AluSlice:G4|           ; 4 (0)             ; 0 (0)        ; 0           ; 0            ; 0       ; 0         ; 0    ; 0            ; |ALU|AluSlice:G4                 ; work         ;
;       |fa:G2|              ; 2 (2)             ; 0 (0)        ; 0           ; 0            ; 0       ; 0         ; 0    ; 0            ; |ALU|AluSlice:G4|fa:G2           ; work         ;
;       |mux3:G3|            ; 1 (0)             ; 0 (0)        ; 0           ; 0            ; 0       ; 0         ; 0    ; 0            ; |ALU|AluSlice:G4|mux3:G3         ; work         ;
;          |mux:G1|          ; 1 (1)             ; 0 (0)        ; 0           ; 0            ; 0       ; 0         ; 0    ; 0            ; |ALU|AluSlice:G4|mux3:G3|mux:G1  ; work         ;
;       |mux:G0|             ; 1 (1)             ; 0 (0)        ; 0           ; 0            ; 0       ; 0         ; 0    ; 0            ; |ALU|AluSlice:G4|mux:G0          ; work         ;
;    |AluSlice:G5|           ; 4 (0)             ; 0 (0)        ; 0           ; 0            ; 0       ; 0         ; 0    ; 0            ; |ALU|AluSlice:G5                 ; work         ;
;       |fa:G2|              ; 2 (2)             ; 0 (0)        ; 0           ; 0            ; 0       ; 0         ; 0    ; 0            ; |ALU|AluSlice:G5|fa:G2           ; work         ;
;       |mux3:G3|            ; 1 (0)             ; 0 (0)        ; 0           ; 0            ; 0       ; 0         ; 0    ; 0            ; |ALU|AluSlice:G5|mux3:G3         ; work         ;
;          |mux:G1|          ; 1 (1)             ; 0 (0)        ; 0           ; 0            ; 0       ; 0         ; 0    ; 0            ; |ALU|AluSlice:G5|mux3:G3|mux:G1  ; work         ;
;       |mux:G0|             ; 1 (1)             ; 0 (0)        ; 0           ; 0            ; 0       ; 0         ; 0    ; 0            ; |ALU|AluSlice:G5|mux:G0          ; work         ;
;    |AluSlice:G6|           ; 4 (0)             ; 0 (0)        ; 0           ; 0            ; 0       ; 0         ; 0    ; 0            ; |ALU|AluSlice:G6                 ; work         ;
;       |fa:G2|              ; 2 (2)             ; 0 (0)        ; 0           ; 0            ; 0       ; 0         ; 0    ; 0            ; |ALU|AluSlice:G6|fa:G2           ; work         ;
;       |mux3:G3|            ; 1 (0)             ; 0 (0)        ; 0           ; 0            ; 0       ; 0         ; 0    ; 0            ; |ALU|AluSlice:G6|mux3:G3         ; work         ;
;          |mux:G1|          ; 1 (1)             ; 0 (0)        ; 0           ; 0            ; 0       ; 0         ; 0    ; 0            ; |ALU|AluSlice:G6|mux3:G3|mux:G1  ; work         ;
;       |mux:G0|             ; 1 (1)             ; 0 (0)        ; 0           ; 0            ; 0       ; 0         ; 0    ; 0            ; |ALU|AluSlice:G6|mux:G0          ; work         ;
;    |AluSlice:G7|           ; 4 (0)             ; 0 (0)        ; 0           ; 0            ; 0       ; 0         ; 0    ; 0            ; |ALU|AluSlice:G7                 ; work         ;
;       |fa:G2|              ; 2 (2)             ; 0 (0)        ; 0           ; 0            ; 0       ; 0         ; 0    ; 0            ; |ALU|AluSlice:G7|fa:G2           ; work         ;
;       |mux3:G3|            ; 1 (0)             ; 0 (0)        ; 0           ; 0            ; 0       ; 0         ; 0    ; 0            ; |ALU|AluSlice:G7|mux3:G3         ; work         ;
;          |mux:G1|          ; 1 (1)             ; 0 (0)        ; 0           ; 0            ; 0       ; 0         ; 0    ; 0            ; |ALU|AluSlice:G7|mux3:G3|mux:G1  ; work         ;
;       |mux:G0|             ; 1 (1)             ; 0 (0)        ; 0           ; 0            ; 0       ; 0         ; 0    ; 0            ; |ALU|AluSlice:G7|mux:G0          ; work         ;
;    |AluSlice:G8|           ; 4 (0)             ; 0 (0)        ; 0           ; 0            ; 0       ; 0         ; 0    ; 0            ; |ALU|AluSlice:G8                 ; work         ;
;       |fa:G2|              ; 2 (2)             ; 0 (0)        ; 0           ; 0            ; 0       ; 0         ; 0    ; 0            ; |ALU|AluSlice:G8|fa:G2           ; work         ;
;       |mux3:G3|            ; 1 (0)             ; 0 (0)        ; 0           ; 0            ; 0       ; 0         ; 0    ; 0            ; |ALU|AluSlice:G8|mux3:G3         ; work         ;
;          |mux:G1|          ; 1 (1)             ; 0 (0)        ; 0           ; 0            ; 0       ; 0         ; 0    ; 0            ; |ALU|AluSlice:G8|mux3:G3|mux:G1  ; work         ;
;       |mux:G0|             ; 1 (1)             ; 0 (0)        ; 0           ; 0            ; 0       ; 0         ; 0    ; 0            ; |ALU|AluSlice:G8|mux:G0          ; work         ;
;    |AluSlice:G9|           ; 4 (0)             ; 0 (0)        ; 0           ; 0            ; 0       ; 0         ; 0    ; 0            ; |ALU|AluSlice:G9                 ; work         ;
;       |fa:G2|              ; 2 (2)             ; 0 (0)        ; 0           ; 0            ; 0       ; 0         ; 0    ; 0            ; |ALU|AluSlice:G9|fa:G2           ; work         ;
;       |mux3:G3|            ; 1 (0)             ; 0 (0)        ; 0           ; 0            ; 0       ; 0         ; 0    ; 0            ; |ALU|AluSlice:G9|mux3:G3         ; work         ;
;          |mux:G1|          ; 1 (1)             ; 0 (0)        ; 0           ; 0            ; 0       ; 0         ; 0    ; 0            ; |ALU|AluSlice:G9|mux3:G3|mux:G1  ; work         ;
;       |mux:G0|             ; 1 (1)             ; 0 (0)        ; 0           ; 0            ; 0       ; 0         ; 0    ; 0            ; |ALU|AluSlice:G9|mux:G0          ; work         ;
+----------------------------+-------------------+--------------+-------------+--------------+---------+-----------+------+--------------+----------------------------------+--------------+
Note: For table entries with two numbers listed, the numbers in parentheses indicate the number of resources of the given type used by the specific entity alone. The numbers listed outside of parentheses indicate the total resources of the given type used by the specific entity and all of its sub-entities in the hierarchy.


+---------------------------------------------------------------------------------------------------+
; User-Specified and Inferred Latches                                                               ;
+----------------------------------------------------+---------------------+------------------------+
; Latch Name                                         ; Latch Enable Signal ; Free of Timing Hazards ;
+----------------------------------------------------+---------------------+------------------------+
; temp3                                              ; Mux18               ; yes                    ;
; Number of user-specified and inferred latches = 1  ;                     ;                        ;
+----------------------------------------------------+---------------------+------------------------+
Note: All latches listed above may not be present at the end of synthesis due to various synthesis optimizations.


+------------------------------------------------------+
; General Register Statistics                          ;
+----------------------------------------------+-------+
; Statistic                                    ; Value ;
+----------------------------------------------+-------+
; Total registers                              ; 0     ;
; Number of registers using Synchronous Clear  ; 0     ;
; Number of registers using Synchronous Load   ; 0     ;
; Number of registers using Asynchronous Clear ; 0     ;
; Number of registers using Asynchronous Load  ; 0     ;
; Number of registers using Clock Enable       ; 0     ;
; Number of registers using Preset             ; 0     ;
+----------------------------------------------+-------+


+------------------------------------------------------------------------------------------------------------------------------------------+
; Multiplexer Restructuring Statistics (Restructuring Performed)                                                                           ;
+--------------------+-----------+---------------+----------------------+------------------------+------------+----------------------------+
; Multiplexer Inputs ; Bus Width ; Baseline Area ; Area if Restructured ; Saving if Restructured ; Registered ; Example Multiplexer Output ;
+--------------------+-----------+---------------+----------------------+------------------------+------------+----------------------------+
; 7:1                ; 15 bits   ; 60 LEs        ; 30 LEs               ; 30 LEs                 ; No         ; |ALU|Mux15                 ;
+--------------------+-----------+---------------+----------------------+------------------------+------------+----------------------------+


+---------------------------------------------------------------------+
; Parameter Settings for User Entity Instance: Top-level Entity: |ALU ;
+----------------+-------+--------------------------------------------+
; Parameter Name ; Value ; Type                                       ;
+----------------+-------+--------------------------------------------+
; n              ; 16    ; Signed Integer                             ;
+----------------+-------+--------------------------------------------+
Note: In order to hide this table in the UI and the text report file, please set the "Show Parameter Settings Tables in Synthesis Report" option in "Analysis and Synthesis Settings -> More Settings" to "Off".


+-------------------------------+
; Analysis & Synthesis Messages ;
+-------------------------------+
Info: *******************************************************************
Info: Running Quartus II 64-Bit Analysis & Synthesis
    Info: Version 7.2 Build 207 03/18/2008 Service Pack 3 SJ Full Version
    Info: Processing started: Thu May 09 14:38:31 2019
Info: Command: quartus_map --read_settings_files=on --write_settings_files=off ALU -c ALU
Warning: Entity "mux" obtained from "C:/Users/p3130141/Desktop/NEW/ALU/ALU.vhd" instead of from Quartus II megafunction library
Info: Found 20 design units, including 10 entities, in source file ALU.vhd
    Info: Found design unit 1: AND1-LogicFunc
    Info: Found design unit 2: OR1-LogicFunc
    Info: Found design unit 3: XOR1-LogicFunc
    Info: Found design unit 4: fulladders-logic_structural
    Info: Found design unit 5: SIXTEENBITADDER-SIXTEENBITADDER_structure
    Info: Found design unit 6: mux-LogicFunc
    Info: Found design unit 7: mux3-LogicFunc
    Info: Found design unit 8: fa-LogicFunc
    Info: Found design unit 9: AluSlice-LogicFunc
    Info: Found design unit 10: ALU-Logicfunc
    Info: Found entity 1: AND1
    Info: Found entity 2: OR1
    Info: Found entity 3: XOR1
    Info: Found entity 4: fulladders
    Info: Found entity 5: SIXTEENBITADDER
    Info: Found entity 6: mux
    Info: Found entity 7: mux3
    Info: Found entity 8: fa
    Info: Found entity 9: AluSlice
    Info: Found entity 10: ALU
Info: Elaborating entity "ALU" for the top level hierarchy
Warning (10492): VHDL Process Statement warning at ALU.vhd(255): signal "tempoutput" is read inside the Process Statement but isn't in the Process Statement's sensitivity list
Warning (10492): VHDL Process Statement warning at ALU.vhd(257): signal "input1" is read inside the Process Statement but isn't in the Process Statement's sensitivity list
Warning (10492): VHDL Process Statement warning at ALU.vhd(257): signal "input2" is read inside the Process Statement but isn't in the Process Statement's sensitivity list
Warning (10492): VHDL Process Statement warning at ALU.vhd(259): signal "tempoutput" is read inside the Process Statement but isn't in the Process Statement's sensitivity list
Warning (10492): VHDL Process Statement warning at ALU.vhd(261): signal "tempoutput" is read inside the Process Statement but isn't in the Process Statement's sensitivity list
Warning (10492): VHDL Process Statement warning at ALU.vhd(263): signal "input1" is read inside the Process Statement but isn't in the Process Statement's sensitivity list
Warning (10492): VHDL Process Statement warning at ALU.vhd(265): signal "input1" is read inside the Process Statement but isn't in the Process Statement's sensitivity list
Warning (10492): VHDL Process Statement warning at ALU.vhd(268): signal "input1" is read inside the Process Statement but isn't in the Process Statement's sensitivity list
Warning (10492): VHDL Process Statement warning at ALU.vhd(272): signal "input1" is read inside the Process Statement but isn't in the Process Statement's sensitivity list
Warning (10492): VHDL Process Statement warning at ALU.vhd(272): signal "input2" is read inside the Process Statement but isn't in the Process Statement's sensitivity list
Warning (10492): VHDL Process Statement warning at ALU.vhd(277): signal "cout" is read inside the Process Statement but isn't in the Process Statement's sensitivity list
Warning (10631): VHDL Process Statement warning at ALU.vhd(248): inferring latch(es) for signal or variable "temp4", which holds its previous value in one or more paths through the process
Warning (10631): VHDL Process Statement warning at ALU.vhd(248): inferring latch(es) for signal or variable "temp3", which holds its previous value in one or more paths through the process
Info (10041): Inferred latch for "temp3" at ALU.vhd(248)
Info (10041): Inferred latch for "temp4" at ALU.vhd(248)
Info: Elaborating entity "AluSlice" for hierarchy "AluSlice:G0"
Info: Elaborating entity "mux" for hierarchy "AluSlice:G0|mux:G0"
Info: Elaborating entity "fa" for hierarchy "AluSlice:G0|fa:G2"
Info: Elaborating entity "mux3" for hierarchy "AluSlice:G0|mux3:G3"
Info: Implemented 179 device resources after synthesis - the final resource count might be different
    Info: Implemented 37 input pins
    Info: Implemented 17 output pins
    Info: Implemented 125 logic cells
Info: Quartus II 64-Bit Analysis & Synthesis was successful. 0 errors, 14 warnings
    Info: Allocated 4433 megabytes of memory during processing
    Info: Processing ended: Thu May 09 14:38:49 2019
    Info: Elapsed time: 00:00:18


