Classic Timing Analyzer report for register_MEM_WB
Thu May 23 13:41:58 2019
Quartus II 64-Bit Version 7.2 Build 207 03/18/2008 Service Pack 3 SJ Full Version


---------------------
; Table of Contents ;
---------------------
  1. Legal Notice
  2. Timing Analyzer Summary
  3. Timing Analyzer Settings
  4. tpd
  5. Timing Analyzer Messages



----------------
; Legal Notice ;
----------------
Copyright (C) 1991-2007 Altera Corporation
Your use of Altera Corporation's design tools, logic functions 
and other software and tools, and its AMPP partner logic 
functions, and any output files from any of the foregoing 
(including device programming or simulation files), and any 
associated documentation or information are expressly subject 
to the terms and conditions of the Altera Program License 
Subscription Agreement, Altera MegaCore Function License 
Agreement, or other applicable license agreement, including, 
without limitation, that your use is for the sole purpose of 
programming logic devices manufactured by Altera and sold by 
Altera or its authorized distributors.  Please refer to the 
applicable agreement for further details.



+----------------------------------------------------------------------------------------------------------------------------------------+
; Timing Analyzer Summary                                                                                                                ;
+------------------------------+-------+---------------+-------------+------------+---------------+------------+----------+--------------+
; Type                         ; Slack ; Required Time ; Actual Time ; From       ; To            ; From Clock ; To Clock ; Failed Paths ;
+------------------------------+-------+---------------+-------------+------------+---------------+------------+----------+--------------+
; Worst-case tpd               ; N/A   ; None          ; 8.906 ns    ; Result[15] ; writeData[15] ; --         ; --       ; 0            ;
; Total number of failed paths ;       ;               ;             ;            ;               ;            ;          ; 0            ;
+------------------------------+-------+---------------+-------------+------------+---------------+------------+----------+--------------+


+---------------------------------------------------------------------------------------------------------------+
; Timing Analyzer Settings                                                                                      ;
+----------------------------------------------------------------+--------------------+------+----+-------------+
; Option                                                         ; Setting            ; From ; To ; Entity Name ;
+----------------------------------------------------------------+--------------------+------+----+-------------+
; Device Name                                                    ; EP2C35F672C6       ;      ;    ;             ;
; Timing Models                                                  ; Final              ;      ;    ;             ;
; Default hold multicycle                                        ; Same as Multicycle ;      ;    ;             ;
; Cut paths between unrelated clock domains                      ; On                 ;      ;    ;             ;
; Cut off read during write signal paths                         ; On                 ;      ;    ;             ;
; Cut off feedback from I/O pins                                 ; On                 ;      ;    ;             ;
; Report Combined Fast/Slow Timing                               ; Off                ;      ;    ;             ;
; Ignore Clock Settings                                          ; Off                ;      ;    ;             ;
; Analyze latches as synchronous elements                        ; On                 ;      ;    ;             ;
; Enable Recovery/Removal analysis                               ; Off                ;      ;    ;             ;
; Enable Clock Latency                                           ; Off                ;      ;    ;             ;
; Use TimeQuest Timing Analyzer                                  ; Off                ;      ;    ;             ;
; Number of source nodes to report per destination node          ; 10                 ;      ;    ;             ;
; Number of destination nodes to report                          ; 10                 ;      ;    ;             ;
; Number of paths to report                                      ; 200                ;      ;    ;             ;
; Report Minimum Timing Checks                                   ; Off                ;      ;    ;             ;
; Use Fast Timing Models                                         ; Off                ;      ;    ;             ;
; Report IO Paths Separately                                     ; Off                ;      ;    ;             ;
; Perform Multicorner Analysis                                   ; On                 ;      ;    ;             ;
; Reports the worst-case path for each clock domain and analysis ; Off                ;      ;    ;             ;
+----------------------------------------------------------------+--------------------+------+----+-------------+


+--------------------------------------------------------------------------+
; tpd                                                                      ;
+-------+-------------------+-----------------+------------+---------------+
; Slack ; Required P2P Time ; Actual P2P Time ; From       ; To            ;
+-------+-------------------+-----------------+------------+---------------+
; N/A   ; None              ; 8.906 ns        ; Result[15] ; writeData[15] ;
; N/A   ; None              ; 8.903 ns        ; RegAD[1]   ; writeAD[1]    ;
; N/A   ; None              ; 8.875 ns        ; Result[1]  ; writeData[1]  ;
; N/A   ; None              ; 8.860 ns        ; Result[10] ; writeData[10] ;
; N/A   ; None              ; 8.858 ns        ; Result[6]  ; writeData[6]  ;
; N/A   ; None              ; 8.833 ns        ; Result[3]  ; writeData[3]  ;
; N/A   ; None              ; 8.829 ns        ; Result[14] ; writeData[14] ;
; N/A   ; None              ; 8.828 ns        ; Result[12] ; writeData[12] ;
; N/A   ; None              ; 8.815 ns        ; Result[9]  ; writeData[9]  ;
; N/A   ; None              ; 8.815 ns        ; Result[7]  ; writeData[7]  ;
; N/A   ; None              ; 8.807 ns        ; Result[11] ; writeData[11] ;
; N/A   ; None              ; 8.796 ns        ; Result[4]  ; writeData[4]  ;
; N/A   ; None              ; 8.783 ns        ; Result[8]  ; writeData[8]  ;
; N/A   ; None              ; 8.650 ns        ; Result[5]  ; writeData[5]  ;
; N/A   ; None              ; 8.598 ns        ; RegAD[0]   ; writeAD[0]    ;
; N/A   ; None              ; 7.996 ns        ; Result[2]  ; writeData[2]  ;
; N/A   ; None              ; 7.956 ns        ; RegAD[2]   ; writeAD[2]    ;
; N/A   ; None              ; 7.934 ns        ; Result[13] ; writeData[13] ;
; N/A   ; None              ; 4.791 ns        ; Result[0]  ; writeData[0]  ;
+-------+-------------------+-----------------+------------+---------------+


+--------------------------+
; Timing Analyzer Messages ;
+--------------------------+
Info: *******************************************************************
Info: Running Quartus II 64-Bit Classic Timing Analyzer
    Info: Version 7.2 Build 207 03/18/2008 Service Pack 3 SJ Full Version
    Info: Processing started: Thu May 23 13:41:42 2019
Info: Command: quartus_tan --read_settings_files=off --write_settings_files=off register_MEM_WB -c register_MEM_WB --timing_analysis_only
Info: Longest tpd from source pin "Result[15]" to destination pin "writeData[15]" is 8.906 ns
    Info: 1: + IC(0.000 ns) + CELL(0.840 ns) = 0.840 ns; Loc. = PIN_K9; Fanout = 1; PIN Node = 'Result[15]'
    Info: 2: + IC(5.258 ns) + CELL(2.808 ns) = 8.906 ns; Loc. = PIN_D5; Fanout = 0; PIN Node = 'writeData[15]'
    Info: Total cell delay = 3.648 ns ( 40.96 % )
    Info: Total interconnect delay = 5.258 ns ( 59.04 % )
Info: Quartus II 64-Bit Classic Timing Analyzer was successful. 0 errors, 0 warnings
    Info: Allocated 4373 megabytes of memory during processing
    Info: Processing ended: Thu May 23 13:41:59 2019
    Info: Elapsed time: 00:00:17


