Classic Timing Analyzer report for Forwarder
Thu May 23 12:05:39 2019
Quartus II 64-Bit Version 7.2 Build 207 03/18/2008 Service Pack 3 SJ Full Version


---------------------
; Table of Contents ;
---------------------
  1. Legal Notice
  2. Timing Analyzer Summary
  3. Timing Analyzer Settings
  4. tpd
  5. Timing Analyzer Messages



----------------
; Legal Notice ;
----------------
Copyright (C) 1991-2007 Altera Corporation
Your use of Altera Corporation's design tools, logic functions 
and other software and tools, and its AMPP partner logic 
functions, and any output files from any of the foregoing 
(including device programming or simulation files), and any 
associated documentation or information are expressly subject 
to the terms and conditions of the Altera Program License 
Subscription Agreement, Altera MegaCore Function License 
Agreement, or other applicable license agreement, including, 
without limitation, that your use is for the sole purpose of 
programming logic devices manufactured by Altera and sold by 
Altera or its authorized distributors.  Please refer to the 
applicable agreement for further details.



+------------------------------------------------------------------------------------------------------------------------------------+
; Timing Analyzer Summary                                                                                                            ;
+------------------------------+-------+---------------+-------------+----------------+-------+------------+----------+--------------+
; Type                         ; Slack ; Required Time ; Actual Time ; From           ; To    ; From Clock ; To Clock ; Failed Paths ;
+------------------------------+-------+---------------+-------------+----------------+-------+------------+----------+--------------+
; Worst-case tpd               ; N/A   ; None          ; 11.484 ns   ; regAD_EXMEM[0] ; S2[0] ; --         ; --       ; 0            ;
; Total number of failed paths ;       ;               ;             ;                ;       ;            ;          ; 0            ;
+------------------------------+-------+---------------+-------------+----------------+-------+------------+----------+--------------+


+---------------------------------------------------------------------------------------------------------------+
; Timing Analyzer Settings                                                                                      ;
+----------------------------------------------------------------+--------------------+------+----+-------------+
; Option                                                         ; Setting            ; From ; To ; Entity Name ;
+----------------------------------------------------------------+--------------------+------+----+-------------+
; Device Name                                                    ; EP2C35F672C6       ;      ;    ;             ;
; Timing Models                                                  ; Final              ;      ;    ;             ;
; Default hold multicycle                                        ; Same as Multicycle ;      ;    ;             ;
; Cut paths between unrelated clock domains                      ; On                 ;      ;    ;             ;
; Cut off read during write signal paths                         ; On                 ;      ;    ;             ;
; Cut off feedback from I/O pins                                 ; On                 ;      ;    ;             ;
; Report Combined Fast/Slow Timing                               ; Off                ;      ;    ;             ;
; Ignore Clock Settings                                          ; Off                ;      ;    ;             ;
; Analyze latches as synchronous elements                        ; On                 ;      ;    ;             ;
; Enable Recovery/Removal analysis                               ; Off                ;      ;    ;             ;
; Enable Clock Latency                                           ; Off                ;      ;    ;             ;
; Use TimeQuest Timing Analyzer                                  ; Off                ;      ;    ;             ;
; Number of source nodes to report per destination node          ; 10                 ;      ;    ;             ;
; Number of destination nodes to report                          ; 10                 ;      ;    ;             ;
; Number of paths to report                                      ; 200                ;      ;    ;             ;
; Report Minimum Timing Checks                                   ; Off                ;      ;    ;             ;
; Use Fast Timing Models                                         ; Off                ;      ;    ;             ;
; Report IO Paths Separately                                     ; Off                ;      ;    ;             ;
; Perform Multicorner Analysis                                   ; On                 ;      ;    ;             ;
; Reports the worst-case path for each clock domain and analysis ; Off                ;      ;    ;             ;
+----------------------------------------------------------------+--------------------+------+----+-------------+


+----------------------------------------------------------------------+
; tpd                                                                  ;
+-------+-------------------+-----------------+----------------+-------+
; Slack ; Required P2P Time ; Actual P2P Time ; From           ; To    ;
+-------+-------------------+-----------------+----------------+-------+
; N/A   ; None              ; 11.484 ns       ; regAD_EXMEM[0] ; S2[0] ;
; N/A   ; None              ; 11.144 ns       ; regAD_EXMEM[0] ; S1[0] ;
; N/A   ; None              ; 11.018 ns       ; regAD_EXMEM[0] ; S2[1] ;
; N/A   ; None              ; 10.785 ns       ; R2AD[1]        ; S2[0] ;
; N/A   ; None              ; 10.748 ns       ; regAD_EXMEM[0] ; S1[1] ;
; N/A   ; None              ; 10.648 ns       ; R2AD[0]        ; S2[0] ;
; N/A   ; None              ; 10.626 ns       ; regAD_EXMEM[2] ; S2[0] ;
; N/A   ; None              ; 10.621 ns       ; RegAD_MEMWB[1] ; S2[0] ;
; N/A   ; None              ; 10.573 ns       ; R2AD[2]        ; S2[0] ;
; N/A   ; None              ; 10.541 ns       ; RegAD_MEMWB[0] ; S2[0] ;
; N/A   ; None              ; 10.332 ns       ; RegAD_MEMWB[0] ; S1[0] ;
; N/A   ; None              ; 10.293 ns       ; R1AD[2]        ; S1[0] ;
; N/A   ; None              ; 10.289 ns       ; regAD_EXMEM[2] ; S1[0] ;
; N/A   ; None              ; 10.246 ns       ; regAD_EXMEM[1] ; S2[0] ;
; N/A   ; None              ; 10.182 ns       ; R2AD[0]        ; S2[1] ;
; N/A   ; None              ; 10.160 ns       ; regAD_EXMEM[2] ; S2[1] ;
; N/A   ; None              ; 10.107 ns       ; R2AD[2]        ; S2[1] ;
; N/A   ; None              ; 9.982 ns        ; R2AD[1]        ; S2[1] ;
; N/A   ; None              ; 9.914 ns        ; regAD_EXMEM[1] ; S1[0] ;
; N/A   ; None              ; 9.897 ns        ; R1AD[2]        ; S1[1] ;
; N/A   ; None              ; 9.893 ns        ; RegAD_MEMWB[2] ; S2[0] ;
; N/A   ; None              ; 9.893 ns        ; regAD_EXMEM[2] ; S1[1] ;
; N/A   ; None              ; 9.780 ns        ; regAD_EXMEM[1] ; S2[1] ;
; N/A   ; None              ; 9.765 ns        ; RegAD_MEMWB[1] ; S1[0] ;
; N/A   ; None              ; 9.713 ns        ; RegAD_MEMWB[2] ; S1[0] ;
; N/A   ; None              ; 9.518 ns        ; regAD_EXMEM[1] ; S1[1] ;
; N/A   ; None              ; 7.072 ns        ; R1AD[0]        ; S1[0] ;
; N/A   ; None              ; 6.676 ns        ; R1AD[0]        ; S1[1] ;
; N/A   ; None              ; 6.655 ns        ; R1AD[1]        ; S1[0] ;
; N/A   ; None              ; 6.136 ns        ; R1AD[1]        ; S1[1] ;
+-------+-------------------+-----------------+----------------+-------+


+--------------------------+
; Timing Analyzer Messages ;
+--------------------------+
Info: *******************************************************************
Info: Running Quartus II 64-Bit Classic Timing Analyzer
    Info: Version 7.2 Build 207 03/18/2008 Service Pack 3 SJ Full Version
    Info: Processing started: Thu May 23 12:05:23 2019
Info: Command: quartus_tan --read_settings_files=off --write_settings_files=off Forwarder -c Forwarder --timing_analysis_only
Info: Longest tpd from source pin "regAD_EXMEM[0]" to destination pin "S2[0]" is 11.484 ns
    Info: 1: + IC(0.000 ns) + CELL(0.850 ns) = 0.850 ns; Loc. = PIN_AB8; Fanout = 2; PIN Node = 'regAD_EXMEM[0]'
    Info: 2: + IC(5.821 ns) + CELL(0.275 ns) = 6.946 ns; Loc. = LCCOMB_X10_Y33_N6; Fanout = 1; COMB Node = 'Equal2~18'
    Info: 3: + IC(0.246 ns) + CELL(0.150 ns) = 7.342 ns; Loc. = LCCOMB_X10_Y33_N2; Fanout = 2; COMB Node = 'Equal2~19'
    Info: 4: + IC(0.248 ns) + CELL(0.150 ns) = 7.740 ns; Loc. = LCCOMB_X10_Y33_N28; Fanout = 1; COMB Node = 'S2~24'
    Info: 5: + IC(1.082 ns) + CELL(2.662 ns) = 11.484 ns; Loc. = PIN_C2; Fanout = 0; PIN Node = 'S2[0]'
    Info: Total cell delay = 4.087 ns ( 35.59 % )
    Info: Total interconnect delay = 7.397 ns ( 64.41 % )
Info: Quartus II 64-Bit Classic Timing Analyzer was successful. 0 errors, 0 warnings
    Info: Allocated 4373 megabytes of memory during processing
    Info: Processing ended: Thu May 23 12:05:39 2019
    Info: Elapsed time: 00:00:16


