Flow report for reg16b
Thu May 23 14:01:30 2019
Quartus II 64-Bit Version 7.2 Build 207 03/18/2008 Service Pack 3 SJ Full Version


---------------------
; Table of Contents ;
---------------------
  1. Legal Notice
  2. Flow Summary
  3. Flow Settings
  4. Flow Non-Default Global Settings
  5. Flow Elapsed Time
  6. Flow Log



----------------
; Legal Notice ;
----------------
Copyright (C) 1991-2007 Altera Corporation
Your use of Altera Corporation's design tools, logic functions 
and other software and tools, and its AMPP partner logic 
functions, and any output files from any of the foregoing 
(including device programming or simulation files), and any 
associated documentation or information are expressly subject 
to the terms and conditions of the Altera Program License 
Subscription Agreement, Altera MegaCore Function License 
Agreement, or other applicable license agreement, including, 
without limitation, that your use is for the sole purpose of 
programming logic devices manufactured by Altera and sold by 
Altera or its authorized distributors.  Please refer to the 
applicable agreement for further details.



+------------------------------------------------------------------------------------+
; Flow Summary                                                                       ;
+------------------------------------+-----------------------------------------------+
; Flow Status                        ; Successful - Thu May 23 14:01:30 2019         ;
; Quartus II 64-Bit Version          ; 7.2 Build 207 03/18/2008 SP 3 SJ Full Version ;
; Revision Name                      ; reg16b                                        ;
; Top-level Entity Name              ; reg16b                                        ;
; Family                             ; Cyclone II                                    ;
; Device                             ; EP2C35F672C6                                  ;
; Timing Models                      ; Final                                         ;
; Met timing requirements            ; Yes                                           ;
; Total logic elements               ; 0 / 33,216 ( 0 % )                            ;
;     Total combinational functions  ; 0 / 33,216 ( 0 % )                            ;
;     Dedicated logic registers      ; 0 / 33,216 ( 0 % )                            ;
; Total registers                    ; 0                                             ;
; Total pins                         ; 34 / 475 ( 7 % )                              ;
; Total virtual pins                 ; 0                                             ;
; Total memory bits                  ; 0 / 483,840 ( 0 % )                           ;
; Embedded Multiplier 9-bit elements ; 0 / 70 ( 0 % )                                ;
; Total PLLs                         ; 0 / 4 ( 0 % )                                 ;
+------------------------------------+-----------------------------------------------+


+-----------------------------------------+
; Flow Settings                           ;
+-------------------+---------------------+
; Option            ; Setting             ;
+-------------------+---------------------+
; Start date & time ; 05/23/2019 14:00:30 ;
; Main task         ; Compilation         ;
; Revision Name     ; reg16b              ;
+-------------------+---------------------+


+-----------------------------------------------------------------------------------------+
; Flow Non-Default Global Settings                                                        ;
+------------------------------------+---------+---------------+-------------+------------+
; Assignment Name                    ; Value   ; Default Value ; Entity Name ; Section Id ;
+------------------------------------+---------+---------------+-------------+------------+
; PARTITION_COLOR                    ; 2147039 ; --            ; --          ; Top        ;
; PARTITION_NETLIST_TYPE             ; SOURCE  ; --            ; --          ; Top        ;
; USE_GENERATED_PHYSICAL_CONSTRAINTS ; Off     ; --            ; --          ; eda_palace ;
+------------------------------------+---------+---------------+-------------+------------+


+------------------------------------------------------------------+
; Flow Elapsed Time                                                ;
+-------------------------+--------------+-------------------------+
; Module Name             ; Elapsed Time ; Average Processors Used ;
+-------------------------+--------------+-------------------------+
; Analysis & Synthesis    ; 00:00:17     ; 1.0                     ;
; Fitter                  ; 00:00:20     ; 1.0                     ;
; Assembler               ; 00:00:19     ; 1.0                     ;
; Classic Timing Analyzer ; 00:00:17     ; 1.0                     ;
; Total                   ; 00:01:13     ; --                      ;
+-------------------------+--------------+-------------------------+


------------
; Flow Log ;
------------
quartus_map --read_settings_files=on --write_settings_files=off reg16b -c reg16b
quartus_fit --read_settings_files=off --write_settings_files=off reg16b -c reg16b
quartus_asm --read_settings_files=off --write_settings_files=off reg16b -c reg16b
quartus_tan --read_settings_files=off --write_settings_files=off reg16b -c reg16b --timing_analysis_only



