Analysis & Synthesis report for regFile
Thu May 09 13:45:53 2019
Quartus II 64-Bit Version 7.2 Build 207 03/18/2008 Service Pack 3 SJ Full Version


---------------------
; Table of Contents ;
---------------------
  1. Legal Notice
  2. Analysis & Synthesis Summary
  3. Analysis & Synthesis Settings
  4. Analysis & Synthesis Source Files Read
  5. Analysis & Synthesis Resource Usage Summary
  6. Analysis & Synthesis Resource Utilization by Entity
  7. Logic Cells Representing Combinational Loops
  8. General Register Statistics
  9. Multiplexer Restructuring Statistics (Restructuring Performed)
 10. Parameter Settings for User Entity Instance: Top-level Entity: |regFile
 11. Parameter Settings for User Entity Instance: reg0:G1
 12. Parameter Settings for User Entity Instance: reg16:G2
 13. Parameter Settings for User Entity Instance: reg16:G3
 14. Parameter Settings for User Entity Instance: reg16:G4
 15. Parameter Settings for User Entity Instance: reg16:G5
 16. Parameter Settings for User Entity Instance: reg16:G6
 17. Parameter Settings for User Entity Instance: reg16:G7
 18. Parameter Settings for User Entity Instance: reg16:G8
 19. Parameter Settings for User Entity Instance: mux8:G9
 20. Parameter Settings for User Entity Instance: mux8:G10
 21. Analysis & Synthesis Messages



----------------
; Legal Notice ;
----------------
Copyright (C) 1991-2007 Altera Corporation
Your use of Altera Corporation's design tools, logic functions 
and other software and tools, and its AMPP partner logic 
functions, and any output files from any of the foregoing 
(including device programming or simulation files), and any 
associated documentation or information are expressly subject 
to the terms and conditions of the Altera Program License 
Subscription Agreement, Altera MegaCore Function License 
Agreement, or other applicable license agreement, including, 
without limitation, that your use is for the sole purpose of 
programming logic devices manufactured by Altera and sold by 
Altera or its authorized distributors.  Please refer to the 
applicable agreement for further details.



+------------------------------------------------------------------------------------+
; Analysis & Synthesis Summary                                                       ;
+------------------------------------+-----------------------------------------------+
; Analysis & Synthesis Status        ; Successful - Thu May 09 13:45:53 2019         ;
; Quartus II 64-Bit Version          ; 7.2 Build 207 03/18/2008 SP 3 SJ Full Version ;
; Revision Name                      ; regFile                                       ;
; Top-level Entity Name              ; regFile                                       ;
; Family                             ; Cyclone II                                    ;
; Total logic elements               ; 477                                           ;
;     Total combinational functions  ; 477                                           ;
;     Dedicated logic registers      ; 0                                             ;
; Total registers                    ; 0                                             ;
; Total pins                         ; 186                                           ;
; Total virtual pins                 ; 0                                             ;
; Total memory bits                  ; 0                                             ;
; Embedded Multiplier 9-bit elements ; 0                                             ;
; Total PLLs                         ; 0                                             ;
+------------------------------------+-----------------------------------------------+


+--------------------------------------------------------------------------------------------------------------------------+
; Analysis & Synthesis Settings                                                                                            ;
+--------------------------------------------------------------------------------+--------------------+--------------------+
; Option                                                                         ; Setting            ; Default Value      ;
+--------------------------------------------------------------------------------+--------------------+--------------------+
; Device                                                                         ; EP2C35F672C6       ;                    ;
; Top-level entity name                                                          ; regFile            ; regFile            ;
; Family name                                                                    ; Cyclone II         ; Stratix II         ;
; Use Generated Physical Constraints File                                        ; Off                ;                    ;
; Use smart compilation                                                          ; Off                ; Off                ;
; Maximum processors allowed for parallel compilation                            ; 1                  ; 1                  ;
; Restructure Multiplexers                                                       ; Auto               ; Auto               ;
; Create Debugging Nodes for IP Cores                                            ; Off                ; Off                ;
; Preserve fewer node names                                                      ; On                 ; On                 ;
; Disable OpenCore Plus hardware evaluation                                      ; Off                ; Off                ;
; Verilog Version                                                                ; Verilog_2001       ; Verilog_2001       ;
; VHDL Version                                                                   ; VHDL93             ; VHDL93             ;
; State Machine Processing                                                       ; Auto               ; Auto               ;
; Safe State Machine                                                             ; Off                ; Off                ;
; Extract Verilog State Machines                                                 ; On                 ; On                 ;
; Extract VHDL State Machines                                                    ; On                 ; On                 ;
; Ignore Verilog initial constructs                                              ; Off                ; Off                ;
; Add Pass-Through Logic to Inferred RAMs                                        ; On                 ; On                 ;
; Parallel Synthesis                                                             ; Off                ; Off                ;
; DSP Block Balancing                                                            ; Auto               ; Auto               ;
; NOT Gate Push-Back                                                             ; On                 ; On                 ;
; Power-Up Don't Care                                                            ; On                 ; On                 ;
; Remove Redundant Logic Cells                                                   ; Off                ; Off                ;
; Remove Duplicate Registers                                                     ; On                 ; On                 ;
; Ignore CARRY Buffers                                                           ; Off                ; Off                ;
; Ignore CASCADE Buffers                                                         ; Off                ; Off                ;
; Ignore GLOBAL Buffers                                                          ; Off                ; Off                ;
; Ignore ROW GLOBAL Buffers                                                      ; Off                ; Off                ;
; Ignore LCELL Buffers                                                           ; Off                ; Off                ;
; Ignore SOFT Buffers                                                            ; On                 ; On                 ;
; Limit AHDL Integers to 32 Bits                                                 ; Off                ; Off                ;
; Optimization Technique -- Cyclone II/Cyclone III                               ; Balanced           ; Balanced           ;
; Carry Chain Length -- Stratix/Stratix GX/Cyclone/MAX II/Cyclone II/Cyclone III ; 70                 ; 70                 ;
; Auto Carry Chains                                                              ; On                 ; On                 ;
; Auto Open-Drain Pins                                                           ; On                 ; On                 ;
; Perform WYSIWYG Primitive Resynthesis                                          ; Off                ; Off                ;
; Perform gate-level register retiming                                           ; Off                ; Off                ;
; Allow register retiming to trade off Tsu/Tco with Fmax                         ; On                 ; On                 ;
; Auto ROM Replacement                                                           ; On                 ; On                 ;
; Auto RAM Replacement                                                           ; On                 ; On                 ;
; Auto Shift Register Replacement                                                ; Auto               ; Auto               ;
; Auto Clock Enable Replacement                                                  ; On                 ; On                 ;
; Allow Synchronous Control Signals                                              ; On                 ; On                 ;
; Force Use of Synchronous Clear Signals                                         ; Off                ; Off                ;
; Auto RAM to Logic Cell Conversion                                              ; Off                ; Off                ;
; Auto Resource Sharing                                                          ; Off                ; Off                ;
; Allow Any RAM Size For Recognition                                             ; Off                ; Off                ;
; Allow Any ROM Size For Recognition                                             ; Off                ; Off                ;
; Allow Any Shift Register Size For Recognition                                  ; Off                ; Off                ;
; Ignore translate_off and synthesis_off directives                              ; Off                ; Off                ;
; Show Parameter Settings Tables in Synthesis Report                             ; On                 ; On                 ;
; Ignore Maximum Fan-Out Assignments                                             ; Off                ; Off                ;
; Retiming Meta-Stability Register Sequence Length                               ; 2                  ; 2                  ;
; PowerPlay Power Optimization                                                   ; Normal compilation ; Normal compilation ;
; HDL message level                                                              ; Level2             ; Level2             ;
; Suppress Register Optimization Related Messages                                ; Off                ; Off                ;
; Number of Removed Registers Reported in Synthesis Report                       ; 100                ; 100                ;
; Clock MUX Protection                                                           ; On                 ; On                 ;
; Block Design Naming                                                            ; Auto               ; Auto               ;
+--------------------------------------------------------------------------------+--------------------+--------------------+


+--------------------------------------------------------------------------------------------------------------------------+
; Analysis & Synthesis Source Files Read                                                                                   ;
+----------------------------------+-----------------+-----------------+---------------------------------------------------+
; File Name with User-Entered Path ; Used in Netlist ; File Type       ; File Name with Absolute Path                      ;
+----------------------------------+-----------------+-----------------+---------------------------------------------------+
; regFile.vhd                      ; yes             ; User VHDL File  ; C:/Users/p3130141/Desktop/NEW/regFile/regFile.vhd ;
+----------------------------------+-----------------+-----------------+---------------------------------------------------+


+----------------------------------------------------------------------+
; Analysis & Synthesis Resource Usage Summary                          ;
+---------------------------------------------+------------------------+
; Resource                                    ; Usage                  ;
+---------------------------------------------+------------------------+
; Estimated Total logic elements              ; 477                    ;
;                                             ;                        ;
; Total combinational functions               ; 477                    ;
; Logic element usage by number of LUT inputs ;                        ;
;     -- 4 input functions                    ; 359                    ;
;     -- 3 input functions                    ; 116                    ;
;     -- <=2 input functions                  ; 2                      ;
;                                             ;                        ;
; Logic elements by mode                      ;                        ;
;     -- normal mode                          ; 477                    ;
;     -- arithmetic mode                      ; 0                      ;
;                                             ;                        ;
; Total registers                             ; 0                      ;
;     -- Dedicated logic registers            ; 0                      ;
;     -- I/O registers                        ; 0                      ;
;                                             ;                        ;
; I/O pins                                    ; 186                    ;
; Maximum fan-out node                        ; decode3to8:G0|Mux3~879 ;
; Maximum fan-out                             ; 48                     ;
; Total fan-out                               ; 1932                   ;
; Average fan-out                             ; 2.91                   ;
+---------------------------------------------+------------------------+


+-----------------------------------------------------------------------------------------------------------------------------------------------------------------------------------+
; Analysis & Synthesis Resource Utilization by Entity                                                                                                                               ;
+----------------------------+-------------------+--------------+-------------+--------------+---------+-----------+------+--------------+---------------------------+--------------+
; Compilation Hierarchy Node ; LC Combinationals ; LC Registers ; Memory Bits ; DSP Elements ; DSP 9x9 ; DSP 18x18 ; Pins ; Virtual Pins ; Full Hierarchy Name       ; Library Name ;
+----------------------------+-------------------+--------------+-------------+--------------+---------+-----------+------+--------------+---------------------------+--------------+
; |regFile                   ; 477 (0)           ; 0 (0)        ; 0           ; 0            ; 0       ; 0         ; 186  ; 0            ; |regFile                  ; work         ;
;    |decode3to8:G0|         ; 7 (7)             ; 0 (0)        ; 0           ; 0            ; 0       ; 0         ; 0    ; 0            ; |regFile|decode3to8:G0    ; work         ;
;    |mux8:G10|              ; 67 (67)           ; 0 (0)        ; 0           ; 0            ; 0       ; 0         ; 0    ; 0            ; |regFile|mux8:G10         ; work         ;
;    |mux8:G9|               ; 67 (67)           ; 0 (0)        ; 0           ; 0            ; 0       ; 0         ; 0    ; 0            ; |regFile|mux8:G9          ; work         ;
;    |reg16:G2|              ; 48 (0)            ; 0 (0)        ; 0           ; 0            ; 0       ; 0         ; 0    ; 0            ; |regFile|reg16:G2         ; work         ;
;       |reg:G0|             ; 3 (3)             ; 0 (0)        ; 0           ; 0            ; 0       ; 0         ; 0    ; 0            ; |regFile|reg16:G2|reg:G0  ; work         ;
;       |reg:G10|            ; 3 (3)             ; 0 (0)        ; 0           ; 0            ; 0       ; 0         ; 0    ; 0            ; |regFile|reg16:G2|reg:G10 ; work         ;
;       |reg:G11|            ; 3 (3)             ; 0 (0)        ; 0           ; 0            ; 0       ; 0         ; 0    ; 0            ; |regFile|reg16:G2|reg:G11 ; work         ;
;       |reg:G12|            ; 3 (3)             ; 0 (0)        ; 0           ; 0            ; 0       ; 0         ; 0    ; 0            ; |regFile|reg16:G2|reg:G12 ; work         ;
;       |reg:G13|            ; 3 (3)             ; 0 (0)        ; 0           ; 0            ; 0       ; 0         ; 0    ; 0            ; |regFile|reg16:G2|reg:G13 ; work         ;
;       |reg:G14|            ; 3 (3)             ; 0 (0)        ; 0           ; 0            ; 0       ; 0         ; 0    ; 0            ; |regFile|reg16:G2|reg:G14 ; work         ;
;       |reg:G15|            ; 3 (3)             ; 0 (0)        ; 0           ; 0            ; 0       ; 0         ; 0    ; 0            ; |regFile|reg16:G2|reg:G15 ; work         ;
;       |reg:G1|             ; 3 (3)             ; 0 (0)        ; 0           ; 0            ; 0       ; 0         ; 0    ; 0            ; |regFile|reg16:G2|reg:G1  ; work         ;
;       |reg:G2|             ; 3 (3)             ; 0 (0)        ; 0           ; 0            ; 0       ; 0         ; 0    ; 0            ; |regFile|reg16:G2|reg:G2  ; work         ;
;       |reg:G3|             ; 3 (3)             ; 0 (0)        ; 0           ; 0            ; 0       ; 0         ; 0    ; 0            ; |regFile|reg16:G2|reg:G3  ; work         ;
;       |reg:G4|             ; 3 (3)             ; 0 (0)        ; 0           ; 0            ; 0       ; 0         ; 0    ; 0            ; |regFile|reg16:G2|reg:G4  ; work         ;
;       |reg:G5|             ; 3 (3)             ; 0 (0)        ; 0           ; 0            ; 0       ; 0         ; 0    ; 0            ; |regFile|reg16:G2|reg:G5  ; work         ;
;       |reg:G6|             ; 3 (3)             ; 0 (0)        ; 0           ; 0            ; 0       ; 0         ; 0    ; 0            ; |regFile|reg16:G2|reg:G6  ; work         ;
;       |reg:G7|             ; 3 (3)             ; 0 (0)        ; 0           ; 0            ; 0       ; 0         ; 0    ; 0            ; |regFile|reg16:G2|reg:G7  ; work         ;
;       |reg:G8|             ; 3 (3)             ; 0 (0)        ; 0           ; 0            ; 0       ; 0         ; 0    ; 0            ; |regFile|reg16:G2|reg:G8  ; work         ;
;       |reg:G9|             ; 3 (3)             ; 0 (0)        ; 0           ; 0            ; 0       ; 0         ; 0    ; 0            ; |regFile|reg16:G2|reg:G9  ; work         ;
;    |reg16:G3|              ; 48 (0)            ; 0 (0)        ; 0           ; 0            ; 0       ; 0         ; 0    ; 0            ; |regFile|reg16:G3         ; work         ;
;       |reg:G0|             ; 3 (3)             ; 0 (0)        ; 0           ; 0            ; 0       ; 0         ; 0    ; 0            ; |regFile|reg16:G3|reg:G0  ; work         ;
;       |reg:G10|            ; 3 (3)             ; 0 (0)        ; 0           ; 0            ; 0       ; 0         ; 0    ; 0            ; |regFile|reg16:G3|reg:G10 ; work         ;
;       |reg:G11|            ; 3 (3)             ; 0 (0)        ; 0           ; 0            ; 0       ; 0         ; 0    ; 0            ; |regFile|reg16:G3|reg:G11 ; work         ;
;       |reg:G12|            ; 3 (3)             ; 0 (0)        ; 0           ; 0            ; 0       ; 0         ; 0    ; 0            ; |regFile|reg16:G3|reg:G12 ; work         ;
;       |reg:G13|            ; 3 (3)             ; 0 (0)        ; 0           ; 0            ; 0       ; 0         ; 0    ; 0            ; |regFile|reg16:G3|reg:G13 ; work         ;
;       |reg:G14|            ; 3 (3)             ; 0 (0)        ; 0           ; 0            ; 0       ; 0         ; 0    ; 0            ; |regFile|reg16:G3|reg:G14 ; work         ;
;       |reg:G15|            ; 3 (3)             ; 0 (0)        ; 0           ; 0            ; 0       ; 0         ; 0    ; 0            ; |regFile|reg16:G3|reg:G15 ; work         ;
;       |reg:G1|             ; 3 (3)             ; 0 (0)        ; 0           ; 0            ; 0       ; 0         ; 0    ; 0            ; |regFile|reg16:G3|reg:G1  ; work         ;
;       |reg:G2|             ; 3 (3)             ; 0 (0)        ; 0           ; 0            ; 0       ; 0         ; 0    ; 0            ; |regFile|reg16:G3|reg:G2  ; work         ;
;       |reg:G3|             ; 3 (3)             ; 0 (0)        ; 0           ; 0            ; 0       ; 0         ; 0    ; 0            ; |regFile|reg16:G3|reg:G3  ; work         ;
;       |reg:G4|             ; 3 (3)             ; 0 (0)        ; 0           ; 0            ; 0       ; 0         ; 0    ; 0            ; |regFile|reg16:G3|reg:G4  ; work         ;
;       |reg:G5|             ; 3 (3)             ; 0 (0)        ; 0           ; 0            ; 0       ; 0         ; 0    ; 0            ; |regFile|reg16:G3|reg:G5  ; work         ;
;       |reg:G6|             ; 3 (3)             ; 0 (0)        ; 0           ; 0            ; 0       ; 0         ; 0    ; 0            ; |regFile|reg16:G3|reg:G6  ; work         ;
;       |reg:G7|             ; 3 (3)             ; 0 (0)        ; 0           ; 0            ; 0       ; 0         ; 0    ; 0            ; |regFile|reg16:G3|reg:G7  ; work         ;
;       |reg:G8|             ; 3 (3)             ; 0 (0)        ; 0           ; 0            ; 0       ; 0         ; 0    ; 0            ; |regFile|reg16:G3|reg:G8  ; work         ;
;       |reg:G9|             ; 3 (3)             ; 0 (0)        ; 0           ; 0            ; 0       ; 0         ; 0    ; 0            ; |regFile|reg16:G3|reg:G9  ; work         ;
;    |reg16:G4|              ; 48 (0)            ; 0 (0)        ; 0           ; 0            ; 0       ; 0         ; 0    ; 0            ; |regFile|reg16:G4         ; work         ;
;       |reg:G0|             ; 3 (3)             ; 0 (0)        ; 0           ; 0            ; 0       ; 0         ; 0    ; 0            ; |regFile|reg16:G4|reg:G0  ; work         ;
;       |reg:G10|            ; 3 (3)             ; 0 (0)        ; 0           ; 0            ; 0       ; 0         ; 0    ; 0            ; |regFile|reg16:G4|reg:G10 ; work         ;
;       |reg:G11|            ; 3 (3)             ; 0 (0)        ; 0           ; 0            ; 0       ; 0         ; 0    ; 0            ; |regFile|reg16:G4|reg:G11 ; work         ;
;       |reg:G12|            ; 3 (3)             ; 0 (0)        ; 0           ; 0            ; 0       ; 0         ; 0    ; 0            ; |regFile|reg16:G4|reg:G12 ; work         ;
;       |reg:G13|            ; 3 (3)             ; 0 (0)        ; 0           ; 0            ; 0       ; 0         ; 0    ; 0            ; |regFile|reg16:G4|reg:G13 ; work         ;
;       |reg:G14|            ; 3 (3)             ; 0 (0)        ; 0           ; 0            ; 0       ; 0         ; 0    ; 0            ; |regFile|reg16:G4|reg:G14 ; work         ;
;       |reg:G15|            ; 3 (3)             ; 0 (0)        ; 0           ; 0            ; 0       ; 0         ; 0    ; 0            ; |regFile|reg16:G4|reg:G15 ; work         ;
;       |reg:G1|             ; 3 (3)             ; 0 (0)        ; 0           ; 0            ; 0       ; 0         ; 0    ; 0            ; |regFile|reg16:G4|reg:G1  ; work         ;
;       |reg:G2|             ; 3 (3)             ; 0 (0)        ; 0           ; 0            ; 0       ; 0         ; 0    ; 0            ; |regFile|reg16:G4|reg:G2  ; work         ;
;       |reg:G3|             ; 3 (3)             ; 0 (0)        ; 0           ; 0            ; 0       ; 0         ; 0    ; 0            ; |regFile|reg16:G4|reg:G3  ; work         ;
;       |reg:G4|             ; 3 (3)             ; 0 (0)        ; 0           ; 0            ; 0       ; 0         ; 0    ; 0            ; |regFile|reg16:G4|reg:G4  ; work         ;
;       |reg:G5|             ; 3 (3)             ; 0 (0)        ; 0           ; 0            ; 0       ; 0         ; 0    ; 0            ; |regFile|reg16:G4|reg:G5  ; work         ;
;       |reg:G6|             ; 3 (3)             ; 0 (0)        ; 0           ; 0            ; 0       ; 0         ; 0    ; 0            ; |regFile|reg16:G4|reg:G6  ; work         ;
;       |reg:G7|             ; 3 (3)             ; 0 (0)        ; 0           ; 0            ; 0       ; 0         ; 0    ; 0            ; |regFile|reg16:G4|reg:G7  ; work         ;
;       |reg:G8|             ; 3 (3)             ; 0 (0)        ; 0           ; 0            ; 0       ; 0         ; 0    ; 0            ; |regFile|reg16:G4|reg:G8  ; work         ;
;       |reg:G9|             ; 3 (3)             ; 0 (0)        ; 0           ; 0            ; 0       ; 0         ; 0    ; 0            ; |regFile|reg16:G4|reg:G9  ; work         ;
;    |reg16:G5|              ; 48 (0)            ; 0 (0)        ; 0           ; 0            ; 0       ; 0         ; 0    ; 0            ; |regFile|reg16:G5         ; work         ;
;       |reg:G0|             ; 3 (3)             ; 0 (0)        ; 0           ; 0            ; 0       ; 0         ; 0    ; 0            ; |regFile|reg16:G5|reg:G0  ; work         ;
;       |reg:G10|            ; 3 (3)             ; 0 (0)        ; 0           ; 0            ; 0       ; 0         ; 0    ; 0            ; |regFile|reg16:G5|reg:G10 ; work         ;
;       |reg:G11|            ; 3 (3)             ; 0 (0)        ; 0           ; 0            ; 0       ; 0         ; 0    ; 0            ; |regFile|reg16:G5|reg:G11 ; work         ;
;       |reg:G12|            ; 3 (3)             ; 0 (0)        ; 0           ; 0            ; 0       ; 0         ; 0    ; 0            ; |regFile|reg16:G5|reg:G12 ; work         ;
;       |reg:G13|            ; 3 (3)             ; 0 (0)        ; 0           ; 0            ; 0       ; 0         ; 0    ; 0            ; |regFile|reg16:G5|reg:G13 ; work         ;
;       |reg:G14|            ; 3 (3)             ; 0 (0)        ; 0           ; 0            ; 0       ; 0         ; 0    ; 0            ; |regFile|reg16:G5|reg:G14 ; work         ;
;       |reg:G15|            ; 3 (3)             ; 0 (0)        ; 0           ; 0            ; 0       ; 0         ; 0    ; 0            ; |regFile|reg16:G5|reg:G15 ; work         ;
;       |reg:G1|             ; 3 (3)             ; 0 (0)        ; 0           ; 0            ; 0       ; 0         ; 0    ; 0            ; |regFile|reg16:G5|reg:G1  ; work         ;
;       |reg:G2|             ; 3 (3)             ; 0 (0)        ; 0           ; 0            ; 0       ; 0         ; 0    ; 0            ; |regFile|reg16:G5|reg:G2  ; work         ;
;       |reg:G3|             ; 3 (3)             ; 0 (0)        ; 0           ; 0            ; 0       ; 0         ; 0    ; 0            ; |regFile|reg16:G5|reg:G3  ; work         ;
;       |reg:G4|             ; 3 (3)             ; 0 (0)        ; 0           ; 0            ; 0       ; 0         ; 0    ; 0            ; |regFile|reg16:G5|reg:G4  ; work         ;
;       |reg:G5|             ; 3 (3)             ; 0 (0)        ; 0           ; 0            ; 0       ; 0         ; 0    ; 0            ; |regFile|reg16:G5|reg:G5  ; work         ;
;       |reg:G6|             ; 3 (3)             ; 0 (0)        ; 0           ; 0            ; 0       ; 0         ; 0    ; 0            ; |regFile|reg16:G5|reg:G6  ; work         ;
;       |reg:G7|             ; 3 (3)             ; 0 (0)        ; 0           ; 0            ; 0       ; 0         ; 0    ; 0            ; |regFile|reg16:G5|reg:G7  ; work         ;
;       |reg:G8|             ; 3 (3)             ; 0 (0)        ; 0           ; 0            ; 0       ; 0         ; 0    ; 0            ; |regFile|reg16:G5|reg:G8  ; work         ;
;       |reg:G9|             ; 3 (3)             ; 0 (0)        ; 0           ; 0            ; 0       ; 0         ; 0    ; 0            ; |regFile|reg16:G5|reg:G9  ; work         ;
;    |reg16:G6|              ; 48 (0)            ; 0 (0)        ; 0           ; 0            ; 0       ; 0         ; 0    ; 0            ; |regFile|reg16:G6         ; work         ;
;       |reg:G0|             ; 3 (3)             ; 0 (0)        ; 0           ; 0            ; 0       ; 0         ; 0    ; 0            ; |regFile|reg16:G6|reg:G0  ; work         ;
;       |reg:G10|            ; 3 (3)             ; 0 (0)        ; 0           ; 0            ; 0       ; 0         ; 0    ; 0            ; |regFile|reg16:G6|reg:G10 ; work         ;
;       |reg:G11|            ; 3 (3)             ; 0 (0)        ; 0           ; 0            ; 0       ; 0         ; 0    ; 0            ; |regFile|reg16:G6|reg:G11 ; work         ;
;       |reg:G12|            ; 3 (3)             ; 0 (0)        ; 0           ; 0            ; 0       ; 0         ; 0    ; 0            ; |regFile|reg16:G6|reg:G12 ; work         ;
;       |reg:G13|            ; 3 (3)             ; 0 (0)        ; 0           ; 0            ; 0       ; 0         ; 0    ; 0            ; |regFile|reg16:G6|reg:G13 ; work         ;
;       |reg:G14|            ; 3 (3)             ; 0 (0)        ; 0           ; 0            ; 0       ; 0         ; 0    ; 0            ; |regFile|reg16:G6|reg:G14 ; work         ;
;       |reg:G15|            ; 3 (3)             ; 0 (0)        ; 0           ; 0            ; 0       ; 0         ; 0    ; 0            ; |regFile|reg16:G6|reg:G15 ; work         ;
;       |reg:G1|             ; 3 (3)             ; 0 (0)        ; 0           ; 0            ; 0       ; 0         ; 0    ; 0            ; |regFile|reg16:G6|reg:G1  ; work         ;
;       |reg:G2|             ; 3 (3)             ; 0 (0)        ; 0           ; 0            ; 0       ; 0         ; 0    ; 0            ; |regFile|reg16:G6|reg:G2  ; work         ;
;       |reg:G3|             ; 3 (3)             ; 0 (0)        ; 0           ; 0            ; 0       ; 0         ; 0    ; 0            ; |regFile|reg16:G6|reg:G3  ; work         ;
;       |reg:G4|             ; 3 (3)             ; 0 (0)        ; 0           ; 0            ; 0       ; 0         ; 0    ; 0            ; |regFile|reg16:G6|reg:G4  ; work         ;
;       |reg:G5|             ; 3 (3)             ; 0 (0)        ; 0           ; 0            ; 0       ; 0         ; 0    ; 0            ; |regFile|reg16:G6|reg:G5  ; work         ;
;       |reg:G6|             ; 3 (3)             ; 0 (0)        ; 0           ; 0            ; 0       ; 0         ; 0    ; 0            ; |regFile|reg16:G6|reg:G6  ; work         ;
;       |reg:G7|             ; 3 (3)             ; 0 (0)        ; 0           ; 0            ; 0       ; 0         ; 0    ; 0            ; |regFile|reg16:G6|reg:G7  ; work         ;
;       |reg:G8|             ; 3 (3)             ; 0 (0)        ; 0           ; 0            ; 0       ; 0         ; 0    ; 0            ; |regFile|reg16:G6|reg:G8  ; work         ;
;       |reg:G9|             ; 3 (3)             ; 0 (0)        ; 0           ; 0            ; 0       ; 0         ; 0    ; 0            ; |regFile|reg16:G6|reg:G9  ; work         ;
;    |reg16:G7|              ; 48 (0)            ; 0 (0)        ; 0           ; 0            ; 0       ; 0         ; 0    ; 0            ; |regFile|reg16:G7         ; work         ;
;       |reg:G0|             ; 3 (3)             ; 0 (0)        ; 0           ; 0            ; 0       ; 0         ; 0    ; 0            ; |regFile|reg16:G7|reg:G0  ; work         ;
;       |reg:G10|            ; 3 (3)             ; 0 (0)        ; 0           ; 0            ; 0       ; 0         ; 0    ; 0            ; |regFile|reg16:G7|reg:G10 ; work         ;
;       |reg:G11|            ; 3 (3)             ; 0 (0)        ; 0           ; 0            ; 0       ; 0         ; 0    ; 0            ; |regFile|reg16:G7|reg:G11 ; work         ;
;       |reg:G12|            ; 3 (3)             ; 0 (0)        ; 0           ; 0            ; 0       ; 0         ; 0    ; 0            ; |regFile|reg16:G7|reg:G12 ; work         ;
;       |reg:G13|            ; 3 (3)             ; 0 (0)        ; 0           ; 0            ; 0       ; 0         ; 0    ; 0            ; |regFile|reg16:G7|reg:G13 ; work         ;
;       |reg:G14|            ; 3 (3)             ; 0 (0)        ; 0           ; 0            ; 0       ; 0         ; 0    ; 0            ; |regFile|reg16:G7|reg:G14 ; work         ;
;       |reg:G15|            ; 3 (3)             ; 0 (0)        ; 0           ; 0            ; 0       ; 0         ; 0    ; 0            ; |regFile|reg16:G7|reg:G15 ; work         ;
;       |reg:G1|             ; 3 (3)             ; 0 (0)        ; 0           ; 0            ; 0       ; 0         ; 0    ; 0            ; |regFile|reg16:G7|reg:G1  ; work         ;
;       |reg:G2|             ; 3 (3)             ; 0 (0)        ; 0           ; 0            ; 0       ; 0         ; 0    ; 0            ; |regFile|reg16:G7|reg:G2  ; work         ;
;       |reg:G3|             ; 3 (3)             ; 0 (0)        ; 0           ; 0            ; 0       ; 0         ; 0    ; 0            ; |regFile|reg16:G7|reg:G3  ; work         ;
;       |reg:G4|             ; 3 (3)             ; 0 (0)        ; 0           ; 0            ; 0       ; 0         ; 0    ; 0            ; |regFile|reg16:G7|reg:G4  ; work         ;
;       |reg:G5|             ; 3 (3)             ; 0 (0)        ; 0           ; 0            ; 0       ; 0         ; 0    ; 0            ; |regFile|reg16:G7|reg:G5  ; work         ;
;       |reg:G6|             ; 3 (3)             ; 0 (0)        ; 0           ; 0            ; 0       ; 0         ; 0    ; 0            ; |regFile|reg16:G7|reg:G6  ; work         ;
;       |reg:G7|             ; 3 (3)             ; 0 (0)        ; 0           ; 0            ; 0       ; 0         ; 0    ; 0            ; |regFile|reg16:G7|reg:G7  ; work         ;
;       |reg:G8|             ; 3 (3)             ; 0 (0)        ; 0           ; 0            ; 0       ; 0         ; 0    ; 0            ; |regFile|reg16:G7|reg:G8  ; work         ;
;       |reg:G9|             ; 3 (3)             ; 0 (0)        ; 0           ; 0            ; 0       ; 0         ; 0    ; 0            ; |regFile|reg16:G7|reg:G9  ; work         ;
;    |reg16:G8|              ; 48 (0)            ; 0 (0)        ; 0           ; 0            ; 0       ; 0         ; 0    ; 0            ; |regFile|reg16:G8         ; work         ;
;       |reg:G0|             ; 3 (3)             ; 0 (0)        ; 0           ; 0            ; 0       ; 0         ; 0    ; 0            ; |regFile|reg16:G8|reg:G0  ; work         ;
;       |reg:G10|            ; 3 (3)             ; 0 (0)        ; 0           ; 0            ; 0       ; 0         ; 0    ; 0            ; |regFile|reg16:G8|reg:G10 ; work         ;
;       |reg:G11|            ; 3 (3)             ; 0 (0)        ; 0           ; 0            ; 0       ; 0         ; 0    ; 0            ; |regFile|reg16:G8|reg:G11 ; work         ;
;       |reg:G12|            ; 3 (3)             ; 0 (0)        ; 0           ; 0            ; 0       ; 0         ; 0    ; 0            ; |regFile|reg16:G8|reg:G12 ; work         ;
;       |reg:G13|            ; 3 (3)             ; 0 (0)        ; 0           ; 0            ; 0       ; 0         ; 0    ; 0            ; |regFile|reg16:G8|reg:G13 ; work         ;
;       |reg:G14|            ; 3 (3)             ; 0 (0)        ; 0           ; 0            ; 0       ; 0         ; 0    ; 0            ; |regFile|reg16:G8|reg:G14 ; work         ;
;       |reg:G15|            ; 3 (3)             ; 0 (0)        ; 0           ; 0            ; 0       ; 0         ; 0    ; 0            ; |regFile|reg16:G8|reg:G15 ; work         ;
;       |reg:G1|             ; 3 (3)             ; 0 (0)        ; 0           ; 0            ; 0       ; 0         ; 0    ; 0            ; |regFile|reg16:G8|reg:G1  ; work         ;
;       |reg:G2|             ; 3 (3)             ; 0 (0)        ; 0           ; 0            ; 0       ; 0         ; 0    ; 0            ; |regFile|reg16:G8|reg:G2  ; work         ;
;       |reg:G3|             ; 3 (3)             ; 0 (0)        ; 0           ; 0            ; 0       ; 0         ; 0    ; 0            ; |regFile|reg16:G8|reg:G3  ; work         ;
;       |reg:G4|             ; 3 (3)             ; 0 (0)        ; 0           ; 0            ; 0       ; 0         ; 0    ; 0            ; |regFile|reg16:G8|reg:G4  ; work         ;
;       |reg:G5|             ; 3 (3)             ; 0 (0)        ; 0           ; 0            ; 0       ; 0         ; 0    ; 0            ; |regFile|reg16:G8|reg:G5  ; work         ;
;       |reg:G6|             ; 3 (3)             ; 0 (0)        ; 0           ; 0            ; 0       ; 0         ; 0    ; 0            ; |regFile|reg16:G8|reg:G6  ; work         ;
;       |reg:G7|             ; 3 (3)             ; 0 (0)        ; 0           ; 0            ; 0       ; 0         ; 0    ; 0            ; |regFile|reg16:G8|reg:G7  ; work         ;
;       |reg:G8|             ; 3 (3)             ; 0 (0)        ; 0           ; 0            ; 0       ; 0         ; 0    ; 0            ; |regFile|reg16:G8|reg:G8  ; work         ;
;       |reg:G9|             ; 3 (3)             ; 0 (0)        ; 0           ; 0            ; 0       ; 0         ; 0    ; 0            ; |regFile|reg16:G8|reg:G9  ; work         ;
+----------------------------+-------------------+--------------+-------------+--------------+---------+-----------+------+--------------+---------------------------+--------------+
Note: For table entries with two numbers listed, the numbers in parentheses indicate the number of resources of the given type used by the specific entity alone. The numbers listed outside of parentheses indicate the total resources of the given type used by the specific entity and all of its sub-entities in the hierarchy.


+--------------------------------------------------------------+
; Logic Cells Representing Combinational Loops                 ;
+--------------------------------------------------------+-----+
; Logic Cell Name                                        ;     ;
+--------------------------------------------------------+-----+
; reg16:G3|reg:G0|Output~0                               ;     ;
; reg16:G7|reg:G0|Output~0                               ;     ;
; reg16:G5|reg:G0|Output~0                               ;     ;
; reg16:G4|reg:G0|Output~0                               ;     ;
; reg16:G6|reg:G0|Output~0                               ;     ;
; reg16:G2|reg:G0|Output~0                               ;     ;
; reg16:G8|reg:G0|Output~0                               ;     ;
; reg16:G3|reg:G1|Output~0                               ;     ;
; reg16:G7|reg:G1|Output~0                               ;     ;
; reg16:G5|reg:G1|Output~0                               ;     ;
; reg16:G4|reg:G1|Output~0                               ;     ;
; reg16:G6|reg:G1|Output~0                               ;     ;
; reg16:G2|reg:G1|Output~0                               ;     ;
; reg16:G8|reg:G1|Output~0                               ;     ;
; reg16:G3|reg:G2|Output~0                               ;     ;
; reg16:G7|reg:G2|Output~0                               ;     ;
; reg16:G5|reg:G2|Output~0                               ;     ;
; reg16:G6|reg:G2|Output~0                               ;     ;
; reg16:G4|reg:G2|Output~0                               ;     ;
; reg16:G2|reg:G2|Output~0                               ;     ;
; reg16:G8|reg:G2|Output~0                               ;     ;
; reg16:G3|reg:G3|Output~0                               ;     ;
; reg16:G7|reg:G3|Output~0                               ;     ;
; reg16:G5|reg:G3|Output~0                               ;     ;
; reg16:G4|reg:G3|Output~0                               ;     ;
; reg16:G6|reg:G3|Output~0                               ;     ;
; reg16:G2|reg:G3|Output~0                               ;     ;
; reg16:G8|reg:G3|Output~0                               ;     ;
; reg16:G3|reg:G4|Output~0                               ;     ;
; reg16:G7|reg:G4|Output~0                               ;     ;
; reg16:G5|reg:G4|Output~0                               ;     ;
; reg16:G6|reg:G4|Output~0                               ;     ;
; reg16:G4|reg:G4|Output~0                               ;     ;
; reg16:G2|reg:G4|Output~0                               ;     ;
; reg16:G8|reg:G4|Output~0                               ;     ;
; reg16:G3|reg:G5|Output~0                               ;     ;
; reg16:G7|reg:G5|Output~0                               ;     ;
; reg16:G5|reg:G5|Output~0                               ;     ;
; reg16:G4|reg:G5|Output~0                               ;     ;
; reg16:G6|reg:G5|Output~0                               ;     ;
; reg16:G2|reg:G5|Output~0                               ;     ;
; reg16:G8|reg:G5|Output~0                               ;     ;
; reg16:G3|reg:G6|Output~0                               ;     ;
; reg16:G7|reg:G6|Output~0                               ;     ;
; reg16:G5|reg:G6|Output~0                               ;     ;
; reg16:G6|reg:G6|Output~0                               ;     ;
; reg16:G4|reg:G6|Output~0                               ;     ;
; reg16:G2|reg:G6|Output~0                               ;     ;
; reg16:G8|reg:G6|Output~0                               ;     ;
; reg16:G3|reg:G7|Output~0                               ;     ;
; reg16:G7|reg:G7|Output~0                               ;     ;
; reg16:G5|reg:G7|Output~0                               ;     ;
; reg16:G4|reg:G7|Output~0                               ;     ;
; reg16:G6|reg:G7|Output~0                               ;     ;
; reg16:G2|reg:G7|Output~0                               ;     ;
; reg16:G8|reg:G7|Output~0                               ;     ;
; reg16:G3|reg:G8|Output~0                               ;     ;
; reg16:G7|reg:G8|Output~0                               ;     ;
; reg16:G5|reg:G8|Output~0                               ;     ;
; reg16:G6|reg:G8|Output~0                               ;     ;
; reg16:G4|reg:G8|Output~0                               ;     ;
; reg16:G2|reg:G8|Output~0                               ;     ;
; reg16:G8|reg:G8|Output~0                               ;     ;
; reg16:G3|reg:G9|Output~0                               ;     ;
; reg16:G7|reg:G9|Output~0                               ;     ;
; reg16:G5|reg:G9|Output~0                               ;     ;
; reg16:G4|reg:G9|Output~0                               ;     ;
; reg16:G6|reg:G9|Output~0                               ;     ;
; reg16:G2|reg:G9|Output~0                               ;     ;
; reg16:G8|reg:G9|Output~0                               ;     ;
; reg16:G3|reg:G10|Output~0                              ;     ;
; reg16:G7|reg:G10|Output~0                              ;     ;
; reg16:G5|reg:G10|Output~0                              ;     ;
; reg16:G6|reg:G10|Output~0                              ;     ;
; reg16:G4|reg:G10|Output~0                              ;     ;
; reg16:G2|reg:G10|Output~0                              ;     ;
; reg16:G8|reg:G10|Output~0                              ;     ;
; reg16:G3|reg:G11|Output~0                              ;     ;
; reg16:G7|reg:G11|Output~0                              ;     ;
; reg16:G5|reg:G11|Output~0                              ;     ;
; reg16:G4|reg:G11|Output~0                              ;     ;
; reg16:G6|reg:G11|Output~0                              ;     ;
; reg16:G2|reg:G11|Output~0                              ;     ;
; reg16:G8|reg:G11|Output~0                              ;     ;
; reg16:G3|reg:G12|Output~0                              ;     ;
; reg16:G7|reg:G12|Output~0                              ;     ;
; reg16:G5|reg:G12|Output~0                              ;     ;
; reg16:G6|reg:G12|Output~0                              ;     ;
; reg16:G4|reg:G12|Output~0                              ;     ;
; reg16:G2|reg:G12|Output~0                              ;     ;
; reg16:G8|reg:G12|Output~0                              ;     ;
; reg16:G3|reg:G13|Output~0                              ;     ;
; reg16:G7|reg:G13|Output~0                              ;     ;
; reg16:G5|reg:G13|Output~0                              ;     ;
; reg16:G4|reg:G13|Output~0                              ;     ;
; reg16:G6|reg:G13|Output~0                              ;     ;
; reg16:G2|reg:G13|Output~0                              ;     ;
; reg16:G8|reg:G13|Output~0                              ;     ;
; reg16:G3|reg:G14|Output~0                              ;     ;
; reg16:G7|reg:G14|Output~0                              ;     ;
; Number of logic cells representing combinational loops ; 336 ;
+--------------------------------------------------------+-----+
Table restricted to first 100 entries. Note: All cells listed above may not be present at the end of synthesis due to various synthesis optimizations.


+------------------------------------------------------+
; General Register Statistics                          ;
+----------------------------------------------+-------+
; Statistic                                    ; Value ;
+----------------------------------------------+-------+
; Total registers                              ; 0     ;
; Number of registers using Synchronous Clear  ; 0     ;
; Number of registers using Synchronous Load   ; 0     ;
; Number of registers using Asynchronous Clear ; 0     ;
; Number of registers using Asynchronous Load  ; 0     ;
; Number of registers using Clock Enable       ; 0     ;
; Number of registers using Preset             ; 0     ;
+----------------------------------------------+-------+


+------------------------------------------------------------------------------------------------------------------------------------------+
; Multiplexer Restructuring Statistics (Restructuring Performed)                                                                           ;
+--------------------+-----------+---------------+----------------------+------------------------+------------+----------------------------+
; Multiplexer Inputs ; Bus Width ; Baseline Area ; Area if Restructured ; Saving if Restructured ; Registered ; Example Multiplexer Output ;
+--------------------+-----------+---------------+----------------------+------------------------+------------+----------------------------+
; 8:1                ; 16 bits   ; 80 LEs        ; 64 LEs               ; 16 LEs                 ; No         ; |regFile|mux8:G9|Mux15     ;
; 8:1                ; 16 bits   ; 80 LEs        ; 64 LEs               ; 16 LEs                 ; No         ; |regFile|mux8:G10|Mux15    ;
+--------------------+-----------+---------------+----------------------+------------------------+------------+----------------------------+


+-------------------------------------------------------------------------+
; Parameter Settings for User Entity Instance: Top-level Entity: |regFile ;
+----------------+-------+------------------------------------------------+
; Parameter Name ; Value ; Type                                           ;
+----------------+-------+------------------------------------------------+
; n              ; 16    ; Signed Integer                                 ;
; k              ; 3     ; Signed Integer                                 ;
; regnum         ; 8     ; Signed Integer                                 ;
+----------------+-------+------------------------------------------------+
Note: In order to hide this table in the UI and the text report file, please set the "Show Parameter Settings Tables in Synthesis Report" option in "Analysis and Synthesis Settings -> More Settings" to "Off".


+------------------------------------------------------+
; Parameter Settings for User Entity Instance: reg0:G1 ;
+----------------+-------+-----------------------------+
; Parameter Name ; Value ; Type                        ;
+----------------+-------+-----------------------------+
; n              ; 16    ; Signed Integer              ;
+----------------+-------+-----------------------------+
Note: In order to hide this table in the UI and the text report file, please set the "Show Parameter Settings Tables in Synthesis Report" option in "Analysis and Synthesis Settings -> More Settings" to "Off".


+-------------------------------------------------------+
; Parameter Settings for User Entity Instance: reg16:G2 ;
+----------------+-------+------------------------------+
; Parameter Name ; Value ; Type                         ;
+----------------+-------+------------------------------+
; n              ; 16    ; Signed Integer               ;
+----------------+-------+------------------------------+
Note: In order to hide this table in the UI and the text report file, please set the "Show Parameter Settings Tables in Synthesis Report" option in "Analysis and Synthesis Settings -> More Settings" to "Off".


+-------------------------------------------------------+
; Parameter Settings for User Entity Instance: reg16:G3 ;
+----------------+-------+------------------------------+
; Parameter Name ; Value ; Type                         ;
+----------------+-------+------------------------------+
; n              ; 16    ; Signed Integer               ;
+----------------+-------+------------------------------+
Note: In order to hide this table in the UI and the text report file, please set the "Show Parameter Settings Tables in Synthesis Report" option in "Analysis and Synthesis Settings -> More Settings" to "Off".


+-------------------------------------------------------+
; Parameter Settings for User Entity Instance: reg16:G4 ;
+----------------+-------+------------------------------+
; Parameter Name ; Value ; Type                         ;
+----------------+-------+------------------------------+
; n              ; 16    ; Signed Integer               ;
+----------------+-------+------------------------------+
Note: In order to hide this table in the UI and the text report file, please set the "Show Parameter Settings Tables in Synthesis Report" option in "Analysis and Synthesis Settings -> More Settings" to "Off".


+-------------------------------------------------------+
; Parameter Settings for User Entity Instance: reg16:G5 ;
+----------------+-------+------------------------------+
; Parameter Name ; Value ; Type                         ;
+----------------+-------+------------------------------+
; n              ; 16    ; Signed Integer               ;
+----------------+-------+------------------------------+
Note: In order to hide this table in the UI and the text report file, please set the "Show Parameter Settings Tables in Synthesis Report" option in "Analysis and Synthesis Settings -> More Settings" to "Off".


+-------------------------------------------------------+
; Parameter Settings for User Entity Instance: reg16:G6 ;
+----------------+-------+------------------------------+
; Parameter Name ; Value ; Type                         ;
+----------------+-------+------------------------------+
; n              ; 16    ; Signed Integer               ;
+----------------+-------+------------------------------+
Note: In order to hide this table in the UI and the text report file, please set the "Show Parameter Settings Tables in Synthesis Report" option in "Analysis and Synthesis Settings -> More Settings" to "Off".


+-------------------------------------------------------+
; Parameter Settings for User Entity Instance: reg16:G7 ;
+----------------+-------+------------------------------+
; Parameter Name ; Value ; Type                         ;
+----------------+-------+------------------------------+
; n              ; 16    ; Signed Integer               ;
+----------------+-------+------------------------------+
Note: In order to hide this table in the UI and the text report file, please set the "Show Parameter Settings Tables in Synthesis Report" option in "Analysis and Synthesis Settings -> More Settings" to "Off".


+-------------------------------------------------------+
; Parameter Settings for User Entity Instance: reg16:G8 ;
+----------------+-------+------------------------------+
; Parameter Name ; Value ; Type                         ;
+----------------+-------+------------------------------+
; n              ; 16    ; Signed Integer               ;
+----------------+-------+------------------------------+
Note: In order to hide this table in the UI and the text report file, please set the "Show Parameter Settings Tables in Synthesis Report" option in "Analysis and Synthesis Settings -> More Settings" to "Off".


+------------------------------------------------------+
; Parameter Settings for User Entity Instance: mux8:G9 ;
+----------------+-------+-----------------------------+
; Parameter Name ; Value ; Type                        ;
+----------------+-------+-----------------------------+
; n              ; 16    ; Signed Integer              ;
+----------------+-------+-----------------------------+
Note: In order to hide this table in the UI and the text report file, please set the "Show Parameter Settings Tables in Synthesis Report" option in "Analysis and Synthesis Settings -> More Settings" to "Off".


+-------------------------------------------------------+
; Parameter Settings for User Entity Instance: mux8:G10 ;
+----------------+-------+------------------------------+
; Parameter Name ; Value ; Type                         ;
+----------------+-------+------------------------------+
; n              ; 16    ; Signed Integer               ;
+----------------+-------+------------------------------+
Note: In order to hide this table in the UI and the text report file, please set the "Show Parameter Settings Tables in Synthesis Report" option in "Analysis and Synthesis Settings -> More Settings" to "Off".


+-------------------------------+
; Analysis & Synthesis Messages ;
+-------------------------------+
Info: *******************************************************************
Info: Running Quartus II 64-Bit Analysis & Synthesis
    Info: Version 7.2 Build 207 03/18/2008 Service Pack 3 SJ Full Version
    Info: Processing started: Thu May 09 13:45:35 2019
Info: Command: quartus_map --read_settings_files=on --write_settings_files=off regFile -c regFile
Info: Found 12 design units, including 6 entities, in source file regFile.vhd
    Info: Found design unit 1: mux8-LogicFunc
    Info: Found design unit 2: reg-Logicfunc
    Info: Found design unit 3: reg16-LogicFunc
    Info: Found design unit 4: reg0-behavior
    Info: Found design unit 5: decode3to8-LogicFunc
    Info: Found design unit 6: regFile-LogicFunc
    Info: Found entity 1: mux8
    Info: Found entity 2: reg
    Info: Found entity 3: reg16
    Info: Found entity 4: reg0
    Info: Found entity 5: decode3to8
    Info: Found entity 6: regFile
Info: Elaborating entity "regFile" for the top level hierarchy
Info: Elaborating entity "decode3to8" for hierarchy "decode3to8:G0"
Info: Elaborating entity "reg0" for hierarchy "reg0:G1"
Info: Elaborating entity "reg16" for hierarchy "reg16:G2"
Info: Elaborating entity "reg" for hierarchy "reg16:G2|reg:G0"
Info: Elaborating entity "mux8" for hierarchy "mux8:G9"
Warning: Output pins are stuck at VCC or GND
    Warning (13410): Pin "outall[0]" stuck at GND
    Warning (13410): Pin "outall[1]" stuck at GND
    Warning (13410): Pin "outall[2]" stuck at GND
    Warning (13410): Pin "outall[3]" stuck at GND
    Warning (13410): Pin "outall[4]" stuck at GND
    Warning (13410): Pin "outall[5]" stuck at GND
    Warning (13410): Pin "outall[6]" stuck at GND
    Warning (13410): Pin "outall[7]" stuck at GND
    Warning (13410): Pin "outall[8]" stuck at GND
    Warning (13410): Pin "outall[9]" stuck at GND
    Warning (13410): Pin "outall[10]" stuck at GND
    Warning (13410): Pin "outall[11]" stuck at GND
    Warning (13410): Pin "outall[12]" stuck at GND
    Warning (13410): Pin "outall[13]" stuck at GND
    Warning (13410): Pin "outall[14]" stuck at GND
    Warning (13410): Pin "outall[15]" stuck at GND
Info: Implemented 663 device resources after synthesis - the final resource count might be different
    Info: Implemented 26 input pins
    Info: Implemented 160 output pins
    Info: Implemented 477 logic cells
Info: Quartus II 64-Bit Analysis & Synthesis was successful. 0 errors, 17 warnings
    Info: Allocated 4434 megabytes of memory during processing
    Info: Processing ended: Thu May 09 13:45:53 2019
    Info: Elapsed time: 00:00:18


