Simulator report for decode3to8
Thu May 09 13:11:18 2019
Quartus II Version 7.2 Build 207 03/18/2008 Service Pack 3 SJ Full Version


---------------------
; Table of Contents ;
---------------------
  1. Legal Notice
  2. Simulator Summary
  3. Simulator Settings
  4. Simulation Waveforms
  5. Coverage Summary
  6. Complete 1/0-Value Coverage
  7. Missing 1-Value Coverage
  8. Missing 0-Value Coverage
  9. Simulator INI Usage
 10. Simulator Messages



----------------
; Legal Notice ;
----------------
Copyright (C) 1991-2007 Altera Corporation
Your use of Altera Corporation's design tools, logic functions 
and other software and tools, and its AMPP partner logic 
functions, and any output files from any of the foregoing 
(including device programming or simulation files), and any 
associated documentation or information are expressly subject 
to the terms and conditions of the Altera Program License 
Subscription Agreement, Altera MegaCore Function License 
Agreement, or other applicable license agreement, including, 
without limitation, that your use is for the sole purpose of 
programming logic devices manufactured by Altera and sold by 
Altera or its authorized distributors.  Please refer to the 
applicable agreement for further details.



+--------------------------------------------+
; Simulator Summary                          ;
+-----------------------------+--------------+
; Type                        ; Value        ;
+-----------------------------+--------------+
; Simulation Start Time       ; 0 ps         ;
; Simulation End Time         ; 1.0 us       ;
; Simulation Netlist Size     ; 267 nodes    ;
; Simulation Coverage         ;      62.92 % ;
; Total Number of Transitions ; 10304        ;
; Simulation Breakpoints      ; 0            ;
; Family                      ; Cyclone II   ;
+-----------------------------+--------------+


+-------------------------------------------------------------------------------------------------------------------------+
; Simulator Settings                                                                                                      ;
+--------------------------------------------------------------------------------------------+------------+---------------+
; Option                                                                                     ; Setting    ; Default Value ;
+--------------------------------------------------------------------------------------------+------------+---------------+
; Simulation mode                                                                            ; Functional ; Timing        ;
; Start time                                                                                 ; 0 ns       ; 0 ns          ;
; Simulation results format                                                                  ; CVWF       ;               ;
; Add pins automatically to simulation output waveforms                                      ; On         ; On            ;
; Check outputs                                                                              ; Off        ; Off           ;
; Report simulation coverage                                                                 ; On         ; On            ;
; Display complete 1/0 value coverage report                                                 ; On         ; On            ;
; Display missing 1-value coverage report                                                    ; On         ; On            ;
; Display missing 0-value coverage report                                                    ; On         ; On            ;
; Detect setup and hold time violations                                                      ; Off        ; Off           ;
; Detect glitches                                                                            ; Off        ; Off           ;
; Disable timing delays in Timing Simulation                                                 ; Off        ; Off           ;
; Generate Signal Activity File                                                              ; Off        ; Off           ;
; Generate VCD File for PowerPlay Power Analyzer                                             ; Off        ; Off           ;
; Group bus channels in simulation results                                                   ; Off        ; Off           ;
; Preserve fewer signal transitions to reduce memory requirements                            ; On         ; On            ;
; Trigger vector comparison with the specified mode                                          ; INPUT_EDGE ; INPUT_EDGE    ;
; Disable setup and hold time violations detection in input registers of bi-directional pins ; Off        ; Off           ;
; Overwrite Waveform Inputs With Simulation Outputs                                          ; Off        ;               ;
; Perform Glitch Filtering in Timing Simulation                                              ; Auto       ; Auto          ;
+--------------------------------------------------------------------------------------------+------------+---------------+


+----------------------+
; Simulation Waveforms ;
+----------------------+
Waveform report data cannot be output to ASCII.
Please use Quartus II to view the waveform report data.


+--------------------------------------------------------------------+
; Coverage Summary                                                   ;
+-----------------------------------------------------+--------------+
; Type                                                ; Value        ;
+-----------------------------------------------------+--------------+
; Total coverage as a percentage                      ;      62.92 % ;
; Total nodes checked                                 ; 267          ;
; Total output ports checked                          ; 267          ;
; Total output ports with complete 1/0-value coverage ; 168          ;
; Total output ports with no 1/0-value coverage       ; 99           ;
; Total output ports with no 1-value coverage         ; 99           ;
; Total output ports with no 0-value coverage         ; 99           ;
+-----------------------------------------------------+--------------+


The following table displays output ports that toggle between 1 and 0 during simulation.
+--------------------------------------------------------------------------------------------------------------------------------------------------------+
; Complete 1/0-Value Coverage                                                                                                                            ;
+------------------------------------------------------------------+------------------------------------------------------------------+------------------+
; Node Name                                                        ; Output Port Name                                                 ; Output Port Type ;
+------------------------------------------------------------------+------------------------------------------------------------------+------------------+
; |decode3to8|input[0]                                             ; |decode3to8|input[0]                                             ; out              ;
; |decode3to8|input[1]                                             ; |decode3to8|input[1]                                             ; out              ;
; |decode3to8|input[2]                                             ; |decode3to8|input[2]                                             ; out              ;
; |decode3to8|output[0]                                            ; |decode3to8|output[0]                                            ; pin_out          ;
; |decode3to8|output[3]                                            ; |decode3to8|output[3]                                            ; pin_out          ;
; |decode3to8|output[4]                                            ; |decode3to8|output[4]                                            ; pin_out          ;
; |decode3to8|output[5]                                            ; |decode3to8|output[5]                                            ; pin_out          ;
; |decode3to8|output[7]                                            ; |decode3to8|output[7]                                            ; pin_out          ;
; |decode3to8|lpm_mux:Mux7|mux_3nc:auto_generated|_~0              ; |decode3to8|lpm_mux:Mux7|mux_3nc:auto_generated|_~0              ; out0             ;
; |decode3to8|lpm_mux:Mux7|mux_3nc:auto_generated|result_node[0]~1 ; |decode3to8|lpm_mux:Mux7|mux_3nc:auto_generated|result_node[0]~1 ; out0             ;
; |decode3to8|lpm_mux:Mux7|mux_3nc:auto_generated|result_node[0]   ; |decode3to8|lpm_mux:Mux7|mux_3nc:auto_generated|result_node[0]   ; out0             ;
; |decode3to8|lpm_mux:Mux7|mux_3nc:auto_generated|_~3              ; |decode3to8|lpm_mux:Mux7|mux_3nc:auto_generated|_~3              ; out0             ;
; |decode3to8|lpm_mux:Mux7|mux_3nc:auto_generated|_~4              ; |decode3to8|lpm_mux:Mux7|mux_3nc:auto_generated|_~4              ; out0             ;
; |decode3to8|lpm_mux:Mux7|mux_3nc:auto_generated|_~5              ; |decode3to8|lpm_mux:Mux7|mux_3nc:auto_generated|_~5              ; out0             ;
; |decode3to8|lpm_mux:Mux7|mux_3nc:auto_generated|w_result36w~1    ; |decode3to8|lpm_mux:Mux7|mux_3nc:auto_generated|w_result36w~1    ; out0             ;
; |decode3to8|lpm_mux:Mux7|mux_3nc:auto_generated|w_result36w      ; |decode3to8|lpm_mux:Mux7|mux_3nc:auto_generated|w_result36w      ; out0             ;
; |decode3to8|lpm_mux:Mux7|mux_3nc:auto_generated|_~7              ; |decode3to8|lpm_mux:Mux7|mux_3nc:auto_generated|_~7              ; out0             ;
; |decode3to8|lpm_mux:Mux7|mux_3nc:auto_generated|_~8              ; |decode3to8|lpm_mux:Mux7|mux_3nc:auto_generated|_~8              ; out0             ;
; |decode3to8|lpm_mux:Mux7|mux_3nc:auto_generated|_~9              ; |decode3to8|lpm_mux:Mux7|mux_3nc:auto_generated|_~9              ; out0             ;
; |decode3to8|lpm_mux:Mux7|mux_3nc:auto_generated|_~10             ; |decode3to8|lpm_mux:Mux7|mux_3nc:auto_generated|_~10             ; out0             ;
; |decode3to8|lpm_mux:Mux7|mux_3nc:auto_generated|_~11             ; |decode3to8|lpm_mux:Mux7|mux_3nc:auto_generated|_~11             ; out0             ;
; |decode3to8|lpm_mux:Mux7|mux_3nc:auto_generated|_~12             ; |decode3to8|lpm_mux:Mux7|mux_3nc:auto_generated|_~12             ; out0             ;
; |decode3to8|lpm_mux:Mux7|mux_3nc:auto_generated|w_result44w~0    ; |decode3to8|lpm_mux:Mux7|mux_3nc:auto_generated|w_result44w~0    ; out0             ;
; |decode3to8|lpm_mux:Mux7|mux_3nc:auto_generated|_~13             ; |decode3to8|lpm_mux:Mux7|mux_3nc:auto_generated|_~13             ; out0             ;
; |decode3to8|lpm_mux:Mux7|mux_3nc:auto_generated|w_result44w~1    ; |decode3to8|lpm_mux:Mux7|mux_3nc:auto_generated|w_result44w~1    ; out0             ;
; |decode3to8|lpm_mux:Mux7|mux_3nc:auto_generated|w_result44w      ; |decode3to8|lpm_mux:Mux7|mux_3nc:auto_generated|w_result44w      ; out0             ;
; |decode3to8|lpm_mux:Mux7|mux_3nc:auto_generated|_~14             ; |decode3to8|lpm_mux:Mux7|mux_3nc:auto_generated|_~14             ; out0             ;
; |decode3to8|lpm_mux:Mux7|mux_3nc:auto_generated|_~16             ; |decode3to8|lpm_mux:Mux7|mux_3nc:auto_generated|_~16             ; out0             ;
; |decode3to8|lpm_mux:Mux7|mux_3nc:auto_generated|_~17             ; |decode3to8|lpm_mux:Mux7|mux_3nc:auto_generated|_~17             ; out0             ;
; |decode3to8|lpm_mux:Mux7|mux_3nc:auto_generated|w_result65w~1    ; |decode3to8|lpm_mux:Mux7|mux_3nc:auto_generated|w_result65w~1    ; out0             ;
; |decode3to8|lpm_mux:Mux7|mux_3nc:auto_generated|w_result65w      ; |decode3to8|lpm_mux:Mux7|mux_3nc:auto_generated|w_result65w      ; out0             ;
; |decode3to8|lpm_mux:Mux6|mux_3nc:auto_generated|_~0              ; |decode3to8|lpm_mux:Mux6|mux_3nc:auto_generated|_~0              ; out0             ;
; |decode3to8|lpm_mux:Mux6|mux_3nc:auto_generated|_~2              ; |decode3to8|lpm_mux:Mux6|mux_3nc:auto_generated|_~2              ; out0             ;
; |decode3to8|lpm_mux:Mux6|mux_3nc:auto_generated|_~3              ; |decode3to8|lpm_mux:Mux6|mux_3nc:auto_generated|_~3              ; out0             ;
; |decode3to8|lpm_mux:Mux6|mux_3nc:auto_generated|w_result36w~0    ; |decode3to8|lpm_mux:Mux6|mux_3nc:auto_generated|w_result36w~0    ; out0             ;
; |decode3to8|lpm_mux:Mux6|mux_3nc:auto_generated|_~4              ; |decode3to8|lpm_mux:Mux6|mux_3nc:auto_generated|_~4              ; out0             ;
; |decode3to8|lpm_mux:Mux6|mux_3nc:auto_generated|_~5              ; |decode3to8|lpm_mux:Mux6|mux_3nc:auto_generated|_~5              ; out0             ;
; |decode3to8|lpm_mux:Mux6|mux_3nc:auto_generated|w_result36w      ; |decode3to8|lpm_mux:Mux6|mux_3nc:auto_generated|w_result36w      ; out0             ;
; |decode3to8|lpm_mux:Mux6|mux_3nc:auto_generated|_~7              ; |decode3to8|lpm_mux:Mux6|mux_3nc:auto_generated|_~7              ; out0             ;
; |decode3to8|lpm_mux:Mux6|mux_3nc:auto_generated|_~8              ; |decode3to8|lpm_mux:Mux6|mux_3nc:auto_generated|_~8              ; out0             ;
; |decode3to8|lpm_mux:Mux6|mux_3nc:auto_generated|_~9              ; |decode3to8|lpm_mux:Mux6|mux_3nc:auto_generated|_~9              ; out0             ;
; |decode3to8|lpm_mux:Mux6|mux_3nc:auto_generated|_~10             ; |decode3to8|lpm_mux:Mux6|mux_3nc:auto_generated|_~10             ; out0             ;
; |decode3to8|lpm_mux:Mux6|mux_3nc:auto_generated|_~12             ; |decode3to8|lpm_mux:Mux6|mux_3nc:auto_generated|_~12             ; out0             ;
; |decode3to8|lpm_mux:Mux6|mux_3nc:auto_generated|_~13             ; |decode3to8|lpm_mux:Mux6|mux_3nc:auto_generated|_~13             ; out0             ;
; |decode3to8|lpm_mux:Mux6|mux_3nc:auto_generated|w_result44w~1    ; |decode3to8|lpm_mux:Mux6|mux_3nc:auto_generated|w_result44w~1    ; out0             ;
; |decode3to8|lpm_mux:Mux6|mux_3nc:auto_generated|w_result44w      ; |decode3to8|lpm_mux:Mux6|mux_3nc:auto_generated|w_result44w      ; out0             ;
; |decode3to8|lpm_mux:Mux6|mux_3nc:auto_generated|_~14             ; |decode3to8|lpm_mux:Mux6|mux_3nc:auto_generated|_~14             ; out0             ;
; |decode3to8|lpm_mux:Mux6|mux_3nc:auto_generated|_~16             ; |decode3to8|lpm_mux:Mux6|mux_3nc:auto_generated|_~16             ; out0             ;
; |decode3to8|lpm_mux:Mux6|mux_3nc:auto_generated|_~17             ; |decode3to8|lpm_mux:Mux6|mux_3nc:auto_generated|_~17             ; out0             ;
; |decode3to8|lpm_mux:Mux6|mux_3nc:auto_generated|w_result65w~1    ; |decode3to8|lpm_mux:Mux6|mux_3nc:auto_generated|w_result65w~1    ; out0             ;
; |decode3to8|lpm_mux:Mux6|mux_3nc:auto_generated|w_result65w      ; |decode3to8|lpm_mux:Mux6|mux_3nc:auto_generated|w_result65w      ; out0             ;
; |decode3to8|lpm_mux:Mux5|mux_3nc:auto_generated|_~0              ; |decode3to8|lpm_mux:Mux5|mux_3nc:auto_generated|_~0              ; out0             ;
; |decode3to8|lpm_mux:Mux5|mux_3nc:auto_generated|_~3              ; |decode3to8|lpm_mux:Mux5|mux_3nc:auto_generated|_~3              ; out0             ;
; |decode3to8|lpm_mux:Mux5|mux_3nc:auto_generated|_~4              ; |decode3to8|lpm_mux:Mux5|mux_3nc:auto_generated|_~4              ; out0             ;
; |decode3to8|lpm_mux:Mux5|mux_3nc:auto_generated|_~5              ; |decode3to8|lpm_mux:Mux5|mux_3nc:auto_generated|_~5              ; out0             ;
; |decode3to8|lpm_mux:Mux5|mux_3nc:auto_generated|_~7              ; |decode3to8|lpm_mux:Mux5|mux_3nc:auto_generated|_~7              ; out0             ;
; |decode3to8|lpm_mux:Mux5|mux_3nc:auto_generated|_~8              ; |decode3to8|lpm_mux:Mux5|mux_3nc:auto_generated|_~8              ; out0             ;
; |decode3to8|lpm_mux:Mux5|mux_3nc:auto_generated|_~9              ; |decode3to8|lpm_mux:Mux5|mux_3nc:auto_generated|_~9              ; out0             ;
; |decode3to8|lpm_mux:Mux5|mux_3nc:auto_generated|_~10             ; |decode3to8|lpm_mux:Mux5|mux_3nc:auto_generated|_~10             ; out0             ;
; |decode3to8|lpm_mux:Mux5|mux_3nc:auto_generated|_~12             ; |decode3to8|lpm_mux:Mux5|mux_3nc:auto_generated|_~12             ; out0             ;
; |decode3to8|lpm_mux:Mux5|mux_3nc:auto_generated|w_result44w~1    ; |decode3to8|lpm_mux:Mux5|mux_3nc:auto_generated|w_result44w~1    ; out0             ;
; |decode3to8|lpm_mux:Mux5|mux_3nc:auto_generated|w_result44w      ; |decode3to8|lpm_mux:Mux5|mux_3nc:auto_generated|w_result44w      ; out0             ;
; |decode3to8|lpm_mux:Mux5|mux_3nc:auto_generated|_~14             ; |decode3to8|lpm_mux:Mux5|mux_3nc:auto_generated|_~14             ; out0             ;
; |decode3to8|lpm_mux:Mux5|mux_3nc:auto_generated|_~16             ; |decode3to8|lpm_mux:Mux5|mux_3nc:auto_generated|_~16             ; out0             ;
; |decode3to8|lpm_mux:Mux5|mux_3nc:auto_generated|_~17             ; |decode3to8|lpm_mux:Mux5|mux_3nc:auto_generated|_~17             ; out0             ;
; |decode3to8|lpm_mux:Mux5|mux_3nc:auto_generated|w_result65w~1    ; |decode3to8|lpm_mux:Mux5|mux_3nc:auto_generated|w_result65w~1    ; out0             ;
; |decode3to8|lpm_mux:Mux5|mux_3nc:auto_generated|w_result65w      ; |decode3to8|lpm_mux:Mux5|mux_3nc:auto_generated|w_result65w      ; out0             ;
; |decode3to8|lpm_mux:Mux4|mux_3nc:auto_generated|_~0              ; |decode3to8|lpm_mux:Mux4|mux_3nc:auto_generated|_~0              ; out0             ;
; |decode3to8|lpm_mux:Mux4|mux_3nc:auto_generated|result_node[0]~1 ; |decode3to8|lpm_mux:Mux4|mux_3nc:auto_generated|result_node[0]~1 ; out0             ;
; |decode3to8|lpm_mux:Mux4|mux_3nc:auto_generated|result_node[0]   ; |decode3to8|lpm_mux:Mux4|mux_3nc:auto_generated|result_node[0]   ; out0             ;
; |decode3to8|lpm_mux:Mux4|mux_3nc:auto_generated|_~3              ; |decode3to8|lpm_mux:Mux4|mux_3nc:auto_generated|_~3              ; out0             ;
; |decode3to8|lpm_mux:Mux4|mux_3nc:auto_generated|_~4              ; |decode3to8|lpm_mux:Mux4|mux_3nc:auto_generated|_~4              ; out0             ;
; |decode3to8|lpm_mux:Mux4|mux_3nc:auto_generated|w_result36w~1    ; |decode3to8|lpm_mux:Mux4|mux_3nc:auto_generated|w_result36w~1    ; out0             ;
; |decode3to8|lpm_mux:Mux4|mux_3nc:auto_generated|w_result36w      ; |decode3to8|lpm_mux:Mux4|mux_3nc:auto_generated|w_result36w      ; out0             ;
; |decode3to8|lpm_mux:Mux4|mux_3nc:auto_generated|_~7              ; |decode3to8|lpm_mux:Mux4|mux_3nc:auto_generated|_~7              ; out0             ;
; |decode3to8|lpm_mux:Mux4|mux_3nc:auto_generated|_~8              ; |decode3to8|lpm_mux:Mux4|mux_3nc:auto_generated|_~8              ; out0             ;
; |decode3to8|lpm_mux:Mux4|mux_3nc:auto_generated|_~9              ; |decode3to8|lpm_mux:Mux4|mux_3nc:auto_generated|_~9              ; out0             ;
; |decode3to8|lpm_mux:Mux4|mux_3nc:auto_generated|_~10             ; |decode3to8|lpm_mux:Mux4|mux_3nc:auto_generated|_~10             ; out0             ;
; |decode3to8|lpm_mux:Mux4|mux_3nc:auto_generated|_~12             ; |decode3to8|lpm_mux:Mux4|mux_3nc:auto_generated|_~12             ; out0             ;
; |decode3to8|lpm_mux:Mux4|mux_3nc:auto_generated|_~13             ; |decode3to8|lpm_mux:Mux4|mux_3nc:auto_generated|_~13             ; out0             ;
; |decode3to8|lpm_mux:Mux4|mux_3nc:auto_generated|w_result44w~1    ; |decode3to8|lpm_mux:Mux4|mux_3nc:auto_generated|w_result44w~1    ; out0             ;
; |decode3to8|lpm_mux:Mux4|mux_3nc:auto_generated|w_result44w      ; |decode3to8|lpm_mux:Mux4|mux_3nc:auto_generated|w_result44w      ; out0             ;
; |decode3to8|lpm_mux:Mux4|mux_3nc:auto_generated|_~14             ; |decode3to8|lpm_mux:Mux4|mux_3nc:auto_generated|_~14             ; out0             ;
; |decode3to8|lpm_mux:Mux4|mux_3nc:auto_generated|_~16             ; |decode3to8|lpm_mux:Mux4|mux_3nc:auto_generated|_~16             ; out0             ;
; |decode3to8|lpm_mux:Mux4|mux_3nc:auto_generated|_~17             ; |decode3to8|lpm_mux:Mux4|mux_3nc:auto_generated|_~17             ; out0             ;
; |decode3to8|lpm_mux:Mux4|mux_3nc:auto_generated|w_result65w~1    ; |decode3to8|lpm_mux:Mux4|mux_3nc:auto_generated|w_result65w~1    ; out0             ;
; |decode3to8|lpm_mux:Mux4|mux_3nc:auto_generated|w_result65w      ; |decode3to8|lpm_mux:Mux4|mux_3nc:auto_generated|w_result65w      ; out0             ;
; |decode3to8|lpm_mux:Mux3|mux_3nc:auto_generated|result_node[0]~0 ; |decode3to8|lpm_mux:Mux3|mux_3nc:auto_generated|result_node[0]~0 ; out0             ;
; |decode3to8|lpm_mux:Mux3|mux_3nc:auto_generated|_~0              ; |decode3to8|lpm_mux:Mux3|mux_3nc:auto_generated|_~0              ; out0             ;
; |decode3to8|lpm_mux:Mux3|mux_3nc:auto_generated|result_node[0]   ; |decode3to8|lpm_mux:Mux3|mux_3nc:auto_generated|result_node[0]   ; out0             ;
; |decode3to8|lpm_mux:Mux3|mux_3nc:auto_generated|_~3              ; |decode3to8|lpm_mux:Mux3|mux_3nc:auto_generated|_~3              ; out0             ;
; |decode3to8|lpm_mux:Mux3|mux_3nc:auto_generated|_~4              ; |decode3to8|lpm_mux:Mux3|mux_3nc:auto_generated|_~4              ; out0             ;
; |decode3to8|lpm_mux:Mux3|mux_3nc:auto_generated|_~5              ; |decode3to8|lpm_mux:Mux3|mux_3nc:auto_generated|_~5              ; out0             ;
; |decode3to8|lpm_mux:Mux3|mux_3nc:auto_generated|_~7              ; |decode3to8|lpm_mux:Mux3|mux_3nc:auto_generated|_~7              ; out0             ;
; |decode3to8|lpm_mux:Mux3|mux_3nc:auto_generated|_~8              ; |decode3to8|lpm_mux:Mux3|mux_3nc:auto_generated|_~8              ; out0             ;
; |decode3to8|lpm_mux:Mux3|mux_3nc:auto_generated|_~9              ; |decode3to8|lpm_mux:Mux3|mux_3nc:auto_generated|_~9              ; out0             ;
; |decode3to8|lpm_mux:Mux3|mux_3nc:auto_generated|w_result37w~1    ; |decode3to8|lpm_mux:Mux3|mux_3nc:auto_generated|w_result37w~1    ; out0             ;
; |decode3to8|lpm_mux:Mux3|mux_3nc:auto_generated|w_result37w      ; |decode3to8|lpm_mux:Mux3|mux_3nc:auto_generated|w_result37w      ; out0             ;
; |decode3to8|lpm_mux:Mux3|mux_3nc:auto_generated|_~10             ; |decode3to8|lpm_mux:Mux3|mux_3nc:auto_generated|_~10             ; out0             ;
; |decode3to8|lpm_mux:Mux3|mux_3nc:auto_generated|_~12             ; |decode3to8|lpm_mux:Mux3|mux_3nc:auto_generated|_~12             ; out0             ;
; |decode3to8|lpm_mux:Mux3|mux_3nc:auto_generated|_~13             ; |decode3to8|lpm_mux:Mux3|mux_3nc:auto_generated|_~13             ; out0             ;
; |decode3to8|lpm_mux:Mux3|mux_3nc:auto_generated|w_result44w~1    ; |decode3to8|lpm_mux:Mux3|mux_3nc:auto_generated|w_result44w~1    ; out0             ;
; |decode3to8|lpm_mux:Mux3|mux_3nc:auto_generated|w_result44w      ; |decode3to8|lpm_mux:Mux3|mux_3nc:auto_generated|w_result44w      ; out0             ;
; |decode3to8|lpm_mux:Mux3|mux_3nc:auto_generated|_~14             ; |decode3to8|lpm_mux:Mux3|mux_3nc:auto_generated|_~14             ; out0             ;
; |decode3to8|lpm_mux:Mux3|mux_3nc:auto_generated|_~15             ; |decode3to8|lpm_mux:Mux3|mux_3nc:auto_generated|_~15             ; out0             ;
; |decode3to8|lpm_mux:Mux3|mux_3nc:auto_generated|_~16             ; |decode3to8|lpm_mux:Mux3|mux_3nc:auto_generated|_~16             ; out0             ;
; |decode3to8|lpm_mux:Mux3|mux_3nc:auto_generated|w_result65w~0    ; |decode3to8|lpm_mux:Mux3|mux_3nc:auto_generated|w_result65w~0    ; out0             ;
; |decode3to8|lpm_mux:Mux3|mux_3nc:auto_generated|_~17             ; |decode3to8|lpm_mux:Mux3|mux_3nc:auto_generated|_~17             ; out0             ;
; |decode3to8|lpm_mux:Mux3|mux_3nc:auto_generated|w_result65w~1    ; |decode3to8|lpm_mux:Mux3|mux_3nc:auto_generated|w_result65w~1    ; out0             ;
; |decode3to8|lpm_mux:Mux3|mux_3nc:auto_generated|w_result65w      ; |decode3to8|lpm_mux:Mux3|mux_3nc:auto_generated|w_result65w      ; out0             ;
; |decode3to8|lpm_mux:Mux2|mux_3nc:auto_generated|result_node[0]~0 ; |decode3to8|lpm_mux:Mux2|mux_3nc:auto_generated|result_node[0]~0 ; out0             ;
; |decode3to8|lpm_mux:Mux2|mux_3nc:auto_generated|_~0              ; |decode3to8|lpm_mux:Mux2|mux_3nc:auto_generated|_~0              ; out0             ;
; |decode3to8|lpm_mux:Mux2|mux_3nc:auto_generated|result_node[0]   ; |decode3to8|lpm_mux:Mux2|mux_3nc:auto_generated|result_node[0]   ; out0             ;
; |decode3to8|lpm_mux:Mux2|mux_3nc:auto_generated|_~3              ; |decode3to8|lpm_mux:Mux2|mux_3nc:auto_generated|_~3              ; out0             ;
; |decode3to8|lpm_mux:Mux2|mux_3nc:auto_generated|_~4              ; |decode3to8|lpm_mux:Mux2|mux_3nc:auto_generated|_~4              ; out0             ;
; |decode3to8|lpm_mux:Mux2|mux_3nc:auto_generated|_~5              ; |decode3to8|lpm_mux:Mux2|mux_3nc:auto_generated|_~5              ; out0             ;
; |decode3to8|lpm_mux:Mux2|mux_3nc:auto_generated|_~6              ; |decode3to8|lpm_mux:Mux2|mux_3nc:auto_generated|_~6              ; out0             ;
; |decode3to8|lpm_mux:Mux2|mux_3nc:auto_generated|_~7              ; |decode3to8|lpm_mux:Mux2|mux_3nc:auto_generated|_~7              ; out0             ;
; |decode3to8|lpm_mux:Mux2|mux_3nc:auto_generated|w_result37w~0    ; |decode3to8|lpm_mux:Mux2|mux_3nc:auto_generated|w_result37w~0    ; out0             ;
; |decode3to8|lpm_mux:Mux2|mux_3nc:auto_generated|_~8              ; |decode3to8|lpm_mux:Mux2|mux_3nc:auto_generated|_~8              ; out0             ;
; |decode3to8|lpm_mux:Mux2|mux_3nc:auto_generated|_~9              ; |decode3to8|lpm_mux:Mux2|mux_3nc:auto_generated|_~9              ; out0             ;
; |decode3to8|lpm_mux:Mux2|mux_3nc:auto_generated|w_result37w      ; |decode3to8|lpm_mux:Mux2|mux_3nc:auto_generated|w_result37w      ; out0             ;
; |decode3to8|lpm_mux:Mux2|mux_3nc:auto_generated|_~10             ; |decode3to8|lpm_mux:Mux2|mux_3nc:auto_generated|_~10             ; out0             ;
; |decode3to8|lpm_mux:Mux2|mux_3nc:auto_generated|_~12             ; |decode3to8|lpm_mux:Mux2|mux_3nc:auto_generated|_~12             ; out0             ;
; |decode3to8|lpm_mux:Mux2|mux_3nc:auto_generated|_~13             ; |decode3to8|lpm_mux:Mux2|mux_3nc:auto_generated|_~13             ; out0             ;
; |decode3to8|lpm_mux:Mux2|mux_3nc:auto_generated|w_result44w~1    ; |decode3to8|lpm_mux:Mux2|mux_3nc:auto_generated|w_result44w~1    ; out0             ;
; |decode3to8|lpm_mux:Mux2|mux_3nc:auto_generated|w_result44w      ; |decode3to8|lpm_mux:Mux2|mux_3nc:auto_generated|w_result44w      ; out0             ;
; |decode3to8|lpm_mux:Mux2|mux_3nc:auto_generated|_~14             ; |decode3to8|lpm_mux:Mux2|mux_3nc:auto_generated|_~14             ; out0             ;
; |decode3to8|lpm_mux:Mux2|mux_3nc:auto_generated|_~16             ; |decode3to8|lpm_mux:Mux2|mux_3nc:auto_generated|_~16             ; out0             ;
; |decode3to8|lpm_mux:Mux2|mux_3nc:auto_generated|_~17             ; |decode3to8|lpm_mux:Mux2|mux_3nc:auto_generated|_~17             ; out0             ;
; |decode3to8|lpm_mux:Mux2|mux_3nc:auto_generated|w_result65w~1    ; |decode3to8|lpm_mux:Mux2|mux_3nc:auto_generated|w_result65w~1    ; out0             ;
; |decode3to8|lpm_mux:Mux2|mux_3nc:auto_generated|w_result65w      ; |decode3to8|lpm_mux:Mux2|mux_3nc:auto_generated|w_result65w      ; out0             ;
; |decode3to8|lpm_mux:Mux1|mux_3nc:auto_generated|_~0              ; |decode3to8|lpm_mux:Mux1|mux_3nc:auto_generated|_~0              ; out0             ;
; |decode3to8|lpm_mux:Mux1|mux_3nc:auto_generated|_~3              ; |decode3to8|lpm_mux:Mux1|mux_3nc:auto_generated|_~3              ; out0             ;
; |decode3to8|lpm_mux:Mux1|mux_3nc:auto_generated|_~4              ; |decode3to8|lpm_mux:Mux1|mux_3nc:auto_generated|_~4              ; out0             ;
; |decode3to8|lpm_mux:Mux1|mux_3nc:auto_generated|_~5              ; |decode3to8|lpm_mux:Mux1|mux_3nc:auto_generated|_~5              ; out0             ;
; |decode3to8|lpm_mux:Mux1|mux_3nc:auto_generated|_~7              ; |decode3to8|lpm_mux:Mux1|mux_3nc:auto_generated|_~7              ; out0             ;
; |decode3to8|lpm_mux:Mux1|mux_3nc:auto_generated|_~8              ; |decode3to8|lpm_mux:Mux1|mux_3nc:auto_generated|_~8              ; out0             ;
; |decode3to8|lpm_mux:Mux1|mux_3nc:auto_generated|_~9              ; |decode3to8|lpm_mux:Mux1|mux_3nc:auto_generated|_~9              ; out0             ;
; |decode3to8|lpm_mux:Mux1|mux_3nc:auto_generated|_~10             ; |decode3to8|lpm_mux:Mux1|mux_3nc:auto_generated|_~10             ; out0             ;
; |decode3to8|lpm_mux:Mux1|mux_3nc:auto_generated|_~12             ; |decode3to8|lpm_mux:Mux1|mux_3nc:auto_generated|_~12             ; out0             ;
; |decode3to8|lpm_mux:Mux1|mux_3nc:auto_generated|_~13             ; |decode3to8|lpm_mux:Mux1|mux_3nc:auto_generated|_~13             ; out0             ;
; |decode3to8|lpm_mux:Mux1|mux_3nc:auto_generated|w_result44w~1    ; |decode3to8|lpm_mux:Mux1|mux_3nc:auto_generated|w_result44w~1    ; out0             ;
; |decode3to8|lpm_mux:Mux1|mux_3nc:auto_generated|w_result44w      ; |decode3to8|lpm_mux:Mux1|mux_3nc:auto_generated|w_result44w      ; out0             ;
; |decode3to8|lpm_mux:Mux1|mux_3nc:auto_generated|_~14             ; |decode3to8|lpm_mux:Mux1|mux_3nc:auto_generated|_~14             ; out0             ;
; |decode3to8|lpm_mux:Mux1|mux_3nc:auto_generated|_~16             ; |decode3to8|lpm_mux:Mux1|mux_3nc:auto_generated|_~16             ; out0             ;
; |decode3to8|lpm_mux:Mux1|mux_3nc:auto_generated|w_result65w~1    ; |decode3to8|lpm_mux:Mux1|mux_3nc:auto_generated|w_result65w~1    ; out0             ;
; |decode3to8|lpm_mux:Mux1|mux_3nc:auto_generated|w_result65w      ; |decode3to8|lpm_mux:Mux1|mux_3nc:auto_generated|w_result65w      ; out0             ;
; |decode3to8|lpm_mux:Mux0|mux_3nc:auto_generated|result_node[0]~0 ; |decode3to8|lpm_mux:Mux0|mux_3nc:auto_generated|result_node[0]~0 ; out0             ;
; |decode3to8|lpm_mux:Mux0|mux_3nc:auto_generated|_~0              ; |decode3to8|lpm_mux:Mux0|mux_3nc:auto_generated|_~0              ; out0             ;
; |decode3to8|lpm_mux:Mux0|mux_3nc:auto_generated|result_node[0]   ; |decode3to8|lpm_mux:Mux0|mux_3nc:auto_generated|result_node[0]   ; out0             ;
; |decode3to8|lpm_mux:Mux0|mux_3nc:auto_generated|_~3              ; |decode3to8|lpm_mux:Mux0|mux_3nc:auto_generated|_~3              ; out0             ;
; |decode3to8|lpm_mux:Mux0|mux_3nc:auto_generated|_~4              ; |decode3to8|lpm_mux:Mux0|mux_3nc:auto_generated|_~4              ; out0             ;
; |decode3to8|lpm_mux:Mux0|mux_3nc:auto_generated|_~5              ; |decode3to8|lpm_mux:Mux0|mux_3nc:auto_generated|_~5              ; out0             ;
; |decode3to8|lpm_mux:Mux0|mux_3nc:auto_generated|_~7              ; |decode3to8|lpm_mux:Mux0|mux_3nc:auto_generated|_~7              ; out0             ;
; |decode3to8|lpm_mux:Mux0|mux_3nc:auto_generated|_~8              ; |decode3to8|lpm_mux:Mux0|mux_3nc:auto_generated|_~8              ; out0             ;
; |decode3to8|lpm_mux:Mux0|mux_3nc:auto_generated|w_result37w~1    ; |decode3to8|lpm_mux:Mux0|mux_3nc:auto_generated|w_result37w~1    ; out0             ;
; |decode3to8|lpm_mux:Mux0|mux_3nc:auto_generated|w_result37w      ; |decode3to8|lpm_mux:Mux0|mux_3nc:auto_generated|w_result37w      ; out0             ;
; |decode3to8|lpm_mux:Mux0|mux_3nc:auto_generated|_~10             ; |decode3to8|lpm_mux:Mux0|mux_3nc:auto_generated|_~10             ; out0             ;
; |decode3to8|lpm_mux:Mux0|mux_3nc:auto_generated|_~12             ; |decode3to8|lpm_mux:Mux0|mux_3nc:auto_generated|_~12             ; out0             ;
; |decode3to8|lpm_mux:Mux0|mux_3nc:auto_generated|_~13             ; |decode3to8|lpm_mux:Mux0|mux_3nc:auto_generated|_~13             ; out0             ;
; |decode3to8|lpm_mux:Mux0|mux_3nc:auto_generated|w_result44w~1    ; |decode3to8|lpm_mux:Mux0|mux_3nc:auto_generated|w_result44w~1    ; out0             ;
; |decode3to8|lpm_mux:Mux0|mux_3nc:auto_generated|w_result44w      ; |decode3to8|lpm_mux:Mux0|mux_3nc:auto_generated|w_result44w      ; out0             ;
; |decode3to8|lpm_mux:Mux0|mux_3nc:auto_generated|_~14             ; |decode3to8|lpm_mux:Mux0|mux_3nc:auto_generated|_~14             ; out0             ;
; |decode3to8|lpm_mux:Mux0|mux_3nc:auto_generated|_~16             ; |decode3to8|lpm_mux:Mux0|mux_3nc:auto_generated|_~16             ; out0             ;
; |decode3to8|lpm_mux:Mux0|mux_3nc:auto_generated|_~17             ; |decode3to8|lpm_mux:Mux0|mux_3nc:auto_generated|_~17             ; out0             ;
; |decode3to8|lpm_mux:Mux0|mux_3nc:auto_generated|w_result65w~1    ; |decode3to8|lpm_mux:Mux0|mux_3nc:auto_generated|w_result65w~1    ; out0             ;
; |decode3to8|lpm_mux:Mux0|mux_3nc:auto_generated|w_result65w      ; |decode3to8|lpm_mux:Mux0|mux_3nc:auto_generated|w_result65w      ; out0             ;
+------------------------------------------------------------------+------------------------------------------------------------------+------------------+


The following table displays output ports that do not toggle to 1 during simulation.
+--------------------------------------------------------------------------------------------------------------------------------------------------------+
; Missing 1-Value Coverage                                                                                                                               ;
+------------------------------------------------------------------+------------------------------------------------------------------+------------------+
; Node Name                                                        ; Output Port Name                                                 ; Output Port Type ;
+------------------------------------------------------------------+------------------------------------------------------------------+------------------+
; |decode3to8|output[1]                                            ; |decode3to8|output[1]                                            ; pin_out          ;
; |decode3to8|output[2]                                            ; |decode3to8|output[2]                                            ; pin_out          ;
; |decode3to8|output[6]                                            ; |decode3to8|output[6]                                            ; pin_out          ;
; |decode3to8|lpm_mux:Mux7|mux_3nc:auto_generated|result_node[0]~0 ; |decode3to8|lpm_mux:Mux7|mux_3nc:auto_generated|result_node[0]~0 ; out0             ;
; |decode3to8|lpm_mux:Mux7|mux_3nc:auto_generated|_~2              ; |decode3to8|lpm_mux:Mux7|mux_3nc:auto_generated|_~2              ; out0             ;
; |decode3to8|lpm_mux:Mux7|mux_3nc:auto_generated|w_result36w~0    ; |decode3to8|lpm_mux:Mux7|mux_3nc:auto_generated|w_result36w~0    ; out0             ;
; |decode3to8|lpm_mux:Mux7|mux_3nc:auto_generated|_~6              ; |decode3to8|lpm_mux:Mux7|mux_3nc:auto_generated|_~6              ; out0             ;
; |decode3to8|lpm_mux:Mux7|mux_3nc:auto_generated|w_result37w~0    ; |decode3to8|lpm_mux:Mux7|mux_3nc:auto_generated|w_result37w~0    ; out0             ;
; |decode3to8|lpm_mux:Mux7|mux_3nc:auto_generated|w_result37w~1    ; |decode3to8|lpm_mux:Mux7|mux_3nc:auto_generated|w_result37w~1    ; out0             ;
; |decode3to8|lpm_mux:Mux7|mux_3nc:auto_generated|w_result37w      ; |decode3to8|lpm_mux:Mux7|mux_3nc:auto_generated|w_result37w      ; out0             ;
; |decode3to8|lpm_mux:Mux7|mux_3nc:auto_generated|_~15             ; |decode3to8|lpm_mux:Mux7|mux_3nc:auto_generated|_~15             ; out0             ;
; |decode3to8|lpm_mux:Mux7|mux_3nc:auto_generated|w_result65w~0    ; |decode3to8|lpm_mux:Mux7|mux_3nc:auto_generated|w_result65w~0    ; out0             ;
; |decode3to8|lpm_mux:Mux6|mux_3nc:auto_generated|result_node[0]~0 ; |decode3to8|lpm_mux:Mux6|mux_3nc:auto_generated|result_node[0]~0 ; out0             ;
; |decode3to8|lpm_mux:Mux6|mux_3nc:auto_generated|result_node[0]~1 ; |decode3to8|lpm_mux:Mux6|mux_3nc:auto_generated|result_node[0]~1 ; out0             ;
; |decode3to8|lpm_mux:Mux6|mux_3nc:auto_generated|result_node[0]   ; |decode3to8|lpm_mux:Mux6|mux_3nc:auto_generated|result_node[0]   ; out0             ;
; |decode3to8|lpm_mux:Mux6|mux_3nc:auto_generated|w_result36w~1    ; |decode3to8|lpm_mux:Mux6|mux_3nc:auto_generated|w_result36w~1    ; out0             ;
; |decode3to8|lpm_mux:Mux6|mux_3nc:auto_generated|_~6              ; |decode3to8|lpm_mux:Mux6|mux_3nc:auto_generated|_~6              ; out0             ;
; |decode3to8|lpm_mux:Mux6|mux_3nc:auto_generated|w_result37w~0    ; |decode3to8|lpm_mux:Mux6|mux_3nc:auto_generated|w_result37w~0    ; out0             ;
; |decode3to8|lpm_mux:Mux6|mux_3nc:auto_generated|w_result37w~1    ; |decode3to8|lpm_mux:Mux6|mux_3nc:auto_generated|w_result37w~1    ; out0             ;
; |decode3to8|lpm_mux:Mux6|mux_3nc:auto_generated|w_result37w      ; |decode3to8|lpm_mux:Mux6|mux_3nc:auto_generated|w_result37w      ; out0             ;
; |decode3to8|lpm_mux:Mux6|mux_3nc:auto_generated|_~11             ; |decode3to8|lpm_mux:Mux6|mux_3nc:auto_generated|_~11             ; out0             ;
; |decode3to8|lpm_mux:Mux6|mux_3nc:auto_generated|w_result44w~0    ; |decode3to8|lpm_mux:Mux6|mux_3nc:auto_generated|w_result44w~0    ; out0             ;
; |decode3to8|lpm_mux:Mux6|mux_3nc:auto_generated|_~15             ; |decode3to8|lpm_mux:Mux6|mux_3nc:auto_generated|_~15             ; out0             ;
; |decode3to8|lpm_mux:Mux6|mux_3nc:auto_generated|w_result65w~0    ; |decode3to8|lpm_mux:Mux6|mux_3nc:auto_generated|w_result65w~0    ; out0             ;
; |decode3to8|lpm_mux:Mux5|mux_3nc:auto_generated|result_node[0]~0 ; |decode3to8|lpm_mux:Mux5|mux_3nc:auto_generated|result_node[0]~0 ; out0             ;
; |decode3to8|lpm_mux:Mux5|mux_3nc:auto_generated|result_node[0]~1 ; |decode3to8|lpm_mux:Mux5|mux_3nc:auto_generated|result_node[0]~1 ; out0             ;
; |decode3to8|lpm_mux:Mux5|mux_3nc:auto_generated|result_node[0]   ; |decode3to8|lpm_mux:Mux5|mux_3nc:auto_generated|result_node[0]   ; out0             ;
; |decode3to8|lpm_mux:Mux5|mux_3nc:auto_generated|_~2              ; |decode3to8|lpm_mux:Mux5|mux_3nc:auto_generated|_~2              ; out0             ;
; |decode3to8|lpm_mux:Mux5|mux_3nc:auto_generated|w_result36w~0    ; |decode3to8|lpm_mux:Mux5|mux_3nc:auto_generated|w_result36w~0    ; out0             ;
; |decode3to8|lpm_mux:Mux5|mux_3nc:auto_generated|w_result36w~1    ; |decode3to8|lpm_mux:Mux5|mux_3nc:auto_generated|w_result36w~1    ; out0             ;
; |decode3to8|lpm_mux:Mux5|mux_3nc:auto_generated|w_result36w      ; |decode3to8|lpm_mux:Mux5|mux_3nc:auto_generated|w_result36w      ; out0             ;
; |decode3to8|lpm_mux:Mux5|mux_3nc:auto_generated|_~6              ; |decode3to8|lpm_mux:Mux5|mux_3nc:auto_generated|_~6              ; out0             ;
; |decode3to8|lpm_mux:Mux5|mux_3nc:auto_generated|w_result37w~0    ; |decode3to8|lpm_mux:Mux5|mux_3nc:auto_generated|w_result37w~0    ; out0             ;
; |decode3to8|lpm_mux:Mux5|mux_3nc:auto_generated|w_result37w~1    ; |decode3to8|lpm_mux:Mux5|mux_3nc:auto_generated|w_result37w~1    ; out0             ;
; |decode3to8|lpm_mux:Mux5|mux_3nc:auto_generated|w_result37w      ; |decode3to8|lpm_mux:Mux5|mux_3nc:auto_generated|w_result37w      ; out0             ;
; |decode3to8|lpm_mux:Mux5|mux_3nc:auto_generated|_~11             ; |decode3to8|lpm_mux:Mux5|mux_3nc:auto_generated|_~11             ; out0             ;
; |decode3to8|lpm_mux:Mux5|mux_3nc:auto_generated|w_result44w~0    ; |decode3to8|lpm_mux:Mux5|mux_3nc:auto_generated|w_result44w~0    ; out0             ;
; |decode3to8|lpm_mux:Mux5|mux_3nc:auto_generated|_~13             ; |decode3to8|lpm_mux:Mux5|mux_3nc:auto_generated|_~13             ; out0             ;
; |decode3to8|lpm_mux:Mux5|mux_3nc:auto_generated|_~15             ; |decode3to8|lpm_mux:Mux5|mux_3nc:auto_generated|_~15             ; out0             ;
; |decode3to8|lpm_mux:Mux5|mux_3nc:auto_generated|w_result65w~0    ; |decode3to8|lpm_mux:Mux5|mux_3nc:auto_generated|w_result65w~0    ; out0             ;
; |decode3to8|lpm_mux:Mux4|mux_3nc:auto_generated|result_node[0]~0 ; |decode3to8|lpm_mux:Mux4|mux_3nc:auto_generated|result_node[0]~0 ; out0             ;
; |decode3to8|lpm_mux:Mux4|mux_3nc:auto_generated|_~2              ; |decode3to8|lpm_mux:Mux4|mux_3nc:auto_generated|_~2              ; out0             ;
; |decode3to8|lpm_mux:Mux4|mux_3nc:auto_generated|w_result36w~0    ; |decode3to8|lpm_mux:Mux4|mux_3nc:auto_generated|w_result36w~0    ; out0             ;
; |decode3to8|lpm_mux:Mux4|mux_3nc:auto_generated|_~5              ; |decode3to8|lpm_mux:Mux4|mux_3nc:auto_generated|_~5              ; out0             ;
; |decode3to8|lpm_mux:Mux4|mux_3nc:auto_generated|_~6              ; |decode3to8|lpm_mux:Mux4|mux_3nc:auto_generated|_~6              ; out0             ;
; |decode3to8|lpm_mux:Mux4|mux_3nc:auto_generated|w_result37w~0    ; |decode3to8|lpm_mux:Mux4|mux_3nc:auto_generated|w_result37w~0    ; out0             ;
; |decode3to8|lpm_mux:Mux4|mux_3nc:auto_generated|w_result37w~1    ; |decode3to8|lpm_mux:Mux4|mux_3nc:auto_generated|w_result37w~1    ; out0             ;
; |decode3to8|lpm_mux:Mux4|mux_3nc:auto_generated|w_result37w      ; |decode3to8|lpm_mux:Mux4|mux_3nc:auto_generated|w_result37w      ; out0             ;
; |decode3to8|lpm_mux:Mux4|mux_3nc:auto_generated|_~11             ; |decode3to8|lpm_mux:Mux4|mux_3nc:auto_generated|_~11             ; out0             ;
; |decode3to8|lpm_mux:Mux4|mux_3nc:auto_generated|w_result44w~0    ; |decode3to8|lpm_mux:Mux4|mux_3nc:auto_generated|w_result44w~0    ; out0             ;
; |decode3to8|lpm_mux:Mux4|mux_3nc:auto_generated|_~15             ; |decode3to8|lpm_mux:Mux4|mux_3nc:auto_generated|_~15             ; out0             ;
; |decode3to8|lpm_mux:Mux4|mux_3nc:auto_generated|w_result65w~0    ; |decode3to8|lpm_mux:Mux4|mux_3nc:auto_generated|w_result65w~0    ; out0             ;
; |decode3to8|lpm_mux:Mux3|mux_3nc:auto_generated|result_node[0]~1 ; |decode3to8|lpm_mux:Mux3|mux_3nc:auto_generated|result_node[0]~1 ; out0             ;
; |decode3to8|lpm_mux:Mux3|mux_3nc:auto_generated|_~2              ; |decode3to8|lpm_mux:Mux3|mux_3nc:auto_generated|_~2              ; out0             ;
; |decode3to8|lpm_mux:Mux3|mux_3nc:auto_generated|w_result36w~0    ; |decode3to8|lpm_mux:Mux3|mux_3nc:auto_generated|w_result36w~0    ; out0             ;
; |decode3to8|lpm_mux:Mux3|mux_3nc:auto_generated|w_result36w~1    ; |decode3to8|lpm_mux:Mux3|mux_3nc:auto_generated|w_result36w~1    ; out0             ;
; |decode3to8|lpm_mux:Mux3|mux_3nc:auto_generated|w_result36w      ; |decode3to8|lpm_mux:Mux3|mux_3nc:auto_generated|w_result36w      ; out0             ;
; |decode3to8|lpm_mux:Mux3|mux_3nc:auto_generated|_~6              ; |decode3to8|lpm_mux:Mux3|mux_3nc:auto_generated|_~6              ; out0             ;
; |decode3to8|lpm_mux:Mux3|mux_3nc:auto_generated|w_result37w~0    ; |decode3to8|lpm_mux:Mux3|mux_3nc:auto_generated|w_result37w~0    ; out0             ;
; |decode3to8|lpm_mux:Mux3|mux_3nc:auto_generated|_~11             ; |decode3to8|lpm_mux:Mux3|mux_3nc:auto_generated|_~11             ; out0             ;
; |decode3to8|lpm_mux:Mux3|mux_3nc:auto_generated|w_result44w~0    ; |decode3to8|lpm_mux:Mux3|mux_3nc:auto_generated|w_result44w~0    ; out0             ;
; |decode3to8|lpm_mux:Mux2|mux_3nc:auto_generated|result_node[0]~1 ; |decode3to8|lpm_mux:Mux2|mux_3nc:auto_generated|result_node[0]~1 ; out0             ;
; |decode3to8|lpm_mux:Mux2|mux_3nc:auto_generated|_~2              ; |decode3to8|lpm_mux:Mux2|mux_3nc:auto_generated|_~2              ; out0             ;
; |decode3to8|lpm_mux:Mux2|mux_3nc:auto_generated|w_result36w~0    ; |decode3to8|lpm_mux:Mux2|mux_3nc:auto_generated|w_result36w~0    ; out0             ;
; |decode3to8|lpm_mux:Mux2|mux_3nc:auto_generated|w_result36w~1    ; |decode3to8|lpm_mux:Mux2|mux_3nc:auto_generated|w_result36w~1    ; out0             ;
; |decode3to8|lpm_mux:Mux2|mux_3nc:auto_generated|w_result36w      ; |decode3to8|lpm_mux:Mux2|mux_3nc:auto_generated|w_result36w      ; out0             ;
; |decode3to8|lpm_mux:Mux2|mux_3nc:auto_generated|w_result37w~1    ; |decode3to8|lpm_mux:Mux2|mux_3nc:auto_generated|w_result37w~1    ; out0             ;
; |decode3to8|lpm_mux:Mux2|mux_3nc:auto_generated|_~11             ; |decode3to8|lpm_mux:Mux2|mux_3nc:auto_generated|_~11             ; out0             ;
; |decode3to8|lpm_mux:Mux2|mux_3nc:auto_generated|w_result44w~0    ; |decode3to8|lpm_mux:Mux2|mux_3nc:auto_generated|w_result44w~0    ; out0             ;
; |decode3to8|lpm_mux:Mux2|mux_3nc:auto_generated|_~15             ; |decode3to8|lpm_mux:Mux2|mux_3nc:auto_generated|_~15             ; out0             ;
; |decode3to8|lpm_mux:Mux2|mux_3nc:auto_generated|w_result65w~0    ; |decode3to8|lpm_mux:Mux2|mux_3nc:auto_generated|w_result65w~0    ; out0             ;
; |decode3to8|lpm_mux:Mux1|mux_3nc:auto_generated|result_node[0]~0 ; |decode3to8|lpm_mux:Mux1|mux_3nc:auto_generated|result_node[0]~0 ; out0             ;
; |decode3to8|lpm_mux:Mux1|mux_3nc:auto_generated|result_node[0]~1 ; |decode3to8|lpm_mux:Mux1|mux_3nc:auto_generated|result_node[0]~1 ; out0             ;
; |decode3to8|lpm_mux:Mux1|mux_3nc:auto_generated|result_node[0]   ; |decode3to8|lpm_mux:Mux1|mux_3nc:auto_generated|result_node[0]   ; out0             ;
; |decode3to8|lpm_mux:Mux1|mux_3nc:auto_generated|_~2              ; |decode3to8|lpm_mux:Mux1|mux_3nc:auto_generated|_~2              ; out0             ;
; |decode3to8|lpm_mux:Mux1|mux_3nc:auto_generated|w_result36w~0    ; |decode3to8|lpm_mux:Mux1|mux_3nc:auto_generated|w_result36w~0    ; out0             ;
; |decode3to8|lpm_mux:Mux1|mux_3nc:auto_generated|w_result36w~1    ; |decode3to8|lpm_mux:Mux1|mux_3nc:auto_generated|w_result36w~1    ; out0             ;
; |decode3to8|lpm_mux:Mux1|mux_3nc:auto_generated|w_result36w      ; |decode3to8|lpm_mux:Mux1|mux_3nc:auto_generated|w_result36w      ; out0             ;
; |decode3to8|lpm_mux:Mux1|mux_3nc:auto_generated|_~6              ; |decode3to8|lpm_mux:Mux1|mux_3nc:auto_generated|_~6              ; out0             ;
; |decode3to8|lpm_mux:Mux1|mux_3nc:auto_generated|w_result37w~0    ; |decode3to8|lpm_mux:Mux1|mux_3nc:auto_generated|w_result37w~0    ; out0             ;
; |decode3to8|lpm_mux:Mux1|mux_3nc:auto_generated|w_result37w~1    ; |decode3to8|lpm_mux:Mux1|mux_3nc:auto_generated|w_result37w~1    ; out0             ;
; |decode3to8|lpm_mux:Mux1|mux_3nc:auto_generated|w_result37w      ; |decode3to8|lpm_mux:Mux1|mux_3nc:auto_generated|w_result37w      ; out0             ;
; |decode3to8|lpm_mux:Mux1|mux_3nc:auto_generated|_~11             ; |decode3to8|lpm_mux:Mux1|mux_3nc:auto_generated|_~11             ; out0             ;
; |decode3to8|lpm_mux:Mux1|mux_3nc:auto_generated|w_result44w~0    ; |decode3to8|lpm_mux:Mux1|mux_3nc:auto_generated|w_result44w~0    ; out0             ;
; |decode3to8|lpm_mux:Mux1|mux_3nc:auto_generated|_~15             ; |decode3to8|lpm_mux:Mux1|mux_3nc:auto_generated|_~15             ; out0             ;
; |decode3to8|lpm_mux:Mux1|mux_3nc:auto_generated|w_result65w~0    ; |decode3to8|lpm_mux:Mux1|mux_3nc:auto_generated|w_result65w~0    ; out0             ;
; |decode3to8|lpm_mux:Mux1|mux_3nc:auto_generated|_~17             ; |decode3to8|lpm_mux:Mux1|mux_3nc:auto_generated|_~17             ; out0             ;
; |decode3to8|lpm_mux:Mux0|mux_3nc:auto_generated|result_node[0]~1 ; |decode3to8|lpm_mux:Mux0|mux_3nc:auto_generated|result_node[0]~1 ; out0             ;
; |decode3to8|lpm_mux:Mux0|mux_3nc:auto_generated|_~2              ; |decode3to8|lpm_mux:Mux0|mux_3nc:auto_generated|_~2              ; out0             ;
; |decode3to8|lpm_mux:Mux0|mux_3nc:auto_generated|w_result36w~0    ; |decode3to8|lpm_mux:Mux0|mux_3nc:auto_generated|w_result36w~0    ; out0             ;
; |decode3to8|lpm_mux:Mux0|mux_3nc:auto_generated|w_result36w~1    ; |decode3to8|lpm_mux:Mux0|mux_3nc:auto_generated|w_result36w~1    ; out0             ;
; |decode3to8|lpm_mux:Mux0|mux_3nc:auto_generated|w_result36w      ; |decode3to8|lpm_mux:Mux0|mux_3nc:auto_generated|w_result36w      ; out0             ;
; |decode3to8|lpm_mux:Mux0|mux_3nc:auto_generated|_~6              ; |decode3to8|lpm_mux:Mux0|mux_3nc:auto_generated|_~6              ; out0             ;
; |decode3to8|lpm_mux:Mux0|mux_3nc:auto_generated|w_result37w~0    ; |decode3to8|lpm_mux:Mux0|mux_3nc:auto_generated|w_result37w~0    ; out0             ;
; |decode3to8|lpm_mux:Mux0|mux_3nc:auto_generated|_~9              ; |decode3to8|lpm_mux:Mux0|mux_3nc:auto_generated|_~9              ; out0             ;
; |decode3to8|lpm_mux:Mux0|mux_3nc:auto_generated|_~11             ; |decode3to8|lpm_mux:Mux0|mux_3nc:auto_generated|_~11             ; out0             ;
; |decode3to8|lpm_mux:Mux0|mux_3nc:auto_generated|w_result44w~0    ; |decode3to8|lpm_mux:Mux0|mux_3nc:auto_generated|w_result44w~0    ; out0             ;
; |decode3to8|lpm_mux:Mux0|mux_3nc:auto_generated|_~15             ; |decode3to8|lpm_mux:Mux0|mux_3nc:auto_generated|_~15             ; out0             ;
; |decode3to8|lpm_mux:Mux0|mux_3nc:auto_generated|w_result65w~0    ; |decode3to8|lpm_mux:Mux0|mux_3nc:auto_generated|w_result65w~0    ; out0             ;
+------------------------------------------------------------------+------------------------------------------------------------------+------------------+


The following table displays output ports that do not toggle to 0 during simulation.
+--------------------------------------------------------------------------------------------------------------------------------------------------------+
; Missing 0-Value Coverage                                                                                                                               ;
+------------------------------------------------------------------+------------------------------------------------------------------+------------------+
; Node Name                                                        ; Output Port Name                                                 ; Output Port Type ;
+------------------------------------------------------------------+------------------------------------------------------------------+------------------+
; |decode3to8|output[1]                                            ; |decode3to8|output[1]                                            ; pin_out          ;
; |decode3to8|output[2]                                            ; |decode3to8|output[2]                                            ; pin_out          ;
; |decode3to8|output[6]                                            ; |decode3to8|output[6]                                            ; pin_out          ;
; |decode3to8|lpm_mux:Mux7|mux_3nc:auto_generated|result_node[0]~0 ; |decode3to8|lpm_mux:Mux7|mux_3nc:auto_generated|result_node[0]~0 ; out0             ;
; |decode3to8|lpm_mux:Mux7|mux_3nc:auto_generated|_~2              ; |decode3to8|lpm_mux:Mux7|mux_3nc:auto_generated|_~2              ; out0             ;
; |decode3to8|lpm_mux:Mux7|mux_3nc:auto_generated|w_result36w~0    ; |decode3to8|lpm_mux:Mux7|mux_3nc:auto_generated|w_result36w~0    ; out0             ;
; |decode3to8|lpm_mux:Mux7|mux_3nc:auto_generated|_~6              ; |decode3to8|lpm_mux:Mux7|mux_3nc:auto_generated|_~6              ; out0             ;
; |decode3to8|lpm_mux:Mux7|mux_3nc:auto_generated|w_result37w~0    ; |decode3to8|lpm_mux:Mux7|mux_3nc:auto_generated|w_result37w~0    ; out0             ;
; |decode3to8|lpm_mux:Mux7|mux_3nc:auto_generated|w_result37w~1    ; |decode3to8|lpm_mux:Mux7|mux_3nc:auto_generated|w_result37w~1    ; out0             ;
; |decode3to8|lpm_mux:Mux7|mux_3nc:auto_generated|w_result37w      ; |decode3to8|lpm_mux:Mux7|mux_3nc:auto_generated|w_result37w      ; out0             ;
; |decode3to8|lpm_mux:Mux7|mux_3nc:auto_generated|_~15             ; |decode3to8|lpm_mux:Mux7|mux_3nc:auto_generated|_~15             ; out0             ;
; |decode3to8|lpm_mux:Mux7|mux_3nc:auto_generated|w_result65w~0    ; |decode3to8|lpm_mux:Mux7|mux_3nc:auto_generated|w_result65w~0    ; out0             ;
; |decode3to8|lpm_mux:Mux6|mux_3nc:auto_generated|result_node[0]~0 ; |decode3to8|lpm_mux:Mux6|mux_3nc:auto_generated|result_node[0]~0 ; out0             ;
; |decode3to8|lpm_mux:Mux6|mux_3nc:auto_generated|result_node[0]~1 ; |decode3to8|lpm_mux:Mux6|mux_3nc:auto_generated|result_node[0]~1 ; out0             ;
; |decode3to8|lpm_mux:Mux6|mux_3nc:auto_generated|result_node[0]   ; |decode3to8|lpm_mux:Mux6|mux_3nc:auto_generated|result_node[0]   ; out0             ;
; |decode3to8|lpm_mux:Mux6|mux_3nc:auto_generated|w_result36w~1    ; |decode3to8|lpm_mux:Mux6|mux_3nc:auto_generated|w_result36w~1    ; out0             ;
; |decode3to8|lpm_mux:Mux6|mux_3nc:auto_generated|_~6              ; |decode3to8|lpm_mux:Mux6|mux_3nc:auto_generated|_~6              ; out0             ;
; |decode3to8|lpm_mux:Mux6|mux_3nc:auto_generated|w_result37w~0    ; |decode3to8|lpm_mux:Mux6|mux_3nc:auto_generated|w_result37w~0    ; out0             ;
; |decode3to8|lpm_mux:Mux6|mux_3nc:auto_generated|w_result37w~1    ; |decode3to8|lpm_mux:Mux6|mux_3nc:auto_generated|w_result37w~1    ; out0             ;
; |decode3to8|lpm_mux:Mux6|mux_3nc:auto_generated|w_result37w      ; |decode3to8|lpm_mux:Mux6|mux_3nc:auto_generated|w_result37w      ; out0             ;
; |decode3to8|lpm_mux:Mux6|mux_3nc:auto_generated|_~11             ; |decode3to8|lpm_mux:Mux6|mux_3nc:auto_generated|_~11             ; out0             ;
; |decode3to8|lpm_mux:Mux6|mux_3nc:auto_generated|w_result44w~0    ; |decode3to8|lpm_mux:Mux6|mux_3nc:auto_generated|w_result44w~0    ; out0             ;
; |decode3to8|lpm_mux:Mux6|mux_3nc:auto_generated|_~15             ; |decode3to8|lpm_mux:Mux6|mux_3nc:auto_generated|_~15             ; out0             ;
; |decode3to8|lpm_mux:Mux6|mux_3nc:auto_generated|w_result65w~0    ; |decode3to8|lpm_mux:Mux6|mux_3nc:auto_generated|w_result65w~0    ; out0             ;
; |decode3to8|lpm_mux:Mux5|mux_3nc:auto_generated|result_node[0]~0 ; |decode3to8|lpm_mux:Mux5|mux_3nc:auto_generated|result_node[0]~0 ; out0             ;
; |decode3to8|lpm_mux:Mux5|mux_3nc:auto_generated|result_node[0]~1 ; |decode3to8|lpm_mux:Mux5|mux_3nc:auto_generated|result_node[0]~1 ; out0             ;
; |decode3to8|lpm_mux:Mux5|mux_3nc:auto_generated|result_node[0]   ; |decode3to8|lpm_mux:Mux5|mux_3nc:auto_generated|result_node[0]   ; out0             ;
; |decode3to8|lpm_mux:Mux5|mux_3nc:auto_generated|_~2              ; |decode3to8|lpm_mux:Mux5|mux_3nc:auto_generated|_~2              ; out0             ;
; |decode3to8|lpm_mux:Mux5|mux_3nc:auto_generated|w_result36w~0    ; |decode3to8|lpm_mux:Mux5|mux_3nc:auto_generated|w_result36w~0    ; out0             ;
; |decode3to8|lpm_mux:Mux5|mux_3nc:auto_generated|w_result36w~1    ; |decode3to8|lpm_mux:Mux5|mux_3nc:auto_generated|w_result36w~1    ; out0             ;
; |decode3to8|lpm_mux:Mux5|mux_3nc:auto_generated|w_result36w      ; |decode3to8|lpm_mux:Mux5|mux_3nc:auto_generated|w_result36w      ; out0             ;
; |decode3to8|lpm_mux:Mux5|mux_3nc:auto_generated|_~6              ; |decode3to8|lpm_mux:Mux5|mux_3nc:auto_generated|_~6              ; out0             ;
; |decode3to8|lpm_mux:Mux5|mux_3nc:auto_generated|w_result37w~0    ; |decode3to8|lpm_mux:Mux5|mux_3nc:auto_generated|w_result37w~0    ; out0             ;
; |decode3to8|lpm_mux:Mux5|mux_3nc:auto_generated|w_result37w~1    ; |decode3to8|lpm_mux:Mux5|mux_3nc:auto_generated|w_result37w~1    ; out0             ;
; |decode3to8|lpm_mux:Mux5|mux_3nc:auto_generated|w_result37w      ; |decode3to8|lpm_mux:Mux5|mux_3nc:auto_generated|w_result37w      ; out0             ;
; |decode3to8|lpm_mux:Mux5|mux_3nc:auto_generated|_~11             ; |decode3to8|lpm_mux:Mux5|mux_3nc:auto_generated|_~11             ; out0             ;
; |decode3to8|lpm_mux:Mux5|mux_3nc:auto_generated|w_result44w~0    ; |decode3to8|lpm_mux:Mux5|mux_3nc:auto_generated|w_result44w~0    ; out0             ;
; |decode3to8|lpm_mux:Mux5|mux_3nc:auto_generated|_~13             ; |decode3to8|lpm_mux:Mux5|mux_3nc:auto_generated|_~13             ; out0             ;
; |decode3to8|lpm_mux:Mux5|mux_3nc:auto_generated|_~15             ; |decode3to8|lpm_mux:Mux5|mux_3nc:auto_generated|_~15             ; out0             ;
; |decode3to8|lpm_mux:Mux5|mux_3nc:auto_generated|w_result65w~0    ; |decode3to8|lpm_mux:Mux5|mux_3nc:auto_generated|w_result65w~0    ; out0             ;
; |decode3to8|lpm_mux:Mux4|mux_3nc:auto_generated|result_node[0]~0 ; |decode3to8|lpm_mux:Mux4|mux_3nc:auto_generated|result_node[0]~0 ; out0             ;
; |decode3to8|lpm_mux:Mux4|mux_3nc:auto_generated|_~2              ; |decode3to8|lpm_mux:Mux4|mux_3nc:auto_generated|_~2              ; out0             ;
; |decode3to8|lpm_mux:Mux4|mux_3nc:auto_generated|w_result36w~0    ; |decode3to8|lpm_mux:Mux4|mux_3nc:auto_generated|w_result36w~0    ; out0             ;
; |decode3to8|lpm_mux:Mux4|mux_3nc:auto_generated|_~5              ; |decode3to8|lpm_mux:Mux4|mux_3nc:auto_generated|_~5              ; out0             ;
; |decode3to8|lpm_mux:Mux4|mux_3nc:auto_generated|_~6              ; |decode3to8|lpm_mux:Mux4|mux_3nc:auto_generated|_~6              ; out0             ;
; |decode3to8|lpm_mux:Mux4|mux_3nc:auto_generated|w_result37w~0    ; |decode3to8|lpm_mux:Mux4|mux_3nc:auto_generated|w_result37w~0    ; out0             ;
; |decode3to8|lpm_mux:Mux4|mux_3nc:auto_generated|w_result37w~1    ; |decode3to8|lpm_mux:Mux4|mux_3nc:auto_generated|w_result37w~1    ; out0             ;
; |decode3to8|lpm_mux:Mux4|mux_3nc:auto_generated|w_result37w      ; |decode3to8|lpm_mux:Mux4|mux_3nc:auto_generated|w_result37w      ; out0             ;
; |decode3to8|lpm_mux:Mux4|mux_3nc:auto_generated|_~11             ; |decode3to8|lpm_mux:Mux4|mux_3nc:auto_generated|_~11             ; out0             ;
; |decode3to8|lpm_mux:Mux4|mux_3nc:auto_generated|w_result44w~0    ; |decode3to8|lpm_mux:Mux4|mux_3nc:auto_generated|w_result44w~0    ; out0             ;
; |decode3to8|lpm_mux:Mux4|mux_3nc:auto_generated|_~15             ; |decode3to8|lpm_mux:Mux4|mux_3nc:auto_generated|_~15             ; out0             ;
; |decode3to8|lpm_mux:Mux4|mux_3nc:auto_generated|w_result65w~0    ; |decode3to8|lpm_mux:Mux4|mux_3nc:auto_generated|w_result65w~0    ; out0             ;
; |decode3to8|lpm_mux:Mux3|mux_3nc:auto_generated|result_node[0]~1 ; |decode3to8|lpm_mux:Mux3|mux_3nc:auto_generated|result_node[0]~1 ; out0             ;
; |decode3to8|lpm_mux:Mux3|mux_3nc:auto_generated|_~2              ; |decode3to8|lpm_mux:Mux3|mux_3nc:auto_generated|_~2              ; out0             ;
; |decode3to8|lpm_mux:Mux3|mux_3nc:auto_generated|w_result36w~0    ; |decode3to8|lpm_mux:Mux3|mux_3nc:auto_generated|w_result36w~0    ; out0             ;
; |decode3to8|lpm_mux:Mux3|mux_3nc:auto_generated|w_result36w~1    ; |decode3to8|lpm_mux:Mux3|mux_3nc:auto_generated|w_result36w~1    ; out0             ;
; |decode3to8|lpm_mux:Mux3|mux_3nc:auto_generated|w_result36w      ; |decode3to8|lpm_mux:Mux3|mux_3nc:auto_generated|w_result36w      ; out0             ;
; |decode3to8|lpm_mux:Mux3|mux_3nc:auto_generated|_~6              ; |decode3to8|lpm_mux:Mux3|mux_3nc:auto_generated|_~6              ; out0             ;
; |decode3to8|lpm_mux:Mux3|mux_3nc:auto_generated|w_result37w~0    ; |decode3to8|lpm_mux:Mux3|mux_3nc:auto_generated|w_result37w~0    ; out0             ;
; |decode3to8|lpm_mux:Mux3|mux_3nc:auto_generated|_~11             ; |decode3to8|lpm_mux:Mux3|mux_3nc:auto_generated|_~11             ; out0             ;
; |decode3to8|lpm_mux:Mux3|mux_3nc:auto_generated|w_result44w~0    ; |decode3to8|lpm_mux:Mux3|mux_3nc:auto_generated|w_result44w~0    ; out0             ;
; |decode3to8|lpm_mux:Mux2|mux_3nc:auto_generated|result_node[0]~1 ; |decode3to8|lpm_mux:Mux2|mux_3nc:auto_generated|result_node[0]~1 ; out0             ;
; |decode3to8|lpm_mux:Mux2|mux_3nc:auto_generated|_~2              ; |decode3to8|lpm_mux:Mux2|mux_3nc:auto_generated|_~2              ; out0             ;
; |decode3to8|lpm_mux:Mux2|mux_3nc:auto_generated|w_result36w~0    ; |decode3to8|lpm_mux:Mux2|mux_3nc:auto_generated|w_result36w~0    ; out0             ;
; |decode3to8|lpm_mux:Mux2|mux_3nc:auto_generated|w_result36w~1    ; |decode3to8|lpm_mux:Mux2|mux_3nc:auto_generated|w_result36w~1    ; out0             ;
; |decode3to8|lpm_mux:Mux2|mux_3nc:auto_generated|w_result36w      ; |decode3to8|lpm_mux:Mux2|mux_3nc:auto_generated|w_result36w      ; out0             ;
; |decode3to8|lpm_mux:Mux2|mux_3nc:auto_generated|w_result37w~1    ; |decode3to8|lpm_mux:Mux2|mux_3nc:auto_generated|w_result37w~1    ; out0             ;
; |decode3to8|lpm_mux:Mux2|mux_3nc:auto_generated|_~11             ; |decode3to8|lpm_mux:Mux2|mux_3nc:auto_generated|_~11             ; out0             ;
; |decode3to8|lpm_mux:Mux2|mux_3nc:auto_generated|w_result44w~0    ; |decode3to8|lpm_mux:Mux2|mux_3nc:auto_generated|w_result44w~0    ; out0             ;
; |decode3to8|lpm_mux:Mux2|mux_3nc:auto_generated|_~15             ; |decode3to8|lpm_mux:Mux2|mux_3nc:auto_generated|_~15             ; out0             ;
; |decode3to8|lpm_mux:Mux2|mux_3nc:auto_generated|w_result65w~0    ; |decode3to8|lpm_mux:Mux2|mux_3nc:auto_generated|w_result65w~0    ; out0             ;
; |decode3to8|lpm_mux:Mux1|mux_3nc:auto_generated|result_node[0]~0 ; |decode3to8|lpm_mux:Mux1|mux_3nc:auto_generated|result_node[0]~0 ; out0             ;
; |decode3to8|lpm_mux:Mux1|mux_3nc:auto_generated|result_node[0]~1 ; |decode3to8|lpm_mux:Mux1|mux_3nc:auto_generated|result_node[0]~1 ; out0             ;
; |decode3to8|lpm_mux:Mux1|mux_3nc:auto_generated|result_node[0]   ; |decode3to8|lpm_mux:Mux1|mux_3nc:auto_generated|result_node[0]   ; out0             ;
; |decode3to8|lpm_mux:Mux1|mux_3nc:auto_generated|_~2              ; |decode3to8|lpm_mux:Mux1|mux_3nc:auto_generated|_~2              ; out0             ;
; |decode3to8|lpm_mux:Mux1|mux_3nc:auto_generated|w_result36w~0    ; |decode3to8|lpm_mux:Mux1|mux_3nc:auto_generated|w_result36w~0    ; out0             ;
; |decode3to8|lpm_mux:Mux1|mux_3nc:auto_generated|w_result36w~1    ; |decode3to8|lpm_mux:Mux1|mux_3nc:auto_generated|w_result36w~1    ; out0             ;
; |decode3to8|lpm_mux:Mux1|mux_3nc:auto_generated|w_result36w      ; |decode3to8|lpm_mux:Mux1|mux_3nc:auto_generated|w_result36w      ; out0             ;
; |decode3to8|lpm_mux:Mux1|mux_3nc:auto_generated|_~6              ; |decode3to8|lpm_mux:Mux1|mux_3nc:auto_generated|_~6              ; out0             ;
; |decode3to8|lpm_mux:Mux1|mux_3nc:auto_generated|w_result37w~0    ; |decode3to8|lpm_mux:Mux1|mux_3nc:auto_generated|w_result37w~0    ; out0             ;
; |decode3to8|lpm_mux:Mux1|mux_3nc:auto_generated|w_result37w~1    ; |decode3to8|lpm_mux:Mux1|mux_3nc:auto_generated|w_result37w~1    ; out0             ;
; |decode3to8|lpm_mux:Mux1|mux_3nc:auto_generated|w_result37w      ; |decode3to8|lpm_mux:Mux1|mux_3nc:auto_generated|w_result37w      ; out0             ;
; |decode3to8|lpm_mux:Mux1|mux_3nc:auto_generated|_~11             ; |decode3to8|lpm_mux:Mux1|mux_3nc:auto_generated|_~11             ; out0             ;
; |decode3to8|lpm_mux:Mux1|mux_3nc:auto_generated|w_result44w~0    ; |decode3to8|lpm_mux:Mux1|mux_3nc:auto_generated|w_result44w~0    ; out0             ;
; |decode3to8|lpm_mux:Mux1|mux_3nc:auto_generated|_~15             ; |decode3to8|lpm_mux:Mux1|mux_3nc:auto_generated|_~15             ; out0             ;
; |decode3to8|lpm_mux:Mux1|mux_3nc:auto_generated|w_result65w~0    ; |decode3to8|lpm_mux:Mux1|mux_3nc:auto_generated|w_result65w~0    ; out0             ;
; |decode3to8|lpm_mux:Mux1|mux_3nc:auto_generated|_~17             ; |decode3to8|lpm_mux:Mux1|mux_3nc:auto_generated|_~17             ; out0             ;
; |decode3to8|lpm_mux:Mux0|mux_3nc:auto_generated|result_node[0]~1 ; |decode3to8|lpm_mux:Mux0|mux_3nc:auto_generated|result_node[0]~1 ; out0             ;
; |decode3to8|lpm_mux:Mux0|mux_3nc:auto_generated|_~2              ; |decode3to8|lpm_mux:Mux0|mux_3nc:auto_generated|_~2              ; out0             ;
; |decode3to8|lpm_mux:Mux0|mux_3nc:auto_generated|w_result36w~0    ; |decode3to8|lpm_mux:Mux0|mux_3nc:auto_generated|w_result36w~0    ; out0             ;
; |decode3to8|lpm_mux:Mux0|mux_3nc:auto_generated|w_result36w~1    ; |decode3to8|lpm_mux:Mux0|mux_3nc:auto_generated|w_result36w~1    ; out0             ;
; |decode3to8|lpm_mux:Mux0|mux_3nc:auto_generated|w_result36w      ; |decode3to8|lpm_mux:Mux0|mux_3nc:auto_generated|w_result36w      ; out0             ;
; |decode3to8|lpm_mux:Mux0|mux_3nc:auto_generated|_~6              ; |decode3to8|lpm_mux:Mux0|mux_3nc:auto_generated|_~6              ; out0             ;
; |decode3to8|lpm_mux:Mux0|mux_3nc:auto_generated|w_result37w~0    ; |decode3to8|lpm_mux:Mux0|mux_3nc:auto_generated|w_result37w~0    ; out0             ;
; |decode3to8|lpm_mux:Mux0|mux_3nc:auto_generated|_~9              ; |decode3to8|lpm_mux:Mux0|mux_3nc:auto_generated|_~9              ; out0             ;
; |decode3to8|lpm_mux:Mux0|mux_3nc:auto_generated|_~11             ; |decode3to8|lpm_mux:Mux0|mux_3nc:auto_generated|_~11             ; out0             ;
; |decode3to8|lpm_mux:Mux0|mux_3nc:auto_generated|w_result44w~0    ; |decode3to8|lpm_mux:Mux0|mux_3nc:auto_generated|w_result44w~0    ; out0             ;
; |decode3to8|lpm_mux:Mux0|mux_3nc:auto_generated|_~15             ; |decode3to8|lpm_mux:Mux0|mux_3nc:auto_generated|_~15             ; out0             ;
; |decode3to8|lpm_mux:Mux0|mux_3nc:auto_generated|w_result65w~0    ; |decode3to8|lpm_mux:Mux0|mux_3nc:auto_generated|w_result65w~0    ; out0             ;
+------------------------------------------------------------------+------------------------------------------------------------------+------------------+


+---------------------+
; Simulator INI Usage ;
+--------+------------+
; Option ; Usage      ;
+--------+------------+


+--------------------+
; Simulator Messages ;
+--------------------+
Info: *******************************************************************
Info: Running Quartus II Simulator
    Info: Version 7.2 Build 207 03/18/2008 Service Pack 3 SJ Full Version
    Info: Processing started: Thu May 09 13:10:59 2019
Info: Command: quartus_sim --read_settings_files=on --write_settings_files=off decode3to8 -c decode3to8
Info: Using vector source file "C:/Users/p3130141/Desktop/NEW/decode3to8/decode3to8.vwf"
Info: Option to preserve fewer signal transitions to reduce memory requirements is enabled
    Info: Simulation has been partitioned into sub-simulations according to the maximum transition count determined by the engine. Transitions from memory will be flushed out to disk at the end of each sub-simulation to reduce memory requirements.
Info: Simulation partitioned into 1 sub-simulations
Info: Simulation coverage is      62.92 %
Info: Number of transitions in simulation is 10304
Info: Quartus II Simulator was successful. 0 errors, 0 warnings
    Info: Allocated 169 megabytes of memory during processing
    Info: Processing ended: Thu May 09 13:11:36 2019
    Info: Elapsed time: 00:00:37


