Classic Timing Analyzer report for ALUcontrol
Thu May 09 14:49:02 2019
Quartus II 64-Bit Version 7.2 Build 207 03/18/2008 Service Pack 3 SJ Full Version


---------------------
; Table of Contents ;
---------------------
  1. Legal Notice
  2. Timing Analyzer Summary
  3. Timing Analyzer Settings
  4. tpd
  5. Timing Analyzer Messages



----------------
; Legal Notice ;
----------------
Copyright (C) 1991-2007 Altera Corporation
Your use of Altera Corporation's design tools, logic functions 
and other software and tools, and its AMPP partner logic 
functions, and any output files from any of the foregoing 
(including device programming or simulation files), and any 
associated documentation or information are expressly subject 
to the terms and conditions of the Altera Program License 
Subscription Agreement, Altera MegaCore Function License 
Agreement, or other applicable license agreement, including, 
without limitation, that your use is for the sole purpose of 
programming logic devices manufactured by Altera and sold by 
Altera or its authorized distributors.  Please refer to the 
applicable agreement for further details.



+-----------------------------------------------------------------------------------------------------------------------------------+
; Timing Analyzer Summary                                                                                                           ;
+------------------------------+-------+---------------+-------------+-----------+-----------+------------+----------+--------------+
; Type                         ; Slack ; Required Time ; Actual Time ; From      ; To        ; From Clock ; To Clock ; Failed Paths ;
+------------------------------+-------+---------------+-------------+-----------+-----------+------------+----------+--------------+
; Worst-case tpd               ; N/A   ; None          ; 10.318 ns   ; opCode[2] ; output[0] ; --         ; --       ; 0            ;
; Total number of failed paths ;       ;               ;             ;           ;           ;            ;          ; 0            ;
+------------------------------+-------+---------------+-------------+-----------+-----------+------------+----------+--------------+


+---------------------------------------------------------------------------------------------------------------+
; Timing Analyzer Settings                                                                                      ;
+----------------------------------------------------------------+--------------------+------+----+-------------+
; Option                                                         ; Setting            ; From ; To ; Entity Name ;
+----------------------------------------------------------------+--------------------+------+----+-------------+
; Device Name                                                    ; EP2C35F672C6       ;      ;    ;             ;
; Timing Models                                                  ; Final              ;      ;    ;             ;
; Default hold multicycle                                        ; Same as Multicycle ;      ;    ;             ;
; Cut paths between unrelated clock domains                      ; On                 ;      ;    ;             ;
; Cut off read during write signal paths                         ; On                 ;      ;    ;             ;
; Cut off feedback from I/O pins                                 ; On                 ;      ;    ;             ;
; Report Combined Fast/Slow Timing                               ; Off                ;      ;    ;             ;
; Ignore Clock Settings                                          ; Off                ;      ;    ;             ;
; Analyze latches as synchronous elements                        ; On                 ;      ;    ;             ;
; Enable Recovery/Removal analysis                               ; Off                ;      ;    ;             ;
; Enable Clock Latency                                           ; Off                ;      ;    ;             ;
; Use TimeQuest Timing Analyzer                                  ; Off                ;      ;    ;             ;
; Number of source nodes to report per destination node          ; 10                 ;      ;    ;             ;
; Number of destination nodes to report                          ; 10                 ;      ;    ;             ;
; Number of paths to report                                      ; 200                ;      ;    ;             ;
; Report Minimum Timing Checks                                   ; Off                ;      ;    ;             ;
; Use Fast Timing Models                                         ; Off                ;      ;    ;             ;
; Report IO Paths Separately                                     ; Off                ;      ;    ;             ;
; Perform Multicorner Analysis                                   ; On                 ;      ;    ;             ;
; Reports the worst-case path for each clock domain and analysis ; Off                ;      ;    ;             ;
+----------------------------------------------------------------+--------------------+------+----+-------------+


+---------------------------------------------------------------------+
; tpd                                                                 ;
+-------+-------------------+-----------------+-----------+-----------+
; Slack ; Required P2P Time ; Actual P2P Time ; From      ; To        ;
+-------+-------------------+-----------------+-----------+-----------+
; N/A   ; None              ; 10.318 ns       ; opCode[2] ; output[0] ;
; N/A   ; None              ; 9.761 ns        ; opCode[2] ; output[1] ;
; N/A   ; None              ; 9.751 ns        ; opCode[2] ; output[2] ;
; N/A   ; None              ; 9.692 ns        ; func[0]   ; output[0] ;
; N/A   ; None              ; 9.481 ns        ; opCode[1] ; output[0] ;
; N/A   ; None              ; 9.465 ns        ; func[2]   ; output[2] ;
; N/A   ; None              ; 9.456 ns        ; func[1]   ; output[1] ;
; N/A   ; None              ; 9.274 ns        ; opCode[1] ; output[2] ;
; N/A   ; None              ; 9.252 ns        ; opCode[1] ; output[1] ;
; N/A   ; None              ; 5.995 ns        ; opCode[3] ; output[0] ;
; N/A   ; None              ; 5.915 ns        ; opCode[0] ; output[1] ;
; N/A   ; None              ; 5.906 ns        ; opCode[0] ; output[2] ;
; N/A   ; None              ; 5.851 ns        ; opCode[0] ; output[0] ;
; N/A   ; None              ; 5.799 ns        ; opCode[3] ; output[1] ;
; N/A   ; None              ; 5.790 ns        ; opCode[3] ; output[2] ;
; N/A   ; None              ; 4.763 ns        ; opCode[3] ; output[3] ;
+-------+-------------------+-----------------+-----------+-----------+


+--------------------------+
; Timing Analyzer Messages ;
+--------------------------+
Info: *******************************************************************
Info: Running Quartus II 64-Bit Classic Timing Analyzer
    Info: Version 7.2 Build 207 03/18/2008 Service Pack 3 SJ Full Version
    Info: Processing started: Thu May 09 14:48:46 2019
Info: Command: quartus_tan --read_settings_files=off --write_settings_files=off ALUcontrol -c ALUcontrol --timing_analysis_only
Info: Longest tpd from source pin "opCode[2]" to destination pin "output[0]" is 10.318 ns
    Info: 1: + IC(0.000 ns) + CELL(0.840 ns) = 0.840 ns; Loc. = PIN_E12; Fanout = 3; PIN Node = 'opCode[2]'
    Info: 2: + IC(5.088 ns) + CELL(0.398 ns) = 6.326 ns; Loc. = LCCOMB_X28_Y35_N22; Fanout = 1; COMB Node = 'Mux3~41'
    Info: 3: + IC(0.249 ns) + CELL(0.150 ns) = 6.725 ns; Loc. = LCCOMB_X28_Y35_N0; Fanout = 1; COMB Node = 'Mux3~42'
    Info: 4: + IC(0.815 ns) + CELL(2.778 ns) = 10.318 ns; Loc. = PIN_J14; Fanout = 0; PIN Node = 'output[0]'
    Info: Total cell delay = 4.166 ns ( 40.38 % )
    Info: Total interconnect delay = 6.152 ns ( 59.62 % )
Info: Quartus II 64-Bit Classic Timing Analyzer was successful. 0 errors, 0 warnings
    Info: Allocated 4372 megabytes of memory during processing
    Info: Processing ended: Thu May 09 14:49:02 2019
    Info: Elapsed time: 00:00:16


