Classic Timing Analyzer report for sign_extender
Thu May 09 14:17:41 2019
Quartus II 64-Bit Version 7.2 Build 207 03/18/2008 Service Pack 3 SJ Full Version


---------------------
; Table of Contents ;
---------------------
  1. Legal Notice
  2. Timing Analyzer Summary
  3. Timing Analyzer Settings
  4. tpd
  5. Timing Analyzer Messages



----------------
; Legal Notice ;
----------------
Copyright (C) 1991-2007 Altera Corporation
Your use of Altera Corporation's design tools, logic functions 
and other software and tools, and its AMPP partner logic 
functions, and any output files from any of the foregoing 
(including device programming or simulation files), and any 
associated documentation or information are expressly subject 
to the terms and conditions of the Altera Program License 
Subscription Agreement, Altera MegaCore Function License 
Agreement, or other applicable license agreement, including, 
without limitation, that your use is for the sole purpose of 
programming logic devices manufactured by Altera and sold by 
Altera or its authorized distributors.  Please refer to the 
applicable agreement for further details.



+----------------------------------------------------------------------------------------------------------------------------------------+
; Timing Analyzer Summary                                                                                                                ;
+------------------------------+-------+---------------+-------------+--------------+-------------+------------+----------+--------------+
; Type                         ; Slack ; Required Time ; Actual Time ; From         ; To          ; From Clock ; To Clock ; Failed Paths ;
+------------------------------+-------+---------------+-------------+--------------+-------------+------------+----------+--------------+
; Worst-case tpd               ; N/A   ; None          ; 9.193 ns    ; immediate[5] ; extended[6] ; --         ; --       ; 0            ;
; Total number of failed paths ;       ;               ;             ;              ;             ;            ;          ; 0            ;
+------------------------------+-------+---------------+-------------+--------------+-------------+------------+----------+--------------+


+---------------------------------------------------------------------------------------------------------------+
; Timing Analyzer Settings                                                                                      ;
+----------------------------------------------------------------+--------------------+------+----+-------------+
; Option                                                         ; Setting            ; From ; To ; Entity Name ;
+----------------------------------------------------------------+--------------------+------+----+-------------+
; Device Name                                                    ; EP2C35F672C6       ;      ;    ;             ;
; Timing Models                                                  ; Final              ;      ;    ;             ;
; Default hold multicycle                                        ; Same as Multicycle ;      ;    ;             ;
; Cut paths between unrelated clock domains                      ; On                 ;      ;    ;             ;
; Cut off read during write signal paths                         ; On                 ;      ;    ;             ;
; Cut off feedback from I/O pins                                 ; On                 ;      ;    ;             ;
; Report Combined Fast/Slow Timing                               ; Off                ;      ;    ;             ;
; Ignore Clock Settings                                          ; Off                ;      ;    ;             ;
; Analyze latches as synchronous elements                        ; On                 ;      ;    ;             ;
; Enable Recovery/Removal analysis                               ; Off                ;      ;    ;             ;
; Enable Clock Latency                                           ; Off                ;      ;    ;             ;
; Use TimeQuest Timing Analyzer                                  ; Off                ;      ;    ;             ;
; Number of source nodes to report per destination node          ; 10                 ;      ;    ;             ;
; Number of destination nodes to report                          ; 10                 ;      ;    ;             ;
; Number of paths to report                                      ; 200                ;      ;    ;             ;
; Report Minimum Timing Checks                                   ; Off                ;      ;    ;             ;
; Use Fast Timing Models                                         ; Off                ;      ;    ;             ;
; Report IO Paths Separately                                     ; Off                ;      ;    ;             ;
; Perform Multicorner Analysis                                   ; On                 ;      ;    ;             ;
; Reports the worst-case path for each clock domain and analysis ; Off                ;      ;    ;             ;
+----------------------------------------------------------------+--------------------+------+----+-------------+


+---------------------------------------------------------------------------+
; tpd                                                                       ;
+-------+-------------------+-----------------+--------------+--------------+
; Slack ; Required P2P Time ; Actual P2P Time ; From         ; To           ;
+-------+-------------------+-----------------+--------------+--------------+
; N/A   ; None              ; 9.193 ns        ; immediate[5] ; extended[7]  ;
; N/A   ; None              ; 9.193 ns        ; immediate[5] ; extended[6]  ;
; N/A   ; None              ; 9.179 ns        ; immediate[5] ; extended[8]  ;
; N/A   ; None              ; 8.965 ns        ; immediate[5] ; extended[14] ;
; N/A   ; None              ; 8.965 ns        ; immediate[5] ; extended[12] ;
; N/A   ; None              ; 8.965 ns        ; immediate[5] ; extended[11] ;
; N/A   ; None              ; 8.965 ns        ; immediate[5] ; extended[10] ;
; N/A   ; None              ; 8.940 ns        ; immediate[5] ; extended[9]  ;
; N/A   ; None              ; 8.940 ns        ; immediate[5] ; extended[5]  ;
; N/A   ; None              ; 8.906 ns        ; immediate[2] ; extended[2]  ;
; N/A   ; None              ; 8.900 ns        ; immediate[5] ; extended[15] ;
; N/A   ; None              ; 8.900 ns        ; immediate[5] ; extended[13] ;
; N/A   ; None              ; 8.835 ns        ; immediate[4] ; extended[4]  ;
; N/A   ; None              ; 8.807 ns        ; immediate[3] ; extended[3]  ;
; N/A   ; None              ; 4.848 ns        ; immediate[1] ; extended[1]  ;
; N/A   ; None              ; 4.791 ns        ; immediate[0] ; extended[0]  ;
+-------+-------------------+-----------------+--------------+--------------+


+--------------------------+
; Timing Analyzer Messages ;
+--------------------------+
Info: *******************************************************************
Info: Running Quartus II 64-Bit Classic Timing Analyzer
    Info: Version 7.2 Build 207 03/18/2008 Service Pack 3 SJ Full Version
    Info: Processing started: Thu May 09 14:17:25 2019
Info: Command: quartus_tan --read_settings_files=off --write_settings_files=off sign_extender -c sign_extender --timing_analysis_only
Info: Longest tpd from source pin "immediate[5]" to destination pin "extended[7]" is 9.193 ns
    Info: 1: + IC(0.000 ns) + CELL(0.840 ns) = 0.840 ns; Loc. = PIN_D19; Fanout = 11; PIN Node = 'immediate[5]'
    Info: 2: + IC(5.555 ns) + CELL(2.798 ns) = 9.193 ns; Loc. = PIN_A18; Fanout = 0; PIN Node = 'extended[7]'
    Info: Total cell delay = 3.638 ns ( 39.57 % )
    Info: Total interconnect delay = 5.555 ns ( 60.43 % )
Info: Quartus II 64-Bit Classic Timing Analyzer was successful. 0 errors, 0 warnings
    Info: Allocated 4372 megabytes of memory during processing
    Info: Processing ended: Thu May 09 14:17:41 2019
    Info: Elapsed time: 00:00:16


